Created EventGeo Point Old School R&B Brunch Live - New York: &{1 -1.1 -1.1 Webster Hall 125 East 11th Street New York, NY 10003Show map 0} at 2024-12-09 16:20:03.442857591 -0500 EST m=+30.040890122 
Created EventGeo Point "Defying Gravity" | One-Day Choir: &{2 -1.1 -1.1 MADE Bush Terminal 13 42nd Street Brooklyn, NY 11232Show map 0} at 2024-12-09 16:20:10.537956312 -0500 EST m=+37.135988833 
Created EventGeo Point MONO, June McDoom: &{3 -1.1 -1.1 Pioneer Works 159 Pioneer Street Brooklyn, NY 11231Show map 0} at 2024-12-09 16:20:10.860772223 -0500 EST m=+37.458804741 
Created EventGeo Point SOLD OUT: ML Buch, Los Thuthanaka, FAUZIA: &{4 -1.1 -1.1 Pioneer Works 159 Pioneer Street Brooklyn, NY 11231Show map 0} at 2024-12-09 16:20:19.888660844 -0500 EST m=+46.486693354 
Created EventGeo Point NEW YEARS EVE 2025 @230 Fifth Rooftop: &{5 -1.1 -1.1 1150 Broadway 1150 Broadway New York, NY 10010Show map 0} at 2024-12-09 16:20:20.352724256 -0500 EST m=+46.950756775 
Created EventGeo Point SantaCon 2024 : NYC  ✦OFFICIAL✦  New York City: &{6 -1.1 -1.1 New York City midtown New York City, NY 10018Show map 0} at 2024-12-09 20:02:29.541767996 -0500 EST m=+2.680488761 
Created EventGeo Point Capella Grey host Caribbean vs R&B @  Taj: &{7 -1.1 -1.1 Taj II Lounge and Event Space 48 West 21st Street New York, NY 10010Show map 0} at 2024-12-09 20:02:29.638159075 -0500 EST m=+2.776879850 
Created EventGeo Point MONO, June McDoom: &{8 -1.1 -1.1 Pioneer Works 159 Pioneer Street Brooklyn, NY 11231Show map 0} at 2024-12-09 20:02:29.668127741 -0500 EST m=+2.806848520 
Created EventGeo Point Dance Beyond Presents: Snow Raven: &{9 -1.1 -1.1 Judson Memorial Church 55 Washington Square South New York, NY 10012Show map 0} at 2024-12-09 20:02:29.693470533 -0500 EST m=+2.832191298 
Created EventGeo Point Glow Party New Years Eve Weekend at Taj: Free entry with rsvp: &{10 -1.1 -1.1 Taj II Lounge and Event Space 48 West 21st Street New York, NY 10010Show map 0} at 2024-12-09 20:02:29.737947729 -0500 EST m=+2.876668505 
Created EventGeo Point "Defying Gravity" | One-Day Choir: &{11 -1.1 -1.1 MADE Bush Terminal 13 42nd Street Brooklyn, NY 11232Show map 0} at 2024-12-09 20:02:29.812106679 -0500 EST m=+2.950827443 
Created EventGeo Point Party  At  Soho #1 Event Everyone Free at  Katra Nyc: &{12 -1.1 -1.1 Katra Lounge 217 Bowery New York, NY 10002Show map 0} at 2024-12-09 20:02:29.889449313 -0500 EST m=+3.028170088 
Created EventGeo Point Old School R&B Brunch Live - New York: &{13 -1.1 -1.1 Webster Hall 125 East 11th Street New York, NY 10003Show map 0} at 2024-12-09 20:02:29.941330026 -0500 EST m=+3.080050791 
Created EventGeo Point FREE Drinks + Entry Certified Saturdays at Katra Lounge: &{14 -1.1 -1.1 Katra Lounge 217 Bowery Manhattan, NY 10002Show map 0} at 2024-12-09 20:02:29.957429577 -0500 EST m=+3.096150344 
Created EventGeo Point NEW YEARS EVE 5 HOURS PREMIUM OPEN BAR AT KATRA NYC: &{15 -1.1 -1.1 Katra Lounge & Event Space 217 Bowery New York, NY 10002Show map 0} at 2024-12-09 20:02:30.134545938 -0500 EST m=+3.273266722 
Created EventGeo Point Club Matinee: Holiday: &{16 -1.1 -1.1 The Club by Mr. Purple 171 Ludlow St New York, NY 10002Show map 0} at 2024-12-09 20:02:30.735060978 -0500 EST m=+3.873781761 
Created EventGeo Point K-EDM Party w/ Los Anngeles & DON6: &{17 -1.1 -1.1 SOB's 204 Varick Street New York, NY 10014Show map 0} at 2024-12-09 20:02:30.855011378 -0500 EST m=+3.993732149 
Created EventGeo Point New York Trading, Finance And Banking - Professional Networking Affair: &{18 -1.1 -1.1 Dawson 39 Restaurant & Bar 54 West 39th Street New York, NY 10018Show map 0} at 2024-12-09 20:02:30.875275487 -0500 EST m=+4.013996256 
Created EventGeo Point Holiday Special - NY Real Estate Entrepreneur Mixer -  December: &{19 -1.1 -1.1 550 Vanderbilt Ave 550 Vanderbilt Avenue Brooklyn, NY 11238Show map 0} at 2024-12-09 20:02:30.906381337 -0500 EST m=+4.045102112 
Created EventGeo Point SOLD OUT: ML Buch, Los Thuthanaka, FAUZIA: &{20 -1.1 -1.1 Pioneer Works 159 Pioneer Street Brooklyn, NY 11231Show map 0} at 2024-12-09 20:02:30.91412197 -0500 EST m=+4.052842745 
Created EventGeo Point Flag Fest Hip Hop vs Caribbean @  Taj: &{21 -1.1 -1.1 Taj II Lounge and Event Space 48 West 21st Street New York, NY 10010Show map 0} at 2024-12-09 20:02:30.975264062 -0500 EST m=+4.113984834 
Created EventGeo Point Community Day: Winter Wonderland: &{22 -1.1 -1.1 The Newark Museum of Art 49 Washington Street Newark, NJ 07102Show map 0} at 2024-12-09 20:02:31.004672233 -0500 EST m=+4.143393025 
Created EventGeo Point 112th Gala w/ Steve Bannon, Nigel Farage, Dan Scavino & Corey Lewandowski: &{23 -1.1 -1.1 Cipriani Wall Street 55 Wall Street #a New York, NY 10005Show map 0} at 2024-12-09 20:02:31.012956301 -0500 EST m=+4.151677087 
Created EventGeo Point NEW YEARS EVE 2025 @230 Fifth Rooftop: &{24 -1.1 -1.1 1150 Broadway 1150 Broadway New York, NY 10010Show map 0} at 2024-12-09 20:02:31.100067654 -0500 EST m=+4.238788436 
Created EventGeo Point INSPI(RED)^3: Crimson LuXe: &{25 -1.1 -1.1 Musica Club NYC 637 West 50th Street New York, NY 10019Show map 0} at 2024-12-09 20:02:31.319782135 -0500 EST m=+4.458502914 
Created EventGeo Point SOUNDS OF ISTANBUL KADIN KOROSU KONSERI: &{26 -1.1 -1.1 Rosen Performing Arts Center 1 Pike Dr Wayne, NJ 07470Show map 0} at 2024-12-09 20:02:31.970965636 -0500 EST m=+5.109686412 
Created EventGeo Point Brunch is a Drag at The Craftsman - Holiday Drag Brunch: &{27 -1.1 -1.1 The Craftsman Nj 1609 Maple Avenue Fair Lawn, NJ 07410Show map 0} at 2024-12-09 20:02:32.118926006 -0500 EST m=+5.257646783 
Created EventGeo Point Encore Chorales of New York City (East and West) - 12/15 Concert: &{28 -1.1 -1.1 St. Paul & St. Andrew United Methodist Church 263 West 86th Street New York, NY 10024Show map 0} at 2024-12-09 20:02:32.160668219 -0500 EST m=+5.299388986 
Created EventGeo Point Too Pretty for an Ugly Sweater Bowling Party & Toy Drive: &{29 -1.1 -1.1 Bowlero Belleville 679 Washington Avenue Belleville Township, NJ 07109Show map 0} at 2024-12-09 20:02:32.173543387 -0500 EST m=+5.312264153 
Created EventGeo Point From Paris to Mexico: The Musical Bond of Debussy and Grever: &{30 -1.1 -1.1 Aaron Davis Hall, Marian Anderson Theater, The City College of New York 129 Convent Ave New York, NY 10027Show map 0} at 2024-12-09 20:02:32.20704387 -0500 EST m=+5.345764635 
Created EventGeo Point Holiday Caroling at The Forum: &{31 -1.1 -1.1 The Forum at Columbia 605 W 125th St. New York, NY 10027Show map 0} at 2024-12-09 20:02:32.255148797 -0500 EST m=+5.393869574 
Created EventGeo Point DOWN DEH - JINGLE FETE: &{32 -1.1 -1.1 HUSH BELOW 1034 MCCARTER HWY NEWARK, 07102Show map 0} at 2024-12-09 20:02:32.437028805 -0500 EST m=+5.575749585 
Created EventGeo Point Ugly Sweater Day Party: &{33 -1.1 -1.1 Native Harlem Restaurant & Lounge 2319 Frederick Douglass Blvd New York, NY 10027Show map 0} at 2024-12-09 20:02:32.53093261 -0500 EST m=+5.669653387 
Created EventGeo Point NHTG 60th Anniversary Gala:  A Legacy of Love, Creativity & Activism: &{34 -1.1 -1.1 Aaron Davis Hall 115 Convent Avenue New York, NY 10027Show map 0} at 2024-12-09 20:02:32.570678825 -0500 EST m=+5.709399597 
Created EventGeo Point HBCU Greatness Holiday Gala Sneaker Ball: &{35 -1.1 -1.1 Montclair Art Museum 3 South Mountain Avenue Montclair, NJ 07042Show map 0} at 2024-12-09 20:02:32.686644341 -0500 EST m=+5.825365105 
Created EventGeo Point PERREOLAND | NYC Winter Wonderland Edition: &{36 -1.1 -1.1 HK Hall 605 West 48th Street New York, NY 10036Show map 0} at 2024-12-09 20:02:33.224330785 -0500 EST m=+6.363051574 
Created EventGeo Point A Celtic Christmas by A Taste of Ireland: &{37 -1.1 -1.1 Jo Ann Magistro Performing Arts Center. 200 Rues Lane East Brunswick, NJ 08816Show map 0} at 2024-12-09 20:02:33.379129579 -0500 EST m=+6.517850352 
Created EventGeo Point Rudra Gala Winterfest 2024: &{38 -1.1 -1.1 Royal Albert Palace , Big Ball Room 1050 King Georges Post Rd Fords, NJ 08863Show map 0} at 2024-12-09 20:02:33.473694415 -0500 EST m=+6.612415204 
Created EventGeo Point LYNETTE WASHINGTON, L'ARTISTE: &{39 -1.1 -1.1 THE CHAPEL AT THE INTERCHURCH CENTER Enter @ 475 Riverside Drive (construction underway on  the 61Claremont Ave entrance) BETWEEN 119TH & 120TH ST New York, NY 10027Show map 0} at 2024-12-09 20:02:33.57479558 -0500 EST m=+6.713516377 
Created EventGeo Point Expo Quinceanera 2024: &{40 -1.1 -1.1 SPACE 491 South Dean Street Englewood, NJ 07631Show map 0} at 2024-12-09 20:02:33.587828963 -0500 EST m=+6.726549741 
Created EventGeo Point Ben Nichols w/ Jared Hart: &{41 -1.1 -1.1 Crossroads 78 North ave Garwood, NJ 07027Show map 0} at 2024-12-09 20:02:33.640691709 -0500 EST m=+6.779412474 
Created EventGeo Point fliXfest Film Festival: &{42 -1.1 -1.1 Teaneck Cinemas 503 Cedar Lane Teaneck, NJ 07666Show map 0} at 2024-12-09 20:02:33.6521368 -0500 EST m=+6.790857573 
Created EventGeo Point Prolific 7v7 Try Outs: &{43 -1.1 -1.1 300 Memorial Dr 300 Memorial Drive Franklin Township, NJ 08873Show map 0} at 2024-12-09 20:02:33.798469168 -0500 EST m=+6.937189948 
Created EventGeo Point 2024 Gingerbread House Decorating Celebration: &{44 -1.1 -1.1 Plainfield High School 950 Park Avenue Plainfield, NJ 07060Show map 0} at 2024-12-09 20:02:33.929216047 -0500 EST m=+7.067936823 
Created EventGeo Point Bronze Shields/Bronze Heat Holiday Party: &{45 -1.1 -1.1 Brownstone House 351 W Broadway, Paterson New Jersey 351 West Broadway Paterson, NJ 07522Show map 0} at 2024-12-09 20:02:34.044821708 -0500 EST m=+7.183542475 
Created EventGeo Point Holiday Caroling at The Forum: &{46 -1.1 -1.1 The Forum at Columbia 605 W 125th St. New York, NY 10027Show map 0} at 2024-12-09 20:03:14.202793411 -0500 EST m=+2.008688292 
Created EventGeo Point From Paris to Mexico: The Musical Bond of Debussy and Grever: &{47 -1.1 -1.1 Aaron Davis Hall, Marian Anderson Theater, The City College of New York 129 Convent Ave New York, NY 10027Show map 0} at 2024-12-09 20:03:14.745878309 -0500 EST m=+2.551773189 
Created EventGeo Point Too Pretty for an Ugly Sweater Bowling Party & Toy Drive: &{48 -1.1 -1.1 Bowlero Belleville 679 Washington Avenue Belleville Township, NJ 07109Show map 0} at 2024-12-09 20:03:14.758125305 -0500 EST m=+2.564020208 
Created EventGeo Point Community Day: Winter Wonderland: &{49 -1.1 -1.1 The Newark Museum of Art 49 Washington Street Newark, NJ 07102Show map 0} at 2024-12-09 20:03:14.805865472 -0500 EST m=+2.611760368 
Created EventGeo Point Brunch is a Drag at The Craftsman - Holiday Drag Brunch: &{50 -1.1 -1.1 The Craftsman Nj 1609 Maple Avenue Fair Lawn, NJ 07410Show map 0} at 2024-12-09 20:03:14.870775259 -0500 EST m=+2.676670140 
Created EventGeo Point INSPI(RED)^3: Crimson LuXe: &{51 -1.1 -1.1 Musica Club NYC 637 West 50th Street New York, NY 10019Show map 0} at 2024-12-09 20:03:14.896630898 -0500 EST m=+2.702525795 
Created EventGeo Point DOWN DEH - JINGLE FETE: &{52 -1.1 -1.1 HUSH BELOW 1034 MCCARTER HWY NEWARK, 07102Show map 0} at 2024-12-09 20:03:14.905708102 -0500 EST m=+2.711603002 
Created EventGeo Point SantaCon 2024 : NYC  ✦OFFICIAL✦  New York City: &{53 -1.1 -1.1 New York City midtown New York City, NY 10018Show map 0} at 2024-12-09 20:03:14.997395516 -0500 EST m=+2.803290411 
Created EventGeo Point fliXfest Film Festival: &{54 -1.1 -1.1 Teaneck Cinemas 503 Cedar Lane Teaneck, NJ 07666Show map 0} at 2024-12-09 20:03:15.030110369 -0500 EST m=+2.836005266 
Created EventGeo Point Encore Chorales of New York City (East and West) - 12/15 Concert: &{55 -1.1 -1.1 St. Paul & St. Andrew United Methodist Church 263 West 86th Street New York, NY 10024Show map 0} at 2024-12-09 20:03:15.047158542 -0500 EST m=+2.853053439 
Created EventGeo Point NHTG 60th Anniversary Gala:  A Legacy of Love, Creativity & Activism: &{56 -1.1 -1.1 Aaron Davis Hall 115 Convent Avenue New York, NY 10027Show map 0} at 2024-12-09 20:03:15.055869864 -0500 EST m=+2.861764763 
Created EventGeo Point Ugly Sweater Day Party: &{57 -1.1 -1.1 Native Harlem Restaurant & Lounge 2319 Frederick Douglass Blvd New York, NY 10027Show map 0} at 2024-12-09 20:03:15.062768914 -0500 EST m=+2.868663806 
Created EventGeo Point A Celtic Christmas by A Taste of Ireland: &{58 -1.1 -1.1 Jo Ann Magistro Performing Arts Center. 200 Rues Lane East Brunswick, NJ 08816Show map 0} at 2024-12-09 20:03:15.204605313 -0500 EST m=+3.010500200 
Created EventGeo Point SOUNDS OF ISTANBUL KADIN KOROSU KONSERI: &{59 -1.1 -1.1 Rosen Performing Arts Center 1 Pike Dr Wayne, NJ 07470Show map 0} at 2024-12-09 20:03:15.353103944 -0500 EST m=+3.158998836 
Created EventGeo Point 2024 Gingerbread House Decorating Celebration: &{60 -1.1 -1.1 Plainfield High School 950 Park Avenue Plainfield, NJ 07060Show map 0} at 2024-12-09 20:03:15.525368387 -0500 EST m=+3.331263278 
Created EventGeo Point FREE Drinks + Entry Certified Saturdays at Katra Lounge: &{61 -1.1 -1.1 Katra Lounge 217 Bowery Manhattan, NY 10002Show map 0} at 2024-12-09 20:03:15.545319153 -0500 EST m=+3.351214050 
Created EventGeo Point Bronze Shields/Bronze Heat Holiday Party: &{62 -1.1 -1.1 Brownstone House 351 W Broadway, Paterson New Jersey 351 West Broadway Paterson, NJ 07522Show map 0} at 2024-12-09 20:03:15.717950735 -0500 EST m=+3.523845614 
Created EventGeo Point Rave Jr: &{63 -1.1 -1.1 Paradise Island 225 Ellis Street Staten Island, NY 10307Show map 0} at 2024-12-09 20:03:15.769129109 -0500 EST m=+3.575023996 
Created EventGeo Point Party  At  Soho #1 Event Everyone Free at  Katra Nyc: &{64 -1.1 -1.1 Katra Lounge 217 Bowery New York, NY 10002Show map 0} at 2024-12-09 20:03:15.786303416 -0500 EST m=+3.592198298 
Created EventGeo Point Rudra Gala Winterfest 2024: &{65 -1.1 -1.1 Royal Albert Palace , Big Ball Room 1050 King Georges Post Rd Fords, NJ 08863Show map 0} at 2024-12-09 20:03:15.804800689 -0500 EST m=+3.610695572 
Created EventGeo Point LYNETTE WASHINGTON, L'ARTISTE: &{66 -1.1 -1.1 THE CHAPEL AT THE INTERCHURCH CENTER Enter @ 475 Riverside Drive (construction underway on  the 61Claremont Ave entrance) BETWEEN 119TH & 120TH ST New York, NY 10027Show map 0} at 2024-12-09 20:03:15.812397529 -0500 EST m=+3.618292421 
Created EventGeo Point PERREOLAND | NYC Winter Wonderland Edition: &{67 -1.1 -1.1 HK Hall 605 West 48th Street New York, NY 10036Show map 0} at 2024-12-09 20:03:15.822675356 -0500 EST m=+3.628570245 
Created EventGeo Point Expo Quinceanera 2024: &{68 -1.1 -1.1 SPACE 491 South Dean Street Englewood, NJ 07631Show map 0} at 2024-12-09 20:03:16.009704304 -0500 EST m=+3.815599183 
Created EventGeo Point HBCU Greatness Holiday Gala Sneaker Ball: &{69 -1.1 -1.1 Montclair Art Museum 3 South Mountain Avenue Montclair, NJ 07042Show map 0} at 2024-12-09 20:03:16.083923124 -0500 EST m=+3.889818003 
Created EventGeo Point Ben Nichols w/ Jared Hart: &{70 -1.1 -1.1 Crossroads 78 North ave Garwood, NJ 07027Show map 0} at 2024-12-09 20:03:16.117658662 -0500 EST m=+3.923553552 
Created EventGeo Point ACRP-NJ Chapter Holiday Party: &{71 -1.1 -1.1 Maggiano's Little Italy 600 Commons Way #Bldg. E Bridgewater, NJ 08807Show map 0} at 2024-12-09 20:03:16.237941354 -0500 EST m=+4.043836238 
Created EventGeo Point Prolific 7v7 Try Outs: &{72 -1.1 -1.1 300 Memorial Dr 300 Memorial Drive Franklin Township, NJ 08873Show map 0} at 2024-12-09 20:03:16.336765757 -0500 EST m=+4.142660645 
Created EventGeo Point Central Jersey Community Choir Christmas Party: &{73 -1.1 -1.1 The Westwood 438 North Avenue Garwood, NJ 07027Show map 0} at 2024-12-09 20:03:16.577299641 -0500 EST m=+4.383194530 
Created EventGeo Point The Ergs - 20th Anniversary of DORK ROCK CORK ROD & special guests: &{74 -1.1 -1.1 Crossroads 78 North ave Garwood, NJ 07027Show map 0} at 2024-12-09 20:03:16.625005586 -0500 EST m=+4.430900477 
Created EventGeo Point 2025 Texture & Taste Trends: &{75 -1.1 -1.1 B2 Bistro + Bar 230 Washington Place North Brunswick Township, NJ 08902Show map 0} at 2024-12-09 20:03:16.635604316 -0500 EST m=+4.441499197 
Created EventGeo Point A R & B Joint - Ugly Christmas Sweater Edition: &{76 -1.1 -1.1 Delta's Restaurant 19 Dennis Street New Brunswick, NJ 08901Show map 0} at 2024-12-09 20:03:16.725284718 -0500 EST m=+4.531179606 
Created EventGeo Point New Jersey Speed Dating - Singles Age 35-54 ♥ in Middlesex, NJ: &{77 -1.1 -1.1 The Neighborhood Pub & Grill At Ellerys 701 Lincoln Blvd Middlesex, NJ 08846Show map 0} at 2024-12-09 20:03:16.873897486 -0500 EST m=+4.679792414 
Created EventGeo Point IslandVibes: &{78 -1.1 -1.1 Mister East 2401 North Wood Avenue Roselle, NJ 07203Show map 0} at 2024-12-09 20:03:16.901076909 -0500 EST m=+4.706971815 
Created EventGeo Point AREAA CNJ 2024 Holiday Party: &{79 -1.1 -1.1 Pho Today 101 New World Way South Plainfield, NJ 07080Show map 0} at 2024-12-09 20:03:16.915048725 -0500 EST m=+4.720943645 
Created EventGeo Point Beyond Wicked-A talkback with the cast and crew of the Broadway Production: &{80 -1.1 -1.1 The Cranford Theater 25 North Avenue West Cranford, NJ 07016Show map 0} at 2024-12-09 20:03:17.02698417 -0500 EST m=+4.832879058 
Created EventGeo Point Capella Grey host Caribbean vs R&B @  Taj: &{81 -1.1 -1.1 Taj II Lounge and Event Space 48 West 21st Street New York, NY 10010Show map 0} at 2024-12-09 20:03:17.169416803 -0500 EST m=+4.975311682 
Created EventGeo Point Brunch and a Movie - White Christmas: &{82 -1.1 -1.1 Garlic Rose Bistro 28 North Avenue West Cranford, NJ 07016Show map 0} at 2024-12-09 20:03:17.246363039 -0500 EST m=+5.052257919 
Created EventGeo Point Emily in Paris - Ladies Night (21+ Event) in Dunellen NJ: &{83 -1.1 -1.1 Supreme Eventz [Productionz] 239 North Avenue Dunellen, NJ 08812Show map 0} at 2024-12-09 20:03:17.430231305 -0500 EST m=+5.236126188 
Created EventGeo Point "Defying Gravity" | One-Day Choir: &{84 -1.1 -1.1 MADE Bush Terminal 13 42nd Street Brooklyn, NY 11232Show map 0} at 2024-12-09 20:03:17.671735066 -0500 EST m=+5.477629946 
Created EventGeo Point Mushmouth Holiday Party w/ The Dogs, &  Kelli Bruno: &{85 -1.1 -1.1 Crossroads 78 North ave Garwood, NJ 07027Show map 0} at 2024-12-09 20:03:17.682984572 -0500 EST m=+5.488879452 
Created EventGeo Point Chili Cook-Off + Jeep & Truck Meet + Toy Drive: &{86 -1.1 -1.1 Veterans of Foreign Wars 31 Reid Street South River, NJ 08882Show map 0} at 2024-12-09 20:03:17.693749172 -0500 EST m=+5.499644060 
Created EventGeo Point Murder Mystery Dinner at Maggiano's in Bridgewater, New Jersey!: &{87 -1.1 -1.1 Maggiano's Little Italy 600 Commons Way #Bldg. E Bridgewater Township, NJ 08807Show map 0} at 2024-12-09 20:03:17.721856731 -0500 EST m=+5.527751612 
Created EventGeo Point NEW YEARS EVE 5 HOURS PREMIUM OPEN BAR AT KATRA NYC: &{88 -1.1 -1.1 Katra Lounge & Event Space 217 Bowery New York, NY 10002Show map 0} at 2024-12-09 20:03:17.764206338 -0500 EST m=+5.570101226 
Created EventGeo Point MONO, June McDoom: &{89 -1.1 -1.1 Pioneer Works 159 Pioneer Street Brooklyn, NY 11231Show map 0} at 2024-12-09 20:03:17.828494118 -0500 EST m=+5.634389010 
Created EventGeo Point Club Matinee: Holiday: &{90 -1.1 -1.1 The Club by Mr. Purple 171 Ludlow St New York, NY 10002Show map 0} at 2024-12-09 20:03:17.842446297 -0500 EST m=+5.648341186 
Created EventGeo Point 112th Gala w/ Steve Bannon, Nigel Farage, Dan Scavino & Corey Lewandowski: &{91 -1.1 -1.1 Cipriani Wall Street 55 Wall Street #a New York, NY 10005Show map 0} at 2024-12-09 20:03:17.854467848 -0500 EST m=+5.660362760 
Created EventGeo Point K-EDM Party w/ Los Anngeles & DON6: &{92 -1.1 -1.1 SOB's 204 Varick Street New York, NY 10014Show map 0} at 2024-12-09 20:03:17.865923331 -0500 EST m=+5.671818209 
Created EventGeo Point Dance Beyond Presents: Snow Raven: &{93 -1.1 -1.1 Judson Memorial Church 55 Washington Square South New York, NY 10012Show map 0} at 2024-12-09 20:03:17.905473495 -0500 EST m=+5.711368390 
Created EventGeo Point Glow Party New Years Eve Weekend at Taj: Free entry with rsvp: &{94 -1.1 -1.1 Taj II Lounge and Event Space 48 West 21st Street New York, NY 10010Show map 0} at 2024-12-09 20:03:18.017639176 -0500 EST m=+5.823534055 
Created EventGeo Point New York Trading, Finance And Banking - Professional Networking Affair: &{95 -1.1 -1.1 Dawson 39 Restaurant & Bar 54 West 39th Street New York, NY 10018Show map 0} at 2024-12-09 20:03:18.174004621 -0500 EST m=+5.979899509 
Created EventGeo Point Holiday Special - NY Real Estate Entrepreneur Mixer -  December: &{96 -1.1 -1.1 550 Vanderbilt Ave 550 Vanderbilt Avenue Brooklyn, NY 11238Show map 0} at 2024-12-09 20:03:18.30127898 -0500 EST m=+6.107173869 
Created EventGeo Point Old School R&B Brunch Live - New York: &{97 -1.1 -1.1 Webster Hall 125 East 11th Street New York, NY 10003Show map 0} at 2024-12-09 20:03:18.555992062 -0500 EST m=+6.361886957 
Created EventGeo Point A Very Modern Classical Evening at The Picnic House: &{98 -1.1 -1.1 The Picnic House in Prospect Park 40 West Drive Brooklyn, NY 11215Show map 0} at 2024-12-09 20:03:18.565701698 -0500 EST m=+6.371596577 
Created EventGeo Point Freelancers Non-Office Holiday Party (In-Person): &{99 -1.1 -1.1 Freelancers Hub 241 37th Street #Suite A326 Brooklyn, NY 11232Show map 0} at 2024-12-09 20:03:18.739787449 -0500 EST m=+6.545682344 
Created EventGeo Point Palestra Lucia Helena Galvão em Newark - A Lógica e a Inteligência da Vida: &{100 -1.1 -1.1 DoubleTree by Hilton Hotel Newark Airport 128 Frontage Road Newark, NJ 07114Show map 0} at 2024-12-09 20:03:18.804493355 -0500 EST m=+6.610388234 
Created EventGeo Point THE BLACK PARADE [EMO + POP PUNK NITE] HOLIDAY PARTY: &{101 -1.1 -1.1 The Brooklyn Monarch 23 Meadow Street Brooklyn, NY 11206Show map 0} at 2024-12-09 20:03:18.815864427 -0500 EST m=+6.621759317 
Created EventGeo Point Soho Forum Debate: Elizabeth Price Foley vs. Glenn Greenwald: &{102 -1.1 -1.1 The Sheen Center 18 Bleecker Street New York, NY 10012Show map 0} at 2024-12-09 20:03:19.240348825 -0500 EST m=+7.046243716 
Created EventGeo Point Northeast REMLE 2024 -NJ: &{103 -1.1 -1.1 Kean University STEM Building 1075 Morris Avenue Union, NJ 07083Show map 0} at 2024-12-09 20:03:19.267027489 -0500 EST m=+7.072922382 
Created EventGeo Point DAYBREAKER NYC // BIRTHDAY // DEC 15: &{104 -1.1 -1.1 Xanadu Roller Arts 262 Starr Street Brooklyn, NY 11237Show map 0} at 2024-12-09 20:03:19.355045108 -0500 EST m=+7.160940002 
Created EventGeo Point NEW YEARS EVE 2025 @230 Fifth Rooftop: &{105 -1.1 -1.1 1150 Broadway 1150 Broadway New York, NY 10010Show map 0} at 2024-12-09 20:03:19.413979751 -0500 EST m=+7.219874652 
Created EventGeo Point Flag Fest Hip Hop vs Caribbean @  Taj: &{106 -1.1 -1.1 Taj II Lounge and Event Space 48 West 21st Street New York, NY 10010Show map 0} at 2024-12-09 20:03:19.442630884 -0500 EST m=+7.248525789 
Created EventGeo Point KLASS ALBUM RELEASE NJ: &{107 -1.1 -1.1 XL Nightlife 323 North Broad Street Elizabeth, NJ 07208Show map 0} at 2024-12-09 20:03:19.636758763 -0500 EST m=+7.442653647 
Created EventGeo Point Cash Cobain & Friends Live at XL Night Club NJ: &{108 -1.1 -1.1 XL Nightlife 323 North Broad Street Elizabeth, NJ 07208Show map 0} at 2024-12-09 20:03:19.891333525 -0500 EST m=+7.697228421 
Created EventGeo Point Brice And Wen Present: The Survivor 47 FInale NYC: &{109 -1.1 -1.1 Berry Park 4 Berry Street Brooklyn, NY 11211Show map 0} at 2024-12-09 20:03:19.909578169 -0500 EST m=+7.715473077 
Created EventGeo Point VALIANT "1ST TIME IN JERSEY!" NAUGHTY OR NICE AT BARCODE: &{110 -1.1 -1.1 BarCode Entertainment Complex 429 North Broad Street Elizabeth, NJ 07208Show map 0} at 2024-12-09 20:03:19.970874837 -0500 EST m=+7.776769716 
Created EventGeo Point Kwanzaa Crawl 2024 || A One Day Celebration of Black-Owned Bars: &{111 -1.1 -1.1 Brooklyn Brooklyn Brooklyn, NY 11201-11249Show map 0} at 2024-12-09 20:03:20.398171413 -0500 EST m=+8.204066328 
Created Event SOUNDS OF ISTANBUL KADIN KOROSU KONSERI at 2024-12-09 20:05:51.984501439 -0500 EST m=+2.788778093
Created EventGeo Point SOUNDS OF ISTANBUL KADIN KOROSU KONSERI: &{112 -1.1 -1.1 Rosen Performing Arts Center 1 Pike Dr Wayne, NJ 07470Show map 1} at 2024-12-09 20:05:52.002313084 -0500 EST m=+2.806589732 
Created Event Holiday Caroling at The Forum at 2024-12-09 20:05:52.060372235 -0500 EST m=+2.864648860
Created EventGeo Point Holiday Caroling at The Forum: &{113 -1.1 -1.1 The Forum at Columbia 605 W 125th St. New York, NY 10027Show map 2} at 2024-12-09 20:05:52.07157898 -0500 EST m=+2.875855622 
Created Event Community Day: Winter Wonderland at 2024-12-09 20:05:52.087803605 -0500 EST m=+2.892080228
Created EventGeo Point Community Day: Winter Wonderland: &{114 -1.1 -1.1 The Newark Museum of Art 49 Washington Street Newark, NJ 07102Show map 3} at 2024-12-09 20:05:52.102842423 -0500 EST m=+2.907119044 
Created Event SantaCon 2024 : NYC  ✦OFFICIAL✦  New York City at 2024-12-09 20:05:52.119232255 -0500 EST m=+2.923508878
Created EventGeo Point SantaCon 2024 : NYC  ✦OFFICIAL✦  New York City: &{115 -1.1 -1.1 New York City midtown New York City, NY 10018Show map 4} at 2024-12-09 20:05:52.126278875 -0500 EST m=+2.930555509 
Created Event DOWN DEH - JINGLE FETE at 2024-12-09 20:05:52.17245704 -0500 EST m=+2.976733679
Created EventGeo Point DOWN DEH - JINGLE FETE: &{116 -1.1 -1.1 HUSH BELOW 1034 MCCARTER HWY NEWARK, 07102Show map 5} at 2024-12-09 20:05:52.184544789 -0500 EST m=+2.988821445 
Created Event From Paris to Mexico: The Musical Bond of Debussy and Grever at 2024-12-09 20:05:52.236723304 -0500 EST m=+3.040999952
Created EventGeo Point From Paris to Mexico: The Musical Bond of Debussy and Grever: &{117 -1.1 -1.1 Aaron Davis Hall, Marian Anderson Theater, The City College of New York 129 Convent Ave New York, NY 10027Show map 6} at 2024-12-09 20:05:52.24655529 -0500 EST m=+3.050831930 
Created Event Too Pretty for an Ugly Sweater Bowling Party & Toy Drive at 2024-12-09 20:05:52.27177127 -0500 EST m=+3.076047930
Created EventGeo Point Too Pretty for an Ugly Sweater Bowling Party & Toy Drive: &{118 -1.1 -1.1 Bowlero Belleville 679 Washington Avenue Belleville Township, NJ 07109Show map 7} at 2024-12-09 20:05:52.283005247 -0500 EST m=+3.087281917 
Created Event Brunch is a Drag at The Craftsman - Holiday Drag Brunch at 2024-12-09 20:05:52.33538362 -0500 EST m=+3.139660246
Created EventGeo Point Brunch is a Drag at The Craftsman - Holiday Drag Brunch: &{119 -1.1 -1.1 The Craftsman Nj 1609 Maple Avenue Fair Lawn, NJ 07410Show map 8} at 2024-12-09 20:05:52.342060784 -0500 EST m=+3.146337409 
Created Event INSPI(RED)^3: Crimson LuXe at 2024-12-09 20:05:52.405206927 -0500 EST m=+3.209483546
Created Event NHTG 60th Anniversary Gala:  A Legacy of Love, Creativity & Activism at 2024-12-09 20:05:52.412927219 -0500 EST m=+3.217203871
Created EventGeo Point NHTG 60th Anniversary Gala:  A Legacy of Love, Creativity & Activism: &{120 -1.1 -1.1 Aaron Davis Hall 115 Convent Avenue New York, NY 10027Show map 10} at 2024-12-09 20:05:52.425442965 -0500 EST m=+3.229719589 
Created EventGeo Point INSPI(RED)^3: Crimson LuXe: &{121 -1.1 -1.1 Musica Club NYC 637 West 50th Street New York, NY 10019Show map 9} at 2024-12-09 20:05:52.445811374 -0500 EST m=+3.250087995 
Created Event FREE Drinks + Entry Certified Saturdays at Katra Lounge at 2024-12-09 20:05:53.038313979 -0500 EST m=+3.842590615
Created EventGeo Point FREE Drinks + Entry Certified Saturdays at Katra Lounge: &{122 -1.1 -1.1 Katra Lounge 217 Bowery Manhattan, NY 10002Show map 11} at 2024-12-09 20:05:53.051311241 -0500 EST m=+3.855587862 
Created Event Ugly Sweater Day Party at 2024-12-09 20:05:53.145348615 -0500 EST m=+3.949625292
Created EventGeo Point Ugly Sweater Day Party: &{123 -1.1 -1.1 Native Harlem Restaurant & Lounge 2319 Frederick Douglass Blvd New York, NY 10027Show map 12} at 2024-12-09 20:05:53.158092074 -0500 EST m=+3.962368725 
Created Event Expo Quinceanera 2024 at 2024-12-09 20:05:53.184785033 -0500 EST m=+3.989061684
Created EventGeo Point Expo Quinceanera 2024: &{124 -1.1 -1.1 SPACE 491 South Dean Street Englewood, NJ 07631Show map 13} at 2024-12-09 20:05:53.196115352 -0500 EST m=+4.000391982 
Created Event LYNETTE WASHINGTON, L'ARTISTE at 2024-12-09 20:05:53.212714658 -0500 EST m=+4.016991293
Created EventGeo Point LYNETTE WASHINGTON, L'ARTISTE: &{125 -1.1 -1.1 THE CHAPEL AT THE INTERCHURCH CENTER Enter @ 475 Riverside Drive (construction underway on  the 61Claremont Ave entrance) BETWEEN 119TH & 120TH ST New York, NY 10027Show map 14} at 2024-12-09 20:05:53.219048641 -0500 EST m=+4.023325288 
Created Event fliXfest Film Festival at 2024-12-09 20:05:53.333704316 -0500 EST m=+4.137980954
Created EventGeo Point fliXfest Film Festival: &{126 -1.1 -1.1 Teaneck Cinemas 503 Cedar Lane Teaneck, NJ 07666Show map 15} at 2024-12-09 20:05:53.342236915 -0500 EST m=+4.146513547 
Created Event PERREOLAND | NYC Winter Wonderland Edition at 2024-12-09 20:05:53.377643343 -0500 EST m=+4.181919980
Created EventGeo Point PERREOLAND | NYC Winter Wonderland Edition: &{127 -1.1 -1.1 HK Hall 605 West 48th Street New York, NY 10036Show map 16} at 2024-12-09 20:05:53.386375188 -0500 EST m=+4.190651809 
Created Event Bronze Shields/Bronze Heat Holiday Party at 2024-12-09 20:05:53.472958398 -0500 EST m=+4.277235034
Created EventGeo Point Bronze Shields/Bronze Heat Holiday Party: &{128 -1.1 -1.1 Brownstone House 351 W Broadway, Paterson New Jersey 351 West Broadway Paterson, NJ 07522Show map 17} at 2024-12-09 20:05:53.483389016 -0500 EST m=+4.287665657 
Created Event HBCU Greatness Holiday Gala Sneaker Ball at 2024-12-09 20:05:53.523616476 -0500 EST m=+4.327893124
Created EventGeo Point HBCU Greatness Holiday Gala Sneaker Ball: &{129 -1.1 -1.1 Montclair Art Museum 3 South Mountain Avenue Montclair, NJ 07042Show map 18} at 2024-12-09 20:05:53.532507066 -0500 EST m=+4.336783697 
Created Event Party  At  Soho #1 Event Everyone Free at  Katra Nyc at 2024-12-09 20:05:53.543445453 -0500 EST m=+4.347722074
Created EventGeo Point Party  At  Soho #1 Event Everyone Free at  Katra Nyc: &{130 -1.1 -1.1 Katra Lounge 217 Bowery New York, NY 10002Show map 19} at 2024-12-09 20:05:53.554162558 -0500 EST m=+4.358439193 
Created Event Encore Chorales of New York City (East and West) - 12/15 Concert at 2024-12-09 20:05:53.561276676 -0500 EST m=+4.365553308
Created EventGeo Point Encore Chorales of New York City (East and West) - 12/15 Concert: &{131 -1.1 -1.1 St. Paul & St. Andrew United Methodist Church 263 West 86th Street New York, NY 10024Show map 20} at 2024-12-09 20:05:53.566244566 -0500 EST m=+4.370521188 
Created Event Capella Grey host Caribbean vs R&B @  Taj at 2024-12-09 20:05:54.040084016 -0500 EST m=+4.844360643
Created EventGeo Point Capella Grey host Caribbean vs R&B @  Taj: &{132 -1.1 -1.1 Taj II Lounge and Event Space 48 West 21st Street New York, NY 10010Show map 21} at 2024-12-09 20:05:54.04738157 -0500 EST m=+4.851658204 
Created Event NEW YEARS EVE 5 HOURS PREMIUM OPEN BAR AT KATRA NYC at 2024-12-09 20:05:54.06690727 -0500 EST m=+4.871183893
Created EventGeo Point NEW YEARS EVE 5 HOURS PREMIUM OPEN BAR AT KATRA NYC: &{133 -1.1 -1.1 Katra Lounge & Event Space 217 Bowery New York, NY 10002Show map 22} at 2024-12-09 20:05:54.076799489 -0500 EST m=+4.881076113 
Created Event THE BLACK PARADE [EMO + POP PUNK NITE] HOLIDAY PARTY at 2024-12-09 20:05:54.157263631 -0500 EST m=+4.961540264
Created EventGeo Point THE BLACK PARADE [EMO + POP PUNK NITE] HOLIDAY PARTY: &{134 -1.1 -1.1 The Brooklyn Monarch 23 Meadow Street Brooklyn, NY 11206Show map 23} at 2024-12-09 20:05:54.169548792 -0500 EST m=+4.973825414 
Created Event MONO, June McDoom at 2024-12-09 20:05:54.178730272 -0500 EST m=+4.983006934
Created EventGeo Point MONO, June McDoom: &{135 -1.1 -1.1 Pioneer Works 159 Pioneer Street Brooklyn, NY 11231Show map 24} at 2024-12-09 20:05:54.190211847 -0500 EST m=+4.994488483 
Created Event Holiday Special - NY Real Estate Entrepreneur Mixer -  December at 2024-12-09 20:05:54.434707238 -0500 EST m=+5.238983871
Created EventGeo Point Holiday Special - NY Real Estate Entrepreneur Mixer -  December: &{136 -1.1 -1.1 550 Vanderbilt Ave 550 Vanderbilt Avenue Brooklyn, NY 11238Show map 25} at 2024-12-09 20:05:54.441211009 -0500 EST m=+5.245487636 
Created Event Glow Party New Years Eve Weekend at Taj: Free entry with rsvp at 2024-12-09 20:05:54.519024767 -0500 EST m=+5.323301389
Created EventGeo Point Glow Party New Years Eve Weekend at Taj: Free entry with rsvp: &{137 -1.1 -1.1 Taj II Lounge and Event Space 48 West 21st Street New York, NY 10010Show map 26} at 2024-12-09 20:05:54.523946385 -0500 EST m=+5.328223013 
Created Event Dance Beyond Presents: Snow Raven at 2024-12-09 20:05:54.571445654 -0500 EST m=+5.375722286
Created EventGeo Point Dance Beyond Presents: Snow Raven: &{138 -1.1 -1.1 Judson Memorial Church 55 Washington Square South New York, NY 10012Show map 27} at 2024-12-09 20:05:54.578186223 -0500 EST m=+5.382462846 
Created Event "Defying Gravity" | One-Day Choir at 2024-12-09 20:05:54.605249306 -0500 EST m=+5.409525934
Created EventGeo Point "Defying Gravity" | One-Day Choir: &{139 -1.1 -1.1 MADE Bush Terminal 13 42nd Street Brooklyn, NY 11232Show map 28} at 2024-12-09 20:05:54.616414707 -0500 EST m=+5.420691347 
Created Event Old School R&B Brunch Live - New York at 2024-12-09 20:05:54.633678374 -0500 EST m=+5.437955008
Created EventGeo Point Old School R&B Brunch Live - New York: &{140 -1.1 -1.1 Webster Hall 125 East 11th Street New York, NY 10003Show map 29} at 2024-12-09 20:05:54.643430717 -0500 EST m=+5.447707359 
Created Event Kwanzaa Crawl 2024 || A One Day Celebration of Black-Owned Bars at 2024-12-09 20:05:55.082562845 -0500 EST m=+5.886839476
Created EventGeo Point Kwanzaa Crawl 2024 || A One Day Celebration of Black-Owned Bars: &{141 -1.1 -1.1 Brooklyn Brooklyn Brooklyn, NY 11201-11249Show map 30} at 2024-12-09 20:05:55.092765087 -0500 EST m=+5.897041718 
Created Event New York Trading, Finance And Banking - Professional Networking Affair at 2024-12-09 20:05:55.180134417 -0500 EST m=+5.984411052
Created EventGeo Point New York Trading, Finance And Banking - Professional Networking Affair: &{142 -1.1 -1.1 Dawson 39 Restaurant & Bar 54 West 39th Street New York, NY 10018Show map 31} at 2024-12-09 20:05:55.188217301 -0500 EST m=+5.992493940 
Created Event A Very Modern Classical Evening at The Picnic House at 2024-12-09 20:05:55.199427828 -0500 EST m=+6.003704458
Created EventGeo Point A Very Modern Classical Evening at The Picnic House: &{143 -1.1 -1.1 The Picnic House in Prospect Park 40 West Drive Brooklyn, NY 11215Show map 32} at 2024-12-09 20:05:55.203696499 -0500 EST m=+6.007973127 
Created Event DAYBREAKER NYC // BIRTHDAY // DEC 15 at 2024-12-09 20:05:55.277832626 -0500 EST m=+6.082109261
Created EventGeo Point DAYBREAKER NYC // BIRTHDAY // DEC 15: &{144 -1.1 -1.1 Xanadu Roller Arts 262 Starr Street Brooklyn, NY 11237Show map 33} at 2024-12-09 20:05:55.283267463 -0500 EST m=+6.087544399 
Created Event Brice And Wen Present: The Survivor 47 FInale NYC at 2024-12-09 20:05:55.543517227 -0500 EST m=+6.347793858
Created EventGeo Point Brice And Wen Present: The Survivor 47 FInale NYC: &{145 -1.1 -1.1 Berry Park 4 Berry Street Brooklyn, NY 11211Show map 34} at 2024-12-09 20:05:55.547897636 -0500 EST m=+6.352174264 
Created Event Palestra Lucia Helena Galvão em Newark - A Lógica e a Inteligência da Vida at 2024-12-09 20:05:55.724858462 -0500 EST m=+6.529135113
Created EventGeo Point Palestra Lucia Helena Galvão em Newark - A Lógica e a Inteligência da Vida: &{146 -1.1 -1.1 DoubleTree by Hilton Hotel Newark Airport 128 Frontage Road Newark, NJ 07114Show map 35} at 2024-12-09 20:05:55.734081183 -0500 EST m=+6.538357805 
Created Event K-EDM Party w/ Los Anngeles & DON6 at 2024-12-09 20:05:55.769928377 -0500 EST m=+6.574205008
Created EventGeo Point K-EDM Party w/ Los Anngeles & DON6: &{147 -1.1 -1.1 SOB's 204 Varick Street New York, NY 10014Show map 36} at 2024-12-09 20:05:55.777150846 -0500 EST m=+6.581427466 
Created Event Club Matinee: Holiday at 2024-12-09 20:05:55.798406379 -0500 EST m=+6.602683012
Created EventGeo Point Club Matinee: Holiday: &{148 -1.1 -1.1 The Club by Mr. Purple 171 Ludlow St New York, NY 10002Show map 37} at 2024-12-09 20:05:55.80753033 -0500 EST m=+6.611806967 
Created Event Northeast REMLE 2024 -NJ at 2024-12-09 20:05:55.965320271 -0500 EST m=+6.769596893
Created EventGeo Point Northeast REMLE 2024 -NJ: &{149 -1.1 -1.1 Kean University STEM Building 1075 Morris Avenue Union, NJ 07083Show map 38} at 2024-12-09 20:05:55.976987525 -0500 EST m=+6.781264157 
Created Event 112th Gala w/ Steve Bannon, Nigel Farage, Dan Scavino & Corey Lewandowski at 2024-12-09 20:05:56.014872452 -0500 EST m=+6.819149083
Created EventGeo Point 112th Gala w/ Steve Bannon, Nigel Farage, Dan Scavino & Corey Lewandowski: &{150 -1.1 -1.1 Cipriani Wall Street 55 Wall Street #a New York, NY 10005Show map 39} at 2024-12-09 20:05:56.024870999 -0500 EST m=+6.829147634 
Created Event Freelancers Non-Office Holiday Party (In-Person) at 2024-12-09 20:05:56.038185012 -0500 EST m=+6.842461642
Created EventGeo Point Freelancers Non-Office Holiday Party (In-Person): &{151 -1.1 -1.1 Freelancers Hub 241 37th Street #Suite A326 Brooklyn, NY 11232Show map 40} at 2024-12-09 20:05:56.044865567 -0500 EST m=+6.849142198 
Created Event Soho Forum Debate: Elizabeth Price Foley vs. Glenn Greenwald at 2024-12-09 20:05:56.095201227 -0500 EST m=+6.899477848
Created EventGeo Point Soho Forum Debate: Elizabeth Price Foley vs. Glenn Greenwald: &{152 -1.1 -1.1 The Sheen Center 18 Bleecker Street New York, NY 10012Show map 41} at 2024-12-09 20:05:56.101329038 -0500 EST m=+6.905605677 
Created Event NEW YEARS EVE 2025 @230 Fifth Rooftop at 2024-12-09 20:05:56.134857309 -0500 EST m=+6.939133955
Created EventGeo Point NEW YEARS EVE 2025 @230 Fifth Rooftop: &{153 -1.1 -1.1 1150 Broadway 1150 Broadway New York, NY 10010Show map 42} at 2024-12-09 20:05:56.14029784 -0500 EST m=+6.944574495 
Created Event Flag Fest Hip Hop vs Caribbean @  Taj at 2024-12-09 20:05:56.534361355 -0500 EST m=+7.338638002
Created EventGeo Point Flag Fest Hip Hop vs Caribbean @  Taj: &{154 -1.1 -1.1 Taj II Lounge and Event Space 48 West 21st Street New York, NY 10010Show map 43} at 2024-12-09 20:05:56.555018142 -0500 EST m=+7.359294765 
Created Event Rudra Gala Winterfest 2024 at 2024-12-09 20:05:56.571947072 -0500 EST m=+7.376223695
Created EventGeo Point Rudra Gala Winterfest 2024: &{155 -1.1 -1.1 Royal Albert Palace , Big Ball Room 1050 King Georges Post Rd Fords, NJ 08863Show map 44} at 2024-12-09 20:05:56.582658159 -0500 EST m=+7.386934781 
Created Event A Celtic Christmas by A Taste of Ireland at 2024-12-09 20:05:56.779263605 -0500 EST m=+7.583540227
Created EventGeo Point A Celtic Christmas by A Taste of Ireland: &{156 -1.1 -1.1 Jo Ann Magistro Performing Arts Center. 200 Rues Lane East Brunswick, NJ 08816Show map 45} at 2024-12-09 20:05:56.784175606 -0500 EST m=+7.588452228 
Created Event 2024 Gingerbread House Decorating Celebration at 2024-12-09 20:05:56.860467097 -0500 EST m=+7.664743734
Created EventGeo Point 2024 Gingerbread House Decorating Celebration: &{157 -1.1 -1.1 Plainfield High School 950 Park Avenue Plainfield, NJ 07060Show map 46} at 2024-12-09 20:05:56.866780752 -0500 EST m=+7.671057374 
Created Event Prolific 7v7 Try Outs at 2024-12-09 20:05:56.880123662 -0500 EST m=+7.684400301
Created EventGeo Point Prolific 7v7 Try Outs: &{158 -1.1 -1.1 300 Memorial Dr 300 Memorial Drive Franklin Township, NJ 08873Show map 47} at 2024-12-09 20:05:56.88657269 -0500 EST m=+7.690849313 
Created Event Ben Nichols w/ Jared Hart at 2024-12-09 20:05:56.974040908 -0500 EST m=+7.778317546
Created EventGeo Point Ben Nichols w/ Jared Hart: &{159 -1.1 -1.1 Crossroads 78 North ave Garwood, NJ 07027Show map 48} at 2024-12-09 20:05:56.977391956 -0500 EST m=+7.781668587 
Created Event 2025 Texture & Taste Trends at 2024-12-09 20:05:57.149708856 -0500 EST m=+7.953985486
Created EventGeo Point 2025 Texture & Taste Trends: &{160 -1.1 -1.1 B2 Bistro + Bar 230 Washington Place North Brunswick Township, NJ 08902Show map 49} at 2024-12-09 20:05:57.157737553 -0500 EST m=+7.962014174 
Created Event New Jersey Speed Dating - Singles Age 35-54 ♥ in Middlesex, NJ at 2024-12-09 20:05:57.200020692 -0500 EST m=+8.004297326
Created EventGeo Point New Jersey Speed Dating - Singles Age 35-54 ♥ in Middlesex, NJ: &{161 -1.1 -1.1 The Neighborhood Pub & Grill At Ellerys 701 Lincoln Blvd Middlesex, NJ 08846Show map 50} at 2024-12-09 20:05:57.208543529 -0500 EST m=+8.012820161 
Created Event Rave Jr at 2024-12-09 20:05:57.232108882 -0500 EST m=+8.036385504
Created EventGeo Point Rave Jr: &{162 -1.1 -1.1 Paradise Island 225 Ellis Street Staten Island, NY 10307Show map 51} at 2024-12-09 20:05:57.239144326 -0500 EST m=+8.043420947 
Created Event The Ergs - 20th Anniversary of DORK ROCK CORK ROD & special guests at 2024-12-09 20:05:57.283507723 -0500 EST m=+8.087784360
Created EventGeo Point The Ergs - 20th Anniversary of DORK ROCK CORK ROD & special guests: &{163 -1.1 -1.1 Crossroads 78 North ave Garwood, NJ 07027Show map 52} at 2024-12-09 20:05:57.290674573 -0500 EST m=+8.094951215 
Created Event IslandVibes at 2024-12-09 20:05:57.724331225 -0500 EST m=+8.528607875
Created EventGeo Point IslandVibes: &{164 -1.1 -1.1 Mister East 2401 North Wood Avenue Roselle, NJ 07203Show map 53} at 2024-12-09 20:05:57.73372281 -0500 EST m=+8.537999448 
Created Event A R & B Joint - Ugly Christmas Sweater Edition at 2024-12-09 20:05:57.893809494 -0500 EST m=+8.698086140
Created EventGeo Point A R & B Joint - Ugly Christmas Sweater Edition: &{165 -1.1 -1.1 Delta's Restaurant 19 Dennis Street New Brunswick, NJ 08901Show map 54} at 2024-12-09 20:05:57.905226927 -0500 EST m=+8.709503551 
Created Event ACRP-NJ Chapter Holiday Party at 2024-12-09 20:05:57.988783212 -0500 EST m=+8.793059847
Created EventGeo Point ACRP-NJ Chapter Holiday Party: &{166 -1.1 -1.1 Maggiano's Little Italy 600 Commons Way #Bldg. E Bridgewater, NJ 08807Show map 55} at 2024-12-09 20:05:57.995478786 -0500 EST m=+8.799755407 
Created Event AREAA CNJ 2024 Holiday Party at 2024-12-09 20:05:58.015090546 -0500 EST m=+8.819367168
Created EventGeo Point AREAA CNJ 2024 Holiday Party: &{167 -1.1 -1.1 Pho Today 101 New World Way South Plainfield, NJ 07080Show map 56} at 2024-12-09 20:05:58.019965727 -0500 EST m=+8.824242348 
Created Event Emily in Paris - Ladies Night (21+ Event) in Dunellen NJ at 2024-12-09 20:05:58.122049007 -0500 EST m=+8.926325640
Created EventGeo Point Emily in Paris - Ladies Night (21+ Event) in Dunellen NJ: &{168 -1.1 -1.1 Supreme Eventz [Productionz] 239 North Avenue Dunellen, NJ 08812Show map 57} at 2024-12-09 20:05:58.132716438 -0500 EST m=+8.936993091 
Created Event Central Jersey Community Choir Christmas Party at 2024-12-09 20:05:58.152398806 -0500 EST m=+8.956675443
Created Event Beyond Wicked-A talkback with the cast and crew of the Broadway Production at 2024-12-09 20:05:58.164779778 -0500 EST m=+8.969056401
Created EventGeo Point Beyond Wicked-A talkback with the cast and crew of the Broadway Production: &{169 -1.1 -1.1 The Cranford Theater 25 North Avenue West Cranford, NJ 07016Show map 59} at 2024-12-09 20:05:58.174920725 -0500 EST m=+8.979197346 
Created Event Mushmouth Holiday Party w/ The Dogs, &  Kelli Bruno at 2024-12-09 20:05:58.190920869 -0500 EST m=+8.995197500
Created EventGeo Point Mushmouth Holiday Party w/ The Dogs, &  Kelli Bruno: &{170 -1.1 -1.1 Crossroads 78 North ave Garwood, NJ 07027Show map 60} at 2024-12-09 20:05:58.195251483 -0500 EST m=+8.999528122 
Created Event Murder Mystery Dinner at Maggiano's in Bridgewater, New Jersey! at 2024-12-09 20:05:58.211210397 -0500 EST m=+9.015487040
Created EventGeo Point Murder Mystery Dinner at Maggiano's in Bridgewater, New Jersey!: &{171 -1.1 -1.1 Maggiano's Little Italy 600 Commons Way #Bldg. E Bridgewater Township, NJ 08807Show map 61} at 2024-12-09 20:05:58.216304117 -0500 EST m=+9.020580762 
Created EventGeo Point Central Jersey Community Choir Christmas Party: &{172 -1.1 -1.1 The Westwood 438 North Avenue Garwood, NJ 07027Show map 58} at 2024-12-09 20:05:58.242225529 -0500 EST m=+9.046502159 
Created Event Brunch and a Movie - White Christmas at 2024-12-09 20:05:58.250015104 -0500 EST m=+9.054291736
Created EventGeo Point Brunch and a Movie - White Christmas: &{173 -1.1 -1.1 Garlic Rose Bistro 28 North Avenue West Cranford, NJ 07016Show map 62} at 2024-12-09 20:05:58.258480538 -0500 EST m=+9.062757161 
Created Event Dance Beyond Presents: Snow Raven at 2024-12-09 20:44:18.911578147 -0500 EST m=+2.505994341
Created EventGeo Point Dance Beyond Presents: Snow Raven: &{174 -1.1 -1.1 Judson Memorial Church 55 Washington Square South New York, NY 10012Show map 63} at 2024-12-09 20:44:18.921351177 -0500 EST m=+2.515767366 
Created Event Party  At  Soho #1 Event Everyone Free at  Katra Nyc at 2024-12-09 20:44:18.989981712 -0500 EST m=+2.584397890
Created EventGeo Point Party  At  Soho #1 Event Everyone Free at  Katra Nyc: &{175 -1.1 -1.1 Katra Lounge 217 Bowery New York, NY 10002Show map 64} at 2024-12-09 20:44:18.994696942 -0500 EST m=+2.589113121 
Created Event FREE Drinks + Entry Certified Saturdays at Katra Lounge at 2024-12-09 20:44:19.013722749 -0500 EST m=+2.608138927
Created EventGeo Point FREE Drinks + Entry Certified Saturdays at Katra Lounge: &{176 -1.1 -1.1 Katra Lounge 217 Bowery Manhattan, NY 10002Show map 65} at 2024-12-09 20:44:19.020456953 -0500 EST m=+2.614873132 
Created Event SantaCon 2024 : NYC  ✦OFFICIAL✦  New York City at 2024-12-09 20:44:19.092554199 -0500 EST m=+2.686970389
Created EventGeo Point SantaCon 2024 : NYC  ✦OFFICIAL✦  New York City: &{177 -1.1 -1.1 New York City midtown New York City, NY 10018Show map 66} at 2024-12-09 20:44:19.096504651 -0500 EST m=+2.690920829 
Created Event "Defying Gravity" | One-Day Choir at 2024-12-09 20:44:19.214330658 -0500 EST m=+2.808746850
Created EventGeo Point "Defying Gravity" | One-Day Choir: &{178 -1.1 -1.1 MADE Bush Terminal 13 42nd Street Brooklyn, NY 11232Show map 67} at 2024-12-09 20:44:19.225075412 -0500 EST m=+2.819491619 
Created Event Old School R&B Brunch Live - New York at 2024-12-09 20:44:19.246865279 -0500 EST m=+2.841281469
Created EventGeo Point Old School R&B Brunch Live - New York: &{179 -1.1 -1.1 Webster Hall 125 East 11th Street New York, NY 10003Show map 68} at 2024-12-09 20:44:19.254291405 -0500 EST m=+2.848707596 
Created Event MONO, June McDoom at 2024-12-09 20:44:19.313681148 -0500 EST m=+2.908097342
Created EventGeo Point MONO, June McDoom: &{180 -1.1 -1.1 Pioneer Works 159 Pioneer Street Brooklyn, NY 11231Show map 69} at 2024-12-09 20:44:19.321970695 -0500 EST m=+2.916386891 
Created Event Capella Grey host Caribbean vs R&B @  Taj at 2024-12-09 20:44:19.364824771 -0500 EST m=+2.959240959
Created EventGeo Point Capella Grey host Caribbean vs R&B @  Taj: &{181 -1.1 -1.1 Taj II Lounge and Event Space 48 West 21st Street New York, NY 10010Show map 70} at 2024-12-09 20:44:19.370695312 -0500 EST m=+2.965111496 
Created Event NEW YEARS EVE 5 HOURS PREMIUM OPEN BAR AT KATRA NYC at 2024-12-09 20:44:19.486791387 -0500 EST m=+3.081207583
Created EventGeo Point NEW YEARS EVE 5 HOURS PREMIUM OPEN BAR AT KATRA NYC: &{182 -1.1 -1.1 Katra Lounge & Event Space 217 Bowery New York, NY 10002Show map 71} at 2024-12-09 20:44:19.497671583 -0500 EST m=+3.092087773 
Created Event Glow Party New Years Eve Weekend at Taj: Free entry with rsvp at 2024-12-09 20:44:19.530661839 -0500 EST m=+3.125078031
Created EventGeo Point Glow Party New Years Eve Weekend at Taj: Free entry with rsvp: &{183 -1.1 -1.1 Taj II Lounge and Event Space 48 West 21st Street New York, NY 10010Show map 72} at 2024-12-09 20:44:19.535577081 -0500 EST m=+3.129993271 
Created Event K-EDM Party w/ Los Anngeles & DON6 at 2024-12-09 20:44:19.942681078 -0500 EST m=+3.537097260
Created EventGeo Point K-EDM Party w/ Los Anngeles & DON6: &{184 -1.1 -1.1 SOB's 204 Varick Street New York, NY 10014Show map 73} at 2024-12-09 20:44:19.948019079 -0500 EST m=+3.542435267 
Created Event New York Trading, Finance And Banking - Professional Networking Affair at 2024-12-09 20:44:20.142136986 -0500 EST m=+3.736553213
Created EventGeo Point New York Trading, Finance And Banking - Professional Networking Affair: &{185 -1.1 -1.1 Dawson 39 Restaurant & Bar 54 West 39th Street New York, NY 10018Show map 74} at 2024-12-09 20:44:20.147601527 -0500 EST m=+3.742017719 
Created Event Club Matinee: Holiday at 2024-12-09 20:44:20.167360246 -0500 EST m=+3.761776451
Created EventGeo Point Club Matinee: Holiday: &{186 -1.1 -1.1 The Club by Mr. Purple 171 Ludlow St New York, NY 10002Show map 75} at 2024-12-09 20:44:20.175756873 -0500 EST m=+3.770173065 
Created Event Holiday Special - NY Real Estate Entrepreneur Mixer -  December at 2024-12-09 20:44:20.300932365 -0500 EST m=+3.895348573
Created EventGeo Point Holiday Special - NY Real Estate Entrepreneur Mixer -  December: &{187 -1.1 -1.1 550 Vanderbilt Ave 550 Vanderbilt Avenue Brooklyn, NY 11238Show map 76} at 2024-12-09 20:44:20.312153254 -0500 EST m=+3.906569448 
Created Event Community Day: Winter Wonderland at 2024-12-09 20:44:20.326380656 -0500 EST m=+3.920796883
Created EventGeo Point Community Day: Winter Wonderland: &{188 -1.1 -1.1 The Newark Museum of Art 49 Washington Street Newark, NJ 07102Show map 77} at 2024-12-09 20:44:20.336004048 -0500 EST m=+3.930420242 
Created Event NEW YEARS EVE 2025 @230 Fifth Rooftop at 2024-12-09 20:44:20.419872428 -0500 EST m=+4.014288606
Created EventGeo Point NEW YEARS EVE 2025 @230 Fifth Rooftop: &{189 -1.1 -1.1 1150 Broadway 1150 Broadway New York, NY 10010Show map 78} at 2024-12-09 20:44:20.424662205 -0500 EST m=+4.019078396 
Created Event Flag Fest Hip Hop vs Caribbean @  Taj at 2024-12-09 20:44:20.482617599 -0500 EST m=+4.077033776
Created EventGeo Point Flag Fest Hip Hop vs Caribbean @  Taj: &{190 -1.1 -1.1 Taj II Lounge and Event Space 48 West 21st Street New York, NY 10010Show map 79} at 2024-12-09 20:44:20.489505968 -0500 EST m=+4.083922161 
Created Event 112th Gala w/ Steve Bannon, Nigel Farage, Dan Scavino & Corey Lewandowski at 2024-12-09 20:44:20.613434611 -0500 EST m=+4.207850797
Created EventGeo Point 112th Gala w/ Steve Bannon, Nigel Farage, Dan Scavino & Corey Lewandowski: &{191 -1.1 -1.1 Cipriani Wall Street 55 Wall Street #a New York, NY 10005Show map 80} at 2024-12-09 20:44:20.622590708 -0500 EST m=+4.217006912 
Created Event INSPI(RED)^3: Crimson LuXe at 2024-12-09 20:44:20.680777396 -0500 EST m=+4.275193580
Created EventGeo Point INSPI(RED)^3: Crimson LuXe: &{192 -1.1 -1.1 Musica Club NYC 637 West 50th Street New York, NY 10019Show map 81} at 2024-12-09 20:44:20.686257018 -0500 EST m=+4.280673212 
Created Event A Very Modern Classical Evening at The Picnic House at 2024-12-09 20:44:20.743785165 -0500 EST m=+4.338201357
Created EventGeo Point A Very Modern Classical Evening at The Picnic House: &{193 -1.1 -1.1 The Picnic House in Prospect Park 40 West Drive Brooklyn, NY 11215Show map 82} at 2024-12-09 20:44:20.750852282 -0500 EST m=+4.345268474 
Created Event Soho Forum Debate: Elizabeth Price Foley vs. Glenn Greenwald at 2024-12-09 20:44:20.86949782 -0500 EST m=+4.463914011
Created EventGeo Point Soho Forum Debate: Elizabeth Price Foley vs. Glenn Greenwald: &{194 -1.1 -1.1 The Sheen Center 18 Bleecker Street New York, NY 10012Show map 83} at 2024-12-09 20:44:20.879653057 -0500 EST m=+4.474069247 
Created Event Northeast REMLE 2024 -NJ at 2024-12-09 20:44:21.223284896 -0500 EST m=+4.817701085
Created EventGeo Point Northeast REMLE 2024 -NJ: &{195 -1.1 -1.1 Kean University STEM Building 1075 Morris Avenue Union, NJ 07083Show map 84} at 2024-12-09 20:44:21.231767549 -0500 EST m=+4.826183732 
Created Event Palestra Lucia Helena Galvão em Newark - A Lógica e a Inteligência da Vida at 2024-12-09 20:44:21.293744086 -0500 EST m=+4.888160268
Created EventGeo Point Palestra Lucia Helena Galvão em Newark - A Lógica e a Inteligência da Vida: &{196 -1.1 -1.1 DoubleTree by Hilton Hotel Newark Airport 128 Frontage Road Newark, NJ 07114Show map 85} at 2024-12-09 20:44:21.301293435 -0500 EST m=+4.895709613 
Created Event Freelancers Non-Office Holiday Party (In-Person) at 2024-12-09 20:44:21.340246979 -0500 EST m=+4.934663169
Created EventGeo Point Freelancers Non-Office Holiday Party (In-Person): &{197 -1.1 -1.1 Freelancers Hub 241 37th Street #Suite A326 Brooklyn, NY 11232Show map 86} at 2024-12-09 20:44:21.344000244 -0500 EST m=+4.938416422 
Created Event DAYBREAKER NYC // BIRTHDAY // DEC 15 at 2024-12-09 20:44:21.788115073 -0500 EST m=+5.382531267
Created EventGeo Point DAYBREAKER NYC // BIRTHDAY // DEC 15: &{198 -1.1 -1.1 Xanadu Roller Arts 262 Starr Street Brooklyn, NY 11237Show map 87} at 2024-12-09 20:44:21.797782196 -0500 EST m=+5.392198388 
Created Event Brice And Wen Present: The Survivor 47 FInale NYC at 2024-12-09 20:44:21.80765151 -0500 EST m=+5.402067703
Created EventGeo Point Brice And Wen Present: The Survivor 47 FInale NYC: &{199 -1.1 -1.1 Berry Park 4 Berry Street Brooklyn, NY 11211Show map 88} at 2024-12-09 20:44:21.814358877 -0500 EST m=+5.408775068 
Created Event Rudra Gala Winterfest 2024 at 2024-12-09 20:44:21.877968693 -0500 EST m=+5.472384884
Created EventGeo Point Rudra Gala Winterfest 2024: &{200 -1.1 -1.1 Royal Albert Palace , Big Ball Room 1050 King Georges Post Rd Fords, NJ 08863Show map 89} at 2024-12-09 20:44:21.888212392 -0500 EST m=+5.482628586 
Created Event A Celtic Christmas by A Taste of Ireland at 2024-12-09 20:44:21.930316089 -0500 EST m=+5.524732282
Created EventGeo Point A Celtic Christmas by A Taste of Ireland: &{201 -1.1 -1.1 Jo Ann Magistro Performing Arts Center. 200 Rues Lane East Brunswick, NJ 08816Show map 90} at 2024-12-09 20:44:21.94189888 -0500 EST m=+5.536315069 
Created Event Ben Nichols w/ Jared Hart at 2024-12-09 20:44:21.978553649 -0500 EST m=+5.572969840
Created EventGeo Point Ben Nichols w/ Jared Hart: &{202 -1.1 -1.1 Crossroads 78 North ave Garwood, NJ 07027Show map 91} at 2024-12-09 20:44:21.987929632 -0500 EST m=+5.582345822 
Created Event THE BLACK PARADE [EMO + POP PUNK NITE] HOLIDAY PARTY at 2024-12-09 20:44:22.007640456 -0500 EST m=+5.602056649
Created EventGeo Point THE BLACK PARADE [EMO + POP PUNK NITE] HOLIDAY PARTY: &{203 -1.1 -1.1 The Brooklyn Monarch 23 Meadow Street Brooklyn, NY 11206Show map 92} at 2024-12-09 20:44:22.015089386 -0500 EST m=+5.609505592 
Created Event 2024 Gingerbread House Decorating Celebration at 2024-12-09 20:44:22.28477688 -0500 EST m=+5.879193095
Created EventGeo Point 2024 Gingerbread House Decorating Celebration: &{204 -1.1 -1.1 Plainfield High School 950 Park Avenue Plainfield, NJ 07060Show map 93} at 2024-12-09 20:44:22.298884379 -0500 EST m=+5.893300570 
Created Event Prolific 7v7 Try Outs at 2024-12-09 20:44:22.386475255 -0500 EST m=+5.980891474
Created EventGeo Point Prolific 7v7 Try Outs: &{205 -1.1 -1.1 300 Memorial Dr 300 Memorial Drive Franklin Township, NJ 08873Show map 94} at 2024-12-09 20:44:22.399727953 -0500 EST m=+5.994144146 
Created Event Kwanzaa Crawl 2024 || A One Day Celebration of Black-Owned Bars at 2024-12-09 20:44:22.463334778 -0500 EST m=+6.057750971
Created EventGeo Point Kwanzaa Crawl 2024 || A One Day Celebration of Black-Owned Bars: &{206 -1.1 -1.1 Brooklyn Brooklyn Brooklyn, NY 11201-11249Show map 95} at 2024-12-09 20:44:22.474652608 -0500 EST m=+6.069068802 
Created Event Rave Jr at 2024-12-09 20:44:22.528613626 -0500 EST m=+6.123029806
Created EventGeo Point Rave Jr: &{207 -1.1 -1.1 Paradise Island 225 Ellis Street Staten Island, NY 10307Show map 96} at 2024-12-09 20:44:22.536674534 -0500 EST m=+6.131090727 
Created Event 2025 Texture & Taste Trends at 2024-12-09 20:44:22.869767416 -0500 EST m=+6.464183610
Created EventGeo Point 2025 Texture & Taste Trends: &{208 -1.1 -1.1 B2 Bistro + Bar 230 Washington Place North Brunswick Township, NJ 08902Show map 97} at 2024-12-09 20:44:22.879823121 -0500 EST m=+6.474239339 
Created Event The Ergs - 20th Anniversary of DORK ROCK CORK ROD & special guests at 2024-12-09 20:44:22.989117851 -0500 EST m=+6.583534046
Created EventGeo Point The Ergs - 20th Anniversary of DORK ROCK CORK ROD & special guests: &{209 -1.1 -1.1 Crossroads 78 North ave Garwood, NJ 07027Show map 98} at 2024-12-09 20:44:23.001649219 -0500 EST m=+6.596065451 
Created Event Central Jersey Community Choir Christmas Party at 2024-12-09 20:44:23.042762755 -0500 EST m=+6.637178951
Created EventGeo Point Central Jersey Community Choir Christmas Party: &{210 -1.1 -1.1 The Westwood 438 North Avenue Garwood, NJ 07027Show map 99} at 2024-12-09 20:44:23.052906009 -0500 EST m=+6.647322217 
Created Event A R & B Joint - Ugly Christmas Sweater Edition at 2024-12-09 20:44:23.080484699 -0500 EST m=+6.674900911
Created EventGeo Point A R & B Joint - Ugly Christmas Sweater Edition: &{211 -1.1 -1.1 Delta's Restaurant 19 Dennis Street New Brunswick, NJ 08901Show map 100} at 2024-12-09 20:44:23.089577335 -0500 EST m=+6.683993527 
Created Event IslandVibes at 2024-12-09 20:44:23.158345219 -0500 EST m=+6.752761411
Created EventGeo Point IslandVibes: &{212 -1.1 -1.1 Mister East 2401 North Wood Avenue Roselle, NJ 07203Show map 101} at 2024-12-09 20:44:23.169285475 -0500 EST m=+6.763701665 
Created Event AREAA CNJ 2024 Holiday Party at 2024-12-09 20:44:23.373367006 -0500 EST m=+6.967783200
Created EventGeo Point AREAA CNJ 2024 Holiday Party: &{213 -1.1 -1.1 Pho Today 101 New World Way South Plainfield, NJ 07080Show map 102} at 2024-12-09 20:44:23.384650293 -0500 EST m=+6.979066502 
Created Event Beyond Wicked-A talkback with the cast and crew of the Broadway Production at 2024-12-09 20:44:23.405409268 -0500 EST m=+6.999825474
Created EventGeo Point Beyond Wicked-A talkback with the cast and crew of the Broadway Production: &{214 -1.1 -1.1 The Cranford Theater 25 North Avenue West Cranford, NJ 07016Show map 103} at 2024-12-09 20:44:23.414588256 -0500 EST m=+7.009004438 
Created Event ACRP-NJ Chapter Holiday Party at 2024-12-09 20:44:23.44657826 -0500 EST m=+7.040994450
Created EventGeo Point ACRP-NJ Chapter Holiday Party: &{215 -1.1 -1.1 Maggiano's Little Italy 600 Commons Way #Bldg. E Bridgewater, NJ 08807Show map 104} at 2024-12-09 20:44:23.454091191 -0500 EST m=+7.048507388 
Created Event New Jersey Speed Dating - Singles Age 35-54 ♥ in Middlesex, NJ at 2024-12-09 20:44:23.546501024 -0500 EST m=+7.140917215
Created EventGeo Point New Jersey Speed Dating - Singles Age 35-54 ♥ in Middlesex, NJ: &{216 -1.1 -1.1 The Neighborhood Pub & Grill At Ellerys 701 Lincoln Blvd Middlesex, NJ 08846Show map 105} at 2024-12-09 20:44:23.551712482 -0500 EST m=+7.146128672 
Created Event SOUNDS OF ISTANBUL KADIN KOROSU KONSERI at 2024-12-09 20:44:23.842134437 -0500 EST m=+7.436550631
Created EventGeo Point SOUNDS OF ISTANBUL KADIN KOROSU KONSERI: &{217 -1.1 -1.1 Rosen Performing Arts Center 1 Pike Dr Wayne, NJ 07470Show map 106} at 2024-12-09 20:44:23.850005702 -0500 EST m=+7.444421883 
Created Event Emily in Paris - Ladies Night (21+ Event) in Dunellen NJ at 2024-12-09 20:44:24.119471575 -0500 EST m=+7.713887767
Created EventGeo Point Emily in Paris - Ladies Night (21+ Event) in Dunellen NJ: &{218 -1.1 -1.1 Supreme Eventz [Productionz] 239 North Avenue Dunellen, NJ 08812Show map 107} at 2024-12-09 20:44:24.131034371 -0500 EST m=+7.725450577 
Created Event Brunch is a Drag at The Craftsman - Holiday Drag Brunch at 2024-12-09 20:44:24.153411106 -0500 EST m=+7.747827322
Created Event Brunch and a Movie - White Christmas at 2024-12-09 20:44:24.165622593 -0500 EST m=+7.760038808
Created EventGeo Point Brunch and a Movie - White Christmas: &{219 -1.1 -1.1 Garlic Rose Bistro 28 North Avenue West Cranford, NJ 07016Show map 109} at 2024-12-09 20:44:24.17825938 -0500 EST m=+7.772675572 
Created Event DOWN DEH - JINGLE FETE at 2024-12-09 20:44:24.189757126 -0500 EST m=+7.784173342
Created EventGeo Point DOWN DEH - JINGLE FETE: &{220 -1.1 -1.1 HUSH BELOW 1034 MCCARTER HWY NEWARK, 07102Show map 110} at 2024-12-09 20:44:24.200087619 -0500 EST m=+7.794503813 
Created Event Murder Mystery Dinner at Maggiano's in Bridgewater, New Jersey! at 2024-12-09 20:44:24.21774741 -0500 EST m=+7.812163646
Created EventGeo Point Murder Mystery Dinner at Maggiano's in Bridgewater, New Jersey!: &{221 -1.1 -1.1 Maggiano's Little Italy 600 Commons Way #Bldg. E Bridgewater Township, NJ 08807Show map 111} at 2024-12-09 20:44:24.225379042 -0500 EST m=+7.819795246 
Created EventGeo Point Brunch is a Drag at The Craftsman - Holiday Drag Brunch: &{222 -1.1 -1.1 The Craftsman Nj 1609 Maple Avenue Fair Lawn, NJ 07410Show map 108} at 2024-12-09 20:44:24.241200081 -0500 EST m=+7.835616272 
Created Event From Paris to Mexico: The Musical Bond of Debussy and Grever at 2024-12-09 20:44:24.367451459 -0500 EST m=+7.961867637
Created EventGeo Point From Paris to Mexico: The Musical Bond of Debussy and Grever: &{223 -1.1 -1.1 Aaron Davis Hall, Marian Anderson Theater, The City College of New York 129 Convent Ave New York, NY 10027Show map 112} at 2024-12-09 20:44:24.372208695 -0500 EST m=+7.966624875 
Created Event Chili Cook-Off + Jeep & Truck Meet + Toy Drive at 2024-12-09 20:44:24.557918095 -0500 EST m=+8.152334290
Created EventGeo Point Chili Cook-Off + Jeep & Truck Meet + Toy Drive: &{224 -1.1 -1.1 Veterans of Foreign Wars 31 Reid Street South River, NJ 08882Show map 113} at 2024-12-09 20:44:24.569485919 -0500 EST m=+8.163902115 
Created Event Mushmouth Holiday Party w/ The Dogs, &  Kelli Bruno at 2024-12-09 20:44:24.72703879 -0500 EST m=+8.321454983
Created Event Holiday Caroling at The Forum at 2024-12-09 20:44:24.740775497 -0500 EST m=+8.335191683
Created EventGeo Point Holiday Caroling at The Forum: &{225 -1.1 -1.1 The Forum at Columbia 605 W 125th St. New York, NY 10027Show map 115} at 2024-12-09 20:44:24.754143497 -0500 EST m=+8.348559710 
Created EventGeo Point Mushmouth Holiday Party w/ The Dogs, &  Kelli Bruno: &{226 -1.1 -1.1 Crossroads 78 North ave Garwood, NJ 07027Show map 114} at 2024-12-09 20:44:24.77426214 -0500 EST m=+8.368678335 
