Created Event Northeast REMLE 2024 -NJ at 2024-11-23 12:40:09.477269385 -0500 EST m=+4.405854032Created EventInfo Northeast REMLE 2024 -NJ at 2024-11-23 12:40:09.481534913 -0500 EST m=+4.410119555Created EventGeo Point Northeast REMLE 2024 -NJ: &{1 40.7078784 -74.3017317 1075 Morris Ave, Union Township, NJ 07083 1} at 2024-11-23 12:40:10.222068172 -0500 EST m=+5.150652827 
Created Event NJAAPAC 43rd Annual District Conference at 2024-11-23 12:40:12.805986117 -0500 EST m=+7.734570752Created EventInfo NJAAPAC 43rd Annual District Conference at 2024-11-23 12:40:12.813445878 -0500 EST m=+7.742030536Created EventGeo Point NJAAPAC 43rd Annual District Conference: &{2 -1 -1 200 Hudson St, Jersey City, NJ 07302 2} at 2024-11-23 12:40:12.890098023 -0500 EST m=+7.818682697 
Created Event Not-a-Normal Holiday Market NYC | December 2024 at 2024-11-23 12:45:39.853230861 -0500 EST m=+3.187287416
Created EventInfo Not-a-Normal Holiday Market NYC | December 2024 at 2024-11-23 12:45:39.857704629 -0500 EST m=+3.191761184
Created EventGeo Point Not-a-Normal Holiday Market NYC | December 2024: &{1 -1 -1  1} at 2024-11-23 12:45:40.05012487 -0500 EST m=+3.384181433 
Created Event SantaCon 2024 : NYC  âœ¦OFFICIALâœ¦  New York City at 2024-11-23 12:45:41.458496928 -0500 EST m=+4.792553492
Created EventInfo SantaCon 2024 : NYC  âœ¦OFFICIALâœ¦  New York City at 2024-11-23 12:45:41.466633845 -0500 EST m=+4.800690410
Created EventGeo Point SantaCon 2024 : NYC  âœ¦OFFICIALâœ¦  New York City: &{2 -1 -1 8.258 million (2023) 2} at 2024-11-23 12:45:41.554167853 -0500 EST m=+4.888224416 
Created Event FREE Drinks + Entry Certified Saturdays at Katra Lounge at 2024-11-23 12:45:43.037168976 -0500 EST m=+6.371225522
Created EventInfo FREE Drinks + Entry Certified Saturdays at Katra Lounge at 2024-11-23 12:45:43.041804728 -0500 EST m=+6.375861285
Created EventGeo Point FREE Drinks + Entry Certified Saturdays at Katra Lounge: &{3 -1 -1 217 Bowery, New York, NY 10002 3} at 2024-11-23 12:45:43.126449208 -0500 EST m=+6.460505772 
Created Event NEW YEARS EVE 5 HOURS PREMIUM OPEN BAR AT KATRA NYC at 2024-11-23 12:45:44.524648877 -0500 EST m=+7.858705440
Created EventInfo NEW YEARS EVE 5 HOURS PREMIUM OPEN BAR AT KATRA NYC at 2024-11-23 12:45:44.535213862 -0500 EST m=+7.869270447
Created EventGeo Point NEW YEARS EVE 5 HOURS PREMIUM OPEN BAR AT KATRA NYC: &{4 -1 -1 217 Bowery, New York, NY 10002 4} at 2024-11-23 12:45:44.595822353 -0500 EST m=+7.929878908 
Created Event Party  At  Soho #1 Event Everyone Free at  Katra Nyc at 2024-11-23 12:45:46.102345423 -0500 EST m=+9.436401989
Created EventInfo Party  At  Soho #1 Event Everyone Free at  Katra Nyc at 2024-11-23 12:45:46.116007339 -0500 EST m=+9.450063886
Created EventGeo Point Party  At  Soho #1 Event Everyone Free at  Katra Nyc: &{5 -1 -1 217 Bowery, New York, NY 10002 5} at 2024-11-23 12:45:46.185402419 -0500 EST m=+9.519458984 
Created Event The Streetwear Expo: Fashion + Jewelry  AND MORE! at 2024-11-23 12:45:47.634048973 -0500 EST m=+10.968105527
Created EventInfo The Streetwear Expo: Fashion + Jewelry  AND MORE! at 2024-11-23 12:45:47.637809741 -0500 EST m=+10.971866299
Created EventGeo Point The Streetwear Expo: Fashion + Jewelry  AND MORE!: &{6 -1 -1  6} at 2024-11-23 12:45:47.694212013 -0500 EST m=+11.028268612 
Created Event Ghana  Tech Summit - Diaspora  Edition at 2024-11-23 12:45:48.938940511 -0500 EST m=+12.272997066
Created EventInfo Ghana  Tech Summit - Diaspora  Edition at 2024-11-23 12:45:48.943547834 -0500 EST m=+12.277604377
Created EventGeo Point Ghana  Tech Summit - Diaspora  Edition: &{7 -1 -1 150 W 62nd St, New York, NY 10023 7} at 2024-11-23 12:45:49.003808687 -0500 EST m=+12.337865255 
Created Event Flag Fest Thanksgiving Eve @ SOB's. Dancehall, Soca & more at 2024-11-23 12:45:49.938399014 -0500 EST m=+13.272455579
Created EventInfo Flag Fest Thanksgiving Eve @ SOB's. Dancehall, Soca & more at 2024-11-23 12:45:49.946305256 -0500 EST m=+13.280361848
Created EventGeo Point Flag Fest Thanksgiving Eve @ SOB's. Dancehall, Soca & more: &{8 -1 -1  8} at 2024-11-23 12:45:49.997287925 -0500 EST m=+13.331344522 
Created Event WHITE DECEMBER 2024 - ALL WHITE GALA at 2024-11-23 12:45:51.299365273 -0500 EST m=+14.633421820
Created EventInfo WHITE DECEMBER 2024 - ALL WHITE GALA at 2024-11-23 12:45:51.304513163 -0500 EST m=+14.638569740
Created EventGeo Point WHITE DECEMBER 2024 - ALL WHITE GALA: &{9 -1 -1 1034 McCarter Hwy, Newark, NJ 07102 9} at 2024-11-23 12:45:51.383364894 -0500 EST m=+14.717421460 
Created Event DALMATINO - LIVE IN CONCERT! at 2024-11-23 12:45:52.678979418 -0500 EST m=+16.013035995
Created EventInfo DALMATINO - LIVE IN CONCERT! at 2024-11-23 12:45:52.68507449 -0500 EST m=+16.019131047
Created EventGeo Point DALMATINO - LIVE IN CONCERT!: &{10 -1 -1 507 W 40th St, New York, NY 10018 10} at 2024-11-23 12:45:52.762199677 -0500 EST m=+16.096256255 
Created Event Press Play 2024 at 2024-11-23 12:45:54.380260147 -0500 EST m=+17.714316702
Created EventInfo Press Play 2024 at 2024-11-23 12:45:54.383355191 -0500 EST m=+17.717411738
Created EventGeo Point Press Play 2024: &{11 -1 -1 159 Pioneer St, Brooklyn, NY 11231 11} at 2024-11-23 12:45:54.440931255 -0500 EST m=+17.774987841 
Created Event Not-a-Normal Holiday Market NYC | December 2024 at 2024-11-23 12:50:24.058294875 -0500 EST m=+3.042339928
Created EventInfo Not-a-Normal Holiday Market NYC | December 2024 at 2024-11-23 12:50:24.065552831 -0500 EST m=+3.049597873
Created EventGeo Point Not-a-Normal Holiday Market NYC | December 2024: &{12 -1 -1  12} at 2024-11-23 12:50:24.245005098 -0500 EST m=+3.229050171 
Created Event SantaCon 2024 : NYC  âœ¦OFFICIALâœ¦  New York City at 2024-11-23 12:50:25.588396846 -0500 EST m=+4.572441908
Created EventInfo SantaCon 2024 : NYC  âœ¦OFFICIALâœ¦  New York City at 2024-11-23 12:50:25.596513946 -0500 EST m=+4.580558990
Created EventGeo Point SantaCon 2024 : NYC  âœ¦OFFICIALâœ¦  New York City: &{13 -1 -1 8.258 million (2023) 13} at 2024-11-23 12:50:25.681537799 -0500 EST m=+4.665582858 
Created Event FREE Drinks + Entry Certified Saturdays at Katra Lounge at 2024-11-23 12:50:27.197880453 -0500 EST m=+6.181925499
Created EventInfo FREE Drinks + Entry Certified Saturdays at Katra Lounge at 2024-11-23 12:50:27.203096451 -0500 EST m=+6.187141500
Created EventGeo Point FREE Drinks + Entry Certified Saturdays at Katra Lounge: &{14 40.72169585 -73.99313651654413 217 Bowery, New York, NY 10002 14} at 2024-11-23 12:50:27.43760504 -0500 EST m=+6.421650092 
Created Event NEW YEARS EVE 5 HOURS PREMIUM OPEN BAR AT KATRA NYC at 2024-11-23 12:50:28.928918044 -0500 EST m=+7.912963105
Created EventInfo NEW YEARS EVE 5 HOURS PREMIUM OPEN BAR AT KATRA NYC at 2024-11-23 12:50:28.939254923 -0500 EST m=+7.923299977
Created EventGeo Point NEW YEARS EVE 5 HOURS PREMIUM OPEN BAR AT KATRA NYC: &{15 40.72169585 -73.99313651654413 217 Bowery, New York, NY 10002 15} at 2024-11-23 12:50:28.989437524 -0500 EST m=+7.973482567 
Created Event Party  At  Soho #1 Event Everyone Free at  Katra Nyc at 2024-11-23 12:50:30.214395698 -0500 EST m=+9.198440733
Created EventInfo Party  At  Soho #1 Event Everyone Free at  Katra Nyc at 2024-11-23 12:50:30.220346716 -0500 EST m=+9.204391766
Created EventGeo Point Party  At  Soho #1 Event Everyone Free at  Katra Nyc: &{16 40.72169585 -73.99313651654413 217 Bowery, New York, NY 10002 16} at 2024-11-23 12:50:30.292285631 -0500 EST m=+9.276330670 
Created Event The Streetwear Expo: Fashion + Jewelry  AND MORE! at 2024-11-23 12:50:31.876306594 -0500 EST m=+10.860351637
Created EventInfo The Streetwear Expo: Fashion + Jewelry  AND MORE! at 2024-11-23 12:50:31.883269999 -0500 EST m=+10.867315047
Created EventGeo Point The Streetwear Expo: Fashion + Jewelry  AND MORE!: &{17 -1 -1  17} at 2024-11-23 12:50:31.933565669 -0500 EST m=+10.917610719 
Created Event Ghana  Tech Summit - Diaspora  Edition at 2024-11-23 12:50:33.435063624 -0500 EST m=+12.419108692
Created EventInfo Ghana  Tech Summit - Diaspora  Edition at 2024-11-23 12:50:33.441585933 -0500 EST m=+12.425631016
Created EventGeo Point Ghana  Tech Summit - Diaspora  Edition: &{18 40.7717374 -73.9855103 150 W 62nd St, New York, NY 10023 18} at 2024-11-23 12:50:33.847729868 -0500 EST m=+12.831774910 
Created Event Flag Fest Thanksgiving Eve @ SOB's. Dancehall, Soca & more at 2024-11-23 12:50:34.911283961 -0500 EST m=+13.895329009
Created EventInfo Flag Fest Thanksgiving Eve @ SOB's. Dancehall, Soca & more at 2024-11-23 12:50:34.918057789 -0500 EST m=+13.902102830
Created EventGeo Point Flag Fest Thanksgiving Eve @ SOB's. Dancehall, Soca & more: &{19 -1 -1  19} at 2024-11-23 12:50:34.98287552 -0500 EST m=+13.966920565 
Created Event WHITE DECEMBER 2024 - ALL WHITE GALA at 2024-11-23 12:50:36.460234006 -0500 EST m=+15.444279048
Created EventInfo WHITE DECEMBER 2024 - ALL WHITE GALA at 2024-11-23 12:50:36.466518589 -0500 EST m=+15.450563634
Created EventGeo Point WHITE DECEMBER 2024 - ALL WHITE GALA: &{20 40.7312405 -74.1680225 1034 McCarter Hwy, Newark, NJ 07102 20} at 2024-11-23 12:50:36.718879396 -0500 EST m=+15.702924458 
Created Event Louie DeVito @ Chris Michael's! at 2024-11-23 15:04:43.249776215 -0500 EST m=+3.321918076
Created EventInfo Louie DeVito @ Chris Michael's! at 2024-11-23 15:04:43.255278532 -0500 EST m=+3.327420397
Created EventGeo Point Louie DeVito @ Chris Michael's!: &{1 -1 -1 40 Oakwood Ave Suite 102, Woodbridge, NJ 07095 1} at 2024-11-23 15:04:43.815149629 -0500 EST m=+3.887291491 
Created Event Better Together in Service & Faith: An Interfaith Prayer Breakfast at 2024-11-23 15:04:45.493470664 -0500 EST m=+5.565612524
Created EventInfo Better Together in Service & Faith: An Interfaith Prayer Breakfast at 2024-11-23 15:04:45.499152677 -0500 EST m=+5.571294542
Created EventGeo Point Better Together in Service & Faith: An Interfaith Prayer Breakfast: &{2 40.5165524 -74.4007337 2085 Lincoln Hwy, Edison, NJ 08817 2} at 2024-11-23 15:04:45.7864502 -0500 EST m=+5.858592054 
Created Event Thanksgiving Eve Bash! at 2024-11-23 15:04:47.307471858 -0500 EST m=+7.379613721
Created EventInfo Thanksgiving Eve Bash! at 2024-11-23 15:04:47.310831325 -0500 EST m=+7.382973186
Created EventGeo Point Thanksgiving Eve Bash!: &{3 -1 -1 1601 US-22, Bound Brook, NJ 08805 3} at 2024-11-23 15:04:47.528062273 -0500 EST m=+7.600204139 
Created Event A Celtic Christmas by A Taste of Ireland at 2024-11-23 15:04:49.325323885 -0500 EST m=+9.397465767
Created EventInfo A Celtic Christmas by A Taste of Ireland at 2024-11-23 15:04:49.336086987 -0500 EST m=+9.408228851
Created EventGeo Point A Celtic Christmas by A Taste of Ireland: &{4 40.420205499999994 -74.39602871333842 200 Rues Ln, East Brunswick, NJ 08816 4} at 2024-11-23 15:04:49.444211834 -0500 EST m=+9.516353702 
Created Event Shaukat Khanum Fundraising Gala Dinner in New Jersey, USA at 2024-11-23 15:04:51.103275574 -0500 EST m=+11.175417468
Created EventInfo Shaukat Khanum Fundraising Gala Dinner in New Jersey, USA at 2024-11-23 15:04:51.112853995 -0500 EST m=+11.184995890
Created EventGeo Point Shaukat Khanum Fundraising Gala Dinner in New Jersey, USA: &{5 40.483747 -74.496775 315 Churchill Ave, Somerset, NJ 08873 5} at 2024-11-23 15:04:51.360633817 -0500 EST m=+11.432775672 
Created Event Imperfectly Civil: History of Politics and Civics in New Jersey at 2024-11-23 15:04:53.105815471 -0500 EST m=+13.177957338
Created EventInfo Imperfectly Civil: History of Politics and Civics in New Jersey at 2024-11-23 15:04:53.1194864 -0500 EST m=+13.191628280
Created EventGeo Point Imperfectly Civil: History of Politics and Civics in New Jersey: &{6 40.4846652 -74.4368186 100 George St, New Brunswick, NJ 08901 6} at 2024-11-23 15:04:53.403882987 -0500 EST m=+13.476024856 
