ERROR: 2024/12/08 21:56:48 scrape.go:116: Error: Not Found [URL: https://www.eventbrite.com/d/nj--morris-township/all-events/?page=1, Status: 404, Timestamp: 2024-12-08T21:56:48-05:00]
ERROR: 2024/12/08 21:56:48 scrape.go:118: first 100 bytes of Response Body: <!DOCTYPE html>





<!--
We are going to maintain this one because there is a section of reports th
ERROR: 2024/12/08 21:56:48 scrape.go:304: Not Found
ERROR: 2024/12/08 22:00:33 scrape.go:116: Error: Not Found [URL: https://www.eventbrite.com/d/nj--chester-township/all-events/?page=1, Status: 404, Timestamp: 2024-12-08T22:00:33-05:00]
ERROR: 2024/12/08 22:00:33 scrape.go:118: first 100 bytes of Response Body: <!DOCTYPE html>





<!--
We are going to maintain this one because there is a section of reports th
ERROR: 2024/12/08 22:00:33 scrape.go:304: Not Found
ERROR: 2024/12/08 22:01:34 scrape.go:116: Error: Not Found [URL: https://www.eventbrite.com/d/nj--shamong/all-events/?page=1, Status: 404, Timestamp: 2024-12-08T22:01:34-05:00]
ERROR: 2024/12/08 22:01:34 scrape.go:118: first 100 bytes of Response Body: <!DOCTYPE html>





<!--
We are going to maintain this one because there is a section of reports th
ERROR: 2024/12/08 22:01:34 scrape.go:304: Not Found
ERROR: 2024/12/08 22:01:35 scrape.go:116: Error: Not Found [URL: https://www.eventbrite.com/d/nj--holland-township/all-events/?page=1, Status: 404, Timestamp: 2024-12-08T22:01:35-05:00]
ERROR: 2024/12/08 22:01:35 scrape.go:118: first 100 bytes of Response Body: <!DOCTYPE html>





<!--
We are going to maintain this one because there is a section of reports th
ERROR: 2024/12/08 22:01:35 scrape.go:304: Not Found
ERROR: 2024/12/08 22:03:05 scrape.go:116: Error: Not Found [URL: https://www.eventbrite.com/d/nj--weymouth-township/all-events/?page=1, Status: 404, Timestamp: 2024-12-08T22:03:05-05:00]
ERROR: 2024/12/08 22:03:05 scrape.go:118: first 100 bytes of Response Body: <!DOCTYPE html>





<!--
We are going to maintain this one because there is a section of reports th
ERROR: 2024/12/08 22:03:05 scrape.go:304: Not Found
