DEBUG: 2024/12/08 21:55:58 scrape.go:179: Starting web scraper ........
DEBUG: 2024/12/08 21:56:19 scrape.go:179: Starting web scraper ........
DEBUG: 2024/12/08 21:56:19 scrape.go:251: Starting to generate Links
DEBUG: 2024/12/08 21:56:47 scrape.go:179: Starting web scraper ........
DEBUG: 2024/12/08 21:56:47 scrape.go:251: Starting to generate Links
DEBUG: 2024/12/08 21:59:40 scrape.go:179: Starting web scraper ........
DEBUG: 2024/12/08 21:59:40 scrape.go:251: Starting to generate Links
DEBUG: 2024/12/08 22:00:32 scrape.go:179: Starting web scraper ........
DEBUG: 2024/12/08 22:00:32 scrape.go:251: Starting to generate Links
DEBUG: 2024/12/08 22:01:34 scrape.go:179: Starting web scraper ........
DEBUG: 2024/12/08 22:01:34 scrape.go:251: Starting to generate Links
DEBUG: 2024/12/08 22:02:18 scrape.go:179: Starting web scraper ........
DEBUG: 2024/12/08 22:02:18 scrape.go:251: Starting to generate Links
DEBUG: 2024/12/08 22:03:05 scrape.go:179: Starting web scraper ........
DEBUG: 2024/12/08 22:03:05 scrape.go:251: Starting to generate Links
DEBUG: 2024/12/08 22:08:47 scrape.go:179: Starting web scraper ........
DEBUG: 2024/12/08 22:08:47 scrape.go:251: Starting to generate Links
DEBUG: 2024/12/08 22:08:50 scrape.go:261: All producers are done. Closing channel.
DEBUG: 2024/12/08 22:08:50 scrape.go:284: Finished processing all links
DEBUG: 2024/12/08 22:17:24 scrape.go:179: Starting web scraper ........
DEBUG: 2024/12/08 22:17:24 scrape.go:251: Starting to generate Links
DEBUG: 2024/12/08 22:17:24 scrape.go:286: Finished processing all links
DEBUG: 2024/12/08 22:25:29 scrape.go:179: Starting web scraper ........
DEBUG: 2024/12/08 22:25:29 scrape.go:247: Starting to generate Links
DEBUG: 2024/12/08 22:25:32 scrape.go:274: All producers done. Closing mainsites.
DEBUG: 2024/12/08 22:25:32 scrape.go:278: Finished processing all links
