INFO: 2024/12/08 21:56:20 Skipping cached link: https://www.eventbrite.com/d/nj--passaic/all-events/
INFO: 2024/12/08 21:56:20 Skipping cached link: https://www.eventbrite.com/d/nj--woodbridge/all-events/
INFO: 2024/12/08 21:56:20 Skipping cached link: https://www.eventbrite.com/d/nj--north-bergen/all-events/
INFO: 2024/12/08 21:56:20 Skipping cached link: https://www.eventbrite.com/d/nj--east-orange/all-events/
INFO: 2024/12/08 21:56:20 Skipping cached link: https://www.eventbrite.com/d/nj--jersey-city/all-events/
INFO: 2024/12/08 21:56:20 Skipping cached link: https://www.eventbrite.com/d/nj--irvington/all-events/
INFO: 2024/12/08 21:56:20 Skipping cached link: https://www.eventbrite.com/d/nj--mount-laurel/all-events/
INFO: 2024/12/08 21:56:20 Skipping cached link: https://www.eventbrite.com/d/nj--bloomfield/all-events/
INFO: 2024/12/08 21:56:20 Skipping cached link: https://www.eventbrite.com/d/nj--west-new-york/all-events/
INFO: 2024/12/08 21:56:20 Skipping cached link: https://www.eventbrite.com/d/nj--cherry-hill/all-events/
INFO: 2024/12/08 21:56:20 Skipping cached link: https://www.eventbrite.com/d/nj--old-bridge/all-events/
INFO: 2024/12/08 21:56:20 Skipping cached link: https://www.eventbrite.com/d/nj--paterson/all-events/
INFO: 2024/12/08 21:56:20 Skipping cached link: https://www.eventbrite.com/d/nj--union-city/all-events/
INFO: 2024/12/08 21:56:20 Skipping cached link: https://www.eventbrite.com/d/nj--toms-river/all-events/
INFO: 2024/12/08 21:56:20 Skipping cached link: https://www.eventbrite.com/d/nj--egg-harbor/all-events/
INFO: 2024/12/08 21:56:20 Skipping cached link: https://www.eventbrite.com/d/nj--evesham/all-events/
INFO: 2024/12/08 21:56:20 Skipping cached link: https://www.eventbrite.com/d/nj--piscataway/all-events/
INFO: 2024/12/08 21:56:20 Skipping cached link: https://www.eventbrite.com/d/nj--east-brunswick/all-events/
INFO: 2024/12/08 21:56:20 Skipping cached link: https://www.eventbrite.com/d/nj--hackensack/all-events/
INFO: 2024/12/08 21:56:20 Skipping cached link: https://www.eventbrite.com/d/nj--bayonne/all-events/
INFO: 2024/12/08 21:56:20 Skipping cached link: https://www.eventbrite.com/d/nj--edison/all-events/
INFO: 2024/12/08 21:56:20 Skipping cached link: https://www.eventbrite.com/d/nj--hoboken/all-events/
INFO: 2024/12/08 21:56:20 Skipping cached link: https://www.eventbrite.com/d/nj--clifton/all-events/
INFO: 2024/12/08 21:56:20 Skipping cached link: https://www.eventbrite.com/d/nj--hamilton/all-events/
INFO: 2024/12/08 21:56:20 Skipping cached link: https://www.eventbrite.com/d/nj--union/all-events/
INFO: 2024/12/08 21:56:20 Skipping cached link: https://www.eventbrite.com/d/nj--franklin/all-events/
INFO: 2024/12/08 21:56:20 Skipping cached link: https://www.eventbrite.com/d/nj--jackson/all-events/
INFO: 2024/12/08 21:56:20 Skipping cached link: https://www.eventbrite.com/d/nj--west-orange/all-events/
INFO: 2024/12/08 21:56:20 Skipping cached link: https://www.eventbrite.com/d/nj--bridgewater/all-events/
INFO: 2024/12/08 21:56:20 Skipping cached link: https://www.eventbrite.com/d/nj--north-brunswick/all-events/
INFO: 2024/12/08 21:56:20 Skipping cached link: https://www.eventbrite.com/d/nj--washington-township/all-events/
INFO: 2024/12/08 21:56:20 Skipping cached link: https://www.eventbrite.com/d/nj--wayne/all-events/
INFO: 2024/12/08 21:56:20 Skipping cached link: https://www.eventbrite.com/d/nj--brick/all-events/
INFO: 2024/12/08 21:56:20 Skipping cached link: https://www.eventbrite.com/d/nj--lakewood/all-events/
INFO: 2024/12/08 21:56:20 Skipping cached link: https://www.eventbrite.com/d/nj--south-brunswick/all-events/
INFO: 2024/12/08 21:56:20 Skipping cached link: https://www.eventbrite.com/d/nj--new-brunswick/all-events/
INFO: 2024/12/08 21:56:20 Skipping cached link: https://www.eventbrite.com/d/nj--vineland/all-events/
INFO: 2024/12/08 21:56:20 Skipping cached link: https://www.eventbrite.com/d/nj--perth-amboy/all-events/
INFO: 2024/12/08 21:56:20 Skipping cached link: https://www.eventbrite.com/d/nj--kearny/all-events/
INFO: 2024/12/08 21:56:20 Skipping cached link: https://www.eventbrite.com/d/nj--howell/all-events/
INFO: 2024/12/08 21:56:20 Skipping cached link: https://www.eventbrite.com/d/nj--plainfield/all-events/
INFO: 2024/12/08 21:56:20 Skipping cached link: https://www.eventbrite.com/d/nj--gloucester-township/all-events/
INFO: 2024/12/08 21:56:20 Skipping cached link: https://www.eventbrite.com/d/nj--sayreville/all-events/
INFO: 2024/12/08 21:56:20 Skipping cached link: https://www.eventbrite.com/d/nj--camden/all-events/
INFO: 2024/12/08 21:56:20 Skipping cached link: https://www.eventbrite.com/d/nj--parsippany/all-events/
INFO: 2024/12/08 21:56:20 Skipping cached link: https://www.eventbrite.com/d/nj--elizabeth/all-events/
INFO: 2024/12/08 21:56:20 Skipping cached link: https://www.eventbrite.com/d/nj--city-of-orange/all-events/
INFO: 2024/12/08 21:56:20 Skipping cached link: https://www.eventbrite.com/d/nj--middletown/all-events/
INFO: 2024/12/08 21:56:20 Skipping cached link: https://www.eventbrite.com/d/nj--berkeley/all-events/
INFO: 2024/12/08 21:56:20 Skipping cached link: https://www.eventbrite.com/d/nj--manchester/all-events/
INFO: 2024/12/08 21:56:20 Skipping cached link: https://www.eventbrite.com/d/nj--neptune/all-events/
INFO: 2024/12/08 21:56:20 Skipping cached link: https://www.eventbrite.com/d/nj--pemberton-township/all-events/
INFO: 2024/12/08 21:56:20 Skipping cached link: https://www.eventbrite.com/d/nj--bernards-township/all-events/
INFO: 2024/12/08 21:56:20 Skipping cached link: https://www.eventbrite.com/d/nj--trenton/all-events/
INFO: 2024/12/08 21:56:20 Skipping cached link: https://www.eventbrite.com/d/nj--rockaway-township/all-events/
INFO: 2024/12/08 21:56:20 Added new link to cache: https://www.eventbrite.com/d/nj--newark/all-events/ with TTL of 24 hours
INFO: 2024/12/08 21:56:20 Added new link to cache: https://www.eventbrite.com/d/nj--deptford/all-events/ with TTL of 24 hours
INFO: 2024/12/08 21:56:20 Added new link to cache: https://www.eventbrite.com/d/nj--marlboro/all-events/ with TTL of 24 hours
INFO: 2024/12/08 21:56:20 Added new link to cache: https://www.eventbrite.com/d/nj--hillsborough/all-events/ with TTL of 24 hours
INFO: 2024/12/08 21:56:20 Added new link to cache: https://www.eventbrite.com/d/nj--teaneck/all-events/ with TTL of 24 hours
INFO: 2024/12/08 21:56:20 Added new link to cache: https://www.eventbrite.com/d/nj--fort-lee/all-events/ with TTL of 24 hours
INFO: 2024/12/08 21:56:20 Added new link to cache: https://www.eventbrite.com/d/nj--belleville/all-events/ with TTL of 24 hours
INFO: 2024/12/08 21:56:20 Added new link to cache: https://www.eventbrite.com/d/nj--linden/all-events/ with TTL of 24 hours
INFO: 2024/12/08 21:56:20 Added new link to cache: https://www.eventbrite.com/d/nj--manalapan/all-events/ with TTL of 24 hours
INFO: 2024/12/08 21:56:20 Added new link to cache: https://www.eventbrite.com/d/nj--freehold-township/all-events/ with TTL of 24 hours
INFO: 2024/12/08 21:56:20 Added new link to cache: https://www.eventbrite.com/d/nj--montclair/all-events/ with TTL of 24 hours
INFO: 2024/12/08 21:56:20 Added new link to cache: https://www.eventbrite.com/d/nj--pennsauken/all-events/ with TTL of 24 hours
INFO: 2024/12/08 21:56:20 Added new link to cache: https://www.eventbrite.com/d/nj--monroe/all-events/ with TTL of 24 hours
INFO: 2024/12/08 21:56:20 Added new link to cache: https://www.eventbrite.com/d/nj--fair-lawn/all-events/ with TTL of 24 hours
INFO: 2024/12/08 21:56:20 Added new link to cache: https://www.eventbrite.com/d/nj--lawrence/all-events/ with TTL of 24 hours
INFO: 2024/12/08 21:56:20 Added new link to cache: https://www.eventbrite.com/d/nj--atlantic-city/all-events/ with TTL of 24 hours
INFO: 2024/12/08 21:56:20 Added new link to cache: https://www.eventbrite.com/d/nj--garfield/all-events/ with TTL of 24 hours
INFO: 2024/12/08 21:56:20 Added new link to cache: https://www.eventbrite.com/d/nj--ewing/all-events/ with TTL of 24 hours
INFO: 2024/12/08 21:56:20 Added new link to cache: https://www.eventbrite.com/d/nj--westfield/all-events/ with TTL of 24 hours
INFO: 2024/12/08 21:56:20 Added new link to cache: https://www.eventbrite.com/d/nj--galloway/all-events/ with TTL of 24 hours
INFO: 2024/12/08 21:56:20 Added new link to cache: https://www.eventbrite.com/d/nj--monroe-township/all-events/ with TTL of 24 hours
INFO: 2024/12/08 21:56:20 Added new link to cache: https://www.eventbrite.com/d/nj--millville/all-events/ with TTL of 24 hours
INFO: 2024/12/08 21:56:20 Added new link to cache: https://www.eventbrite.com/d/nj--willingboro/all-events/ with TTL of 24 hours
INFO: 2024/12/08 21:56:20 Added new link to cache: https://www.eventbrite.com/d/nj--livingston/all-events/ with TTL of 24 hours
INFO: 2024/12/08 21:56:20 Added new link to cache: https://www.eventbrite.com/d/nj--princeton[note-1]/all-events/ with TTL of 24 hours
INFO: 2024/12/08 21:56:20 Added new link to cache: https://www.eventbrite.com/d/nj--voorhees/all-events/ with TTL of 24 hours
INFO: 2024/12/08 21:56:20 Added new link to cache: https://www.eventbrite.com/d/nj--winslow/all-events/ with TTL of 24 hours
INFO: 2024/12/08 21:56:20 Added new link to cache: https://www.eventbrite.com/d/nj--long-branch/all-events/ with TTL of 24 hours
INFO: 2024/12/08 21:56:20 Added new link to cache: https://www.eventbrite.com/d/nj--mount-olive/all-events/ with TTL of 24 hours
INFO: 2024/12/08 21:56:20 Added new link to cache: https://www.eventbrite.com/d/nj--rahway/all-events/ with TTL of 24 hours
INFO: 2024/12/08 21:56:20 Added new link to cache: https://www.eventbrite.com/d/nj--nutley/all-events/ with TTL of 24 hours
INFO: 2024/12/08 21:56:20 Added new link to cache: https://www.eventbrite.com/d/nj--englewood/all-events/ with TTL of 24 hours
INFO: 2024/12/08 21:56:20 Added new link to cache: https://www.eventbrite.com/d/nj--hamilton-township/all-events/ with TTL of 24 hours
INFO: 2024/12/08 21:56:20 Added new link to cache: https://www.eventbrite.com/d/nj--lacey/all-events/ with TTL of 24 hours
INFO: 2024/12/08 21:56:20 Added new link to cache: https://www.eventbrite.com/d/nj--stafford-township/all-events/ with TTL of 24 hours
INFO: 2024/12/08 21:56:20 Added new link to cache: https://www.eventbrite.com/d/nj--east-windsor/all-events/ with TTL of 24 hours
INFO: 2024/12/08 21:56:20 Added new link to cache: https://www.eventbrite.com/d/nj--mahwah/all-events/ with TTL of 24 hours
INFO: 2024/12/08 21:56:20 Added new link to cache: https://www.eventbrite.com/d/nj--bergenfield/all-events/ with TTL of 24 hours
INFO: 2024/12/08 21:56:20 Added new link to cache: https://www.eventbrite.com/d/nj--west-milford/all-events/ with TTL of 24 hours
INFO: 2024/12/08 21:56:20 Added new link to cache: https://www.eventbrite.com/d/nj--lodi/all-events/ with TTL of 24 hours
INFO: 2024/12/08 21:56:20 Added new link to cache: https://www.eventbrite.com/d/nj--randolph/all-events/ with TTL of 24 hours
INFO: 2024/12/08 21:56:20 Added new link to cache: https://www.eventbrite.com/d/nj--ridgewood/all-events/ with TTL of 24 hours
INFO: 2024/12/08 21:56:20 Added new link to cache: https://www.eventbrite.com/d/nj--ocean-township/all-events/ with TTL of 24 hours
INFO: 2024/12/08 21:56:20 Added new link to cache: https://www.eventbrite.com/d/nj--west-windsor/all-events/ with TTL of 24 hours
INFO: 2024/12/08 21:56:20 Added new link to cache: https://www.eventbrite.com/d/nj--paramus/all-events/ with TTL of 24 hours
INFO: 2024/12/08 21:56:20 Added new link to cache: https://www.eventbrite.com/d/nj--wall/all-events/ with TTL of 24 hours
INFO: 2024/12/08 21:56:20 Added new link to cache: https://www.eventbrite.com/d/nj--cliffside-park/all-events/ with TTL of 24 hours
INFO: 2024/12/08 21:56:20 Added new link to cache: https://www.eventbrite.com/d/nj--vernon/all-events/ with TTL of 24 hours
INFO: 2024/12/08 21:56:20 Added new link to cache: https://www.eventbrite.com/d/nj--bridgeton/all-events/ with TTL of 24 hours
INFO: 2024/12/08 21:56:20 Added new link to cache: https://www.eventbrite.com/d/nj--maplewood/all-events/ with TTL of 24 hours
INFO: 2024/12/08 21:56:22 Added new link to cache: https://www.eventbrite.com/d/nj--scotch-plains/all-events/ with TTL of 24 hours
INFO: 2024/12/08 21:56:22 Added new link to cache: https://www.eventbrite.com/d/nj--south-plainfield/all-events/ with TTL of 24 hours
INFO: 2024/12/08 21:56:22 Added new link to cache: https://www.eventbrite.com/d/nj--roxbury/all-events/ with TTL of 24 hours
INFO: 2024/12/08 21:56:23 Skipping cached link: https://www.eventbrite.com/d/nj--medford/all-events/
INFO: 2024/12/08 21:56:23 Added new link to cache: https://www.eventbrite.com/d/nj--plainsboro/all-events/ with TTL of 24 hours
INFO: 2024/12/08 21:56:23 Added new link to cache: https://www.eventbrite.com/d/nj--lower-township/all-events/ with TTL of 24 hours
INFO: 2024/12/08 21:56:23 Added new link to cache: https://www.eventbrite.com/d/nj--carteret/all-events/ with TTL of 24 hours
INFO: 2024/12/08 21:56:27 Added new link to cache: https://www.eventbrite.com/d/nj--cranford/all-events/ with TTL of 24 hours
INFO: 2024/12/08 21:56:47 Skipping cached link: https://www.eventbrite.com/d/nj--union/all-events/
INFO: 2024/12/08 21:56:47 Skipping cached link: https://www.eventbrite.com/d/nj--north-bergen/all-events/
INFO: 2024/12/08 21:56:47 Skipping cached link: https://www.eventbrite.com/d/nj--berkeley/all-events/
INFO: 2024/12/08 21:56:47 Skipping cached link: https://www.eventbrite.com/d/nj--newark/all-events/
INFO: 2024/12/08 21:56:47 Skipping cached link: https://www.eventbrite.com/d/nj--bayonne/all-events/
INFO: 2024/12/08 21:56:47 Skipping cached link: https://www.eventbrite.com/d/nj--kearny/all-events/
INFO: 2024/12/08 21:56:47 Skipping cached link: https://www.eventbrite.com/d/nj--linden/all-events/
INFO: 2024/12/08 21:56:47 Skipping cached link: https://www.eventbrite.com/d/nj--teaneck/all-events/
INFO: 2024/12/08 21:56:47 Skipping cached link: https://www.eventbrite.com/d/nj--atlantic-city/all-events/
INFO: 2024/12/08 21:56:47 Skipping cached link: https://www.eventbrite.com/d/nj--manalapan/all-events/
INFO: 2024/12/08 21:56:47 Skipping cached link: https://www.eventbrite.com/d/nj--winslow/all-events/
INFO: 2024/12/08 21:56:47 Skipping cached link: https://www.eventbrite.com/d/nj--marlboro/all-events/
INFO: 2024/12/08 21:56:47 Skipping cached link: https://www.eventbrite.com/d/nj--hillsborough/all-events/
INFO: 2024/12/08 21:56:47 Skipping cached link: https://www.eventbrite.com/d/nj--manchester/all-events/
INFO: 2024/12/08 21:56:47 Skipping cached link: https://www.eventbrite.com/d/nj--montclair/all-events/
INFO: 2024/12/08 21:56:47 Skipping cached link: https://www.eventbrite.com/d/nj--freehold-township/all-events/
INFO: 2024/12/08 21:56:47 Skipping cached link: https://www.eventbrite.com/d/nj--belleville/all-events/
INFO: 2024/12/08 21:56:47 Skipping cached link: https://www.eventbrite.com/d/nj--monroe-township/all-events/
INFO: 2024/12/08 21:56:47 Skipping cached link: https://www.eventbrite.com/d/nj--pennsauken/all-events/
INFO: 2024/12/08 21:56:47 Skipping cached link: https://www.eventbrite.com/d/nj--ewing/all-events/
INFO: 2024/12/08 21:56:47 Skipping cached link: https://www.eventbrite.com/d/nj--galloway/all-events/
INFO: 2024/12/08 21:56:47 Skipping cached link: https://www.eventbrite.com/d/nj--fort-lee/all-events/
INFO: 2024/12/08 21:56:47 Skipping cached link: https://www.eventbrite.com/d/nj--lawrence/all-events/
INFO: 2024/12/08 21:56:47 Skipping cached link: https://www.eventbrite.com/d/nj--deptford/all-events/
INFO: 2024/12/08 21:56:47 Skipping cached link: https://www.eventbrite.com/d/nj--long-branch/all-events/
INFO: 2024/12/08 21:56:47 Skipping cached link: https://www.eventbrite.com/d/nj--fair-lawn/all-events/
INFO: 2024/12/08 21:56:47 Skipping cached link: https://www.eventbrite.com/d/nj--willingboro/all-events/
INFO: 2024/12/08 21:56:47 Skipping cached link: https://www.eventbrite.com/d/nj--westfield/all-events/
INFO: 2024/12/08 21:56:47 Skipping cached link: https://www.eventbrite.com/d/nj--city-of-orange/all-events/
INFO: 2024/12/08 21:56:47 Skipping cached link: https://www.eventbrite.com/d/nj--garfield/all-events/
INFO: 2024/12/08 21:56:47 Skipping cached link: https://www.eventbrite.com/d/nj--livingston/all-events/
INFO: 2024/12/08 21:56:47 Skipping cached link: https://www.eventbrite.com/d/nj--nutley/all-events/
INFO: 2024/12/08 21:56:47 Skipping cached link: https://www.eventbrite.com/d/nj--princeton[note-1]/all-events/
INFO: 2024/12/08 21:56:47 Skipping cached link: https://www.eventbrite.com/d/nj--millville/all-events/
INFO: 2024/12/08 21:56:47 Skipping cached link: https://www.eventbrite.com/d/nj--mount-olive/all-events/
INFO: 2024/12/08 21:56:47 Skipping cached link: https://www.eventbrite.com/d/nj--pemberton-township/all-events/
INFO: 2024/12/08 21:56:47 Skipping cached link: https://www.eventbrite.com/d/nj--rahway/all-events/
INFO: 2024/12/08 21:56:47 Skipping cached link: https://www.eventbrite.com/d/nj--lacey/all-events/
INFO: 2024/12/08 21:56:47 Skipping cached link: https://www.eventbrite.com/d/nj--neptune/all-events/
INFO: 2024/12/08 21:56:47 Skipping cached link: https://www.eventbrite.com/d/nj--ocean-township/all-events/
INFO: 2024/12/08 21:56:47 Skipping cached link: https://www.eventbrite.com/d/nj--englewood/all-events/
INFO: 2024/12/08 21:56:47 Skipping cached link: https://www.eventbrite.com/d/nj--east-windsor/all-events/
INFO: 2024/12/08 21:56:47 Skipping cached link: https://www.eventbrite.com/d/nj--west-windsor/all-events/
INFO: 2024/12/08 21:56:47 Skipping cached link: https://www.eventbrite.com/d/nj--bergenfield/all-events/
INFO: 2024/12/08 21:56:47 Skipping cached link: https://www.eventbrite.com/d/nj--bernards-township/all-events/
INFO: 2024/12/08 21:56:47 Skipping cached link: https://www.eventbrite.com/d/nj--hamilton-township/all-events/
INFO: 2024/12/08 21:56:47 Skipping cached link: https://www.eventbrite.com/d/nj--stafford-township/all-events/
INFO: 2024/12/08 21:56:47 Skipping cached link: https://www.eventbrite.com/d/nj--mahwah/all-events/
INFO: 2024/12/08 21:56:47 Skipping cached link: https://www.eventbrite.com/d/nj--wall/all-events/
INFO: 2024/12/08 21:56:47 Skipping cached link: https://www.eventbrite.com/d/nj--randolph/all-events/
INFO: 2024/12/08 21:56:47 Skipping cached link: https://www.eventbrite.com/d/nj--west-milford/all-events/
INFO: 2024/12/08 21:56:47 Skipping cached link: https://www.eventbrite.com/d/nj--paramus/all-events/
INFO: 2024/12/08 21:56:47 Skipping cached link: https://www.eventbrite.com/d/nj--lodi/all-events/
INFO: 2024/12/08 21:56:47 Skipping cached link: https://www.eventbrite.com/d/nj--ridgewood/all-events/
INFO: 2024/12/08 21:56:47 Skipping cached link: https://www.eventbrite.com/d/nj--bridgeton/all-events/
INFO: 2024/12/08 21:56:47 Skipping cached link: https://www.eventbrite.com/d/nj--rockaway-township/all-events/
INFO: 2024/12/08 21:56:47 Skipping cached link: https://www.eventbrite.com/d/nj--maplewood/all-events/
INFO: 2024/12/08 21:56:47 Skipping cached link: https://www.eventbrite.com/d/nj--vernon/all-events/
INFO: 2024/12/08 21:56:47 Skipping cached link: https://www.eventbrite.com/d/nj--cliffside-park/all-events/
INFO: 2024/12/08 21:56:47 Skipping cached link: https://www.eventbrite.com/d/nj--south-plainfield/all-events/
INFO: 2024/12/08 21:56:47 Skipping cached link: https://www.eventbrite.com/d/nj--scotch-plains/all-events/
INFO: 2024/12/08 21:56:47 Skipping cached link: https://www.eventbrite.com/d/nj--medford/all-events/
INFO: 2024/12/08 21:56:47 Skipping cached link: https://www.eventbrite.com/d/nj--plainsboro/all-events/
INFO: 2024/12/08 21:56:47 Skipping cached link: https://www.eventbrite.com/d/nj--roxbury/all-events/
INFO: 2024/12/08 21:56:47 Skipping cached link: https://www.eventbrite.com/d/nj--lower-township/all-events/
INFO: 2024/12/08 21:56:47 Skipping cached link: https://www.eventbrite.com/d/nj--burlington-township/all-events/
INFO: 2024/12/08 21:56:47 Skipping cached link: https://www.eventbrite.com/d/nj--cranford/all-events/
INFO: 2024/12/08 21:56:47 Skipping cached link: https://www.eventbrite.com/d/nj--carteret/all-events/
INFO: 2024/12/08 21:56:47 Skipping cached link: https://www.eventbrite.com/d/nj--raritan-township/all-events/
INFO: 2024/12/08 21:56:47 Added new link to cache: https://www.eventbrite.com/d/nj--north-plainfield/all-events/ with TTL of 24 hours
INFO: 2024/12/08 21:56:47 Skipping cached link: https://www.eventbrite.com/d/nj--west-orange/all-events/
INFO: 2024/12/08 21:56:47 Added new link to cache: https://www.eventbrite.com/d/nj--montgomery/all-events/ with TTL of 24 hours
INFO: 2024/12/08 21:56:47 Skipping cached link: https://www.eventbrite.com/d/nj--lakewood/all-events/
INFO: 2024/12/08 21:56:47 Skipping cached link: https://www.eventbrite.com/d/nj--north-brunswick/all-events/
INFO: 2024/12/08 21:56:47 Added new link to cache: https://www.eventbrite.com/d/nj--montville/all-events/ with TTL of 24 hours
INFO: 2024/12/08 21:56:47 Added new link to cache: https://www.eventbrite.com/d/nj--summit/all-events/ with TTL of 24 hours
INFO: 2024/12/08 21:56:47 Added new link to cache: https://www.eventbrite.com/d/nj--hillside/all-events/ with TTL of 24 hours
INFO: 2024/12/08 21:56:47 Skipping cached link: https://www.eventbrite.com/d/nj--clifton/all-events/
INFO: 2024/12/08 21:56:47 Added new link to cache: https://www.eventbrite.com/d/nj--morris-township/all-events/ with TTL of 24 hours
INFO: 2024/12/08 21:56:47 Skipping cached link: https://www.eventbrite.com/d/nj--west-new-york/all-events/
INFO: 2024/12/08 21:56:47 Skipping cached link: https://www.eventbrite.com/d/nj--monroe/all-events/
INFO: 2024/12/08 21:56:47 Skipping cached link: https://www.eventbrite.com/d/nj--brick/all-events/
INFO: 2024/12/08 21:56:47 Skipping cached link: https://www.eventbrite.com/d/nj--edison/all-events/
INFO: 2024/12/08 21:56:47 Skipping cached link: https://www.eventbrite.com/d/nj--passaic/all-events/
INFO: 2024/12/08 21:56:47 Skipping cached link: https://www.eventbrite.com/d/nj--new-brunswick/all-events/
INFO: 2024/12/08 21:56:47 Skipping cached link: https://www.eventbrite.com/d/nj--gloucester-township/all-events/
INFO: 2024/12/08 21:56:47 Skipping cached link: https://www.eventbrite.com/d/nj--hamilton/all-events/
INFO: 2024/12/08 21:56:47 Skipping cached link: https://www.eventbrite.com/d/nj--jersey-city/all-events/
INFO: 2024/12/08 21:56:47 Skipping cached link: https://www.eventbrite.com/d/nj--perth-amboy/all-events/
INFO: 2024/12/08 21:56:47 Skipping cached link: https://www.eventbrite.com/d/nj--east-brunswick/all-events/
INFO: 2024/12/08 21:56:47 Skipping cached link: https://www.eventbrite.com/d/nj--bridgewater/all-events/
INFO: 2024/12/08 21:56:47 Skipping cached link: https://www.eventbrite.com/d/nj--bloomfield/all-events/
INFO: 2024/12/08 21:56:47 Skipping cached link: https://www.eventbrite.com/d/nj--howell/all-events/
INFO: 2024/12/08 21:56:47 Skipping cached link: https://www.eventbrite.com/d/nj--middletown/all-events/
INFO: 2024/12/08 21:56:47 Skipping cached link: https://www.eventbrite.com/d/nj--old-bridge/all-events/
INFO: 2024/12/08 21:56:47 Skipping cached link: https://www.eventbrite.com/d/nj--wayne/all-events/
INFO: 2024/12/08 21:56:47 Skipping cached link: https://www.eventbrite.com/d/nj--union-city/all-events/
INFO: 2024/12/08 21:56:47 Skipping cached link: https://www.eventbrite.com/d/nj--jackson/all-events/
INFO: 2024/12/08 21:56:47 Skipping cached link: https://www.eventbrite.com/d/nj--trenton/all-events/
INFO: 2024/12/08 21:56:47 Skipping cached link: https://www.eventbrite.com/d/nj--washington-township/all-events/
INFO: 2024/12/08 21:56:47 Skipping cached link: https://www.eventbrite.com/d/nj--irvington/all-events/
INFO: 2024/12/08 21:56:47 Skipping cached link: https://www.eventbrite.com/d/nj--east-orange/all-events/
INFO: 2024/12/08 21:56:47 Skipping cached link: https://www.eventbrite.com/d/nj--voorhees/all-events/
INFO: 2024/12/08 21:56:47 Skipping cached link: https://www.eventbrite.com/d/nj--elizabeth/all-events/
INFO: 2024/12/08 21:56:47 Skipping cached link: https://www.eventbrite.com/d/nj--vineland/all-events/
INFO: 2024/12/08 21:56:47 Skipping cached link: https://www.eventbrite.com/d/nj--mount-laurel/all-events/
INFO: 2024/12/08 21:56:47 Skipping cached link: https://www.eventbrite.com/d/nj--sayreville/all-events/
INFO: 2024/12/08 21:56:47 Skipping cached link: https://www.eventbrite.com/d/nj--hackensack/all-events/
INFO: 2024/12/08 21:56:47 Skipping cached link: https://www.eventbrite.com/d/nj--egg-harbor/all-events/
INFO: 2024/12/08 21:56:47 Skipping cached link: https://www.eventbrite.com/d/nj--paterson/all-events/
INFO: 2024/12/08 21:56:47 Skipping cached link: https://www.eventbrite.com/d/nj--woodbridge/all-events/
INFO: 2024/12/08 21:56:47 Skipping cached link: https://www.eventbrite.com/d/nj--south-brunswick/all-events/
INFO: 2024/12/08 21:56:47 Skipping cached link: https://www.eventbrite.com/d/nj--piscataway/all-events/
INFO: 2024/12/08 21:56:47 Skipping cached link: https://www.eventbrite.com/d/nj--franklin/all-events/
INFO: 2024/12/08 21:56:47 Skipping cached link: https://www.eventbrite.com/d/nj--parsippany/all-events/
INFO: 2024/12/08 21:56:47 Skipping cached link: https://www.eventbrite.com/d/nj--hoboken/all-events/
INFO: 2024/12/08 21:56:47 Skipping cached link: https://www.eventbrite.com/d/nj--evesham/all-events/
INFO: 2024/12/08 21:56:47 Skipping cached link: https://www.eventbrite.com/d/nj--cherry-hill/all-events/
INFO: 2024/12/08 21:56:47 Skipping cached link: https://www.eventbrite.com/d/nj--washington-township/all-events/
INFO: 2024/12/08 21:56:47 Added new link to cache: https://www.eventbrite.com/d/nj--secaucus/all-events/ with TTL of 24 hours
INFO: 2024/12/08 21:56:47 Skipping cached link: https://www.eventbrite.com/d/nj--cinnaminson/all-events/
INFO: 2024/12/08 21:56:47 Skipping cached link: https://www.eventbrite.com/d/nj--plainfield/all-events/
INFO: 2024/12/08 21:56:47 Skipping cached link: https://www.eventbrite.com/d/nj--camden/all-events/
INFO: 2024/12/08 21:56:47 Skipping cached link: https://www.eventbrite.com/d/nj--south-orange-village/all-events/
INFO: 2024/12/08 21:56:47 Skipping cached link: https://www.eventbrite.com/d/nj--toms-river/all-events/
INFO: 2024/12/08 21:56:47 Skipping cached link: https://www.eventbrite.com/d/nj--hopewell-township/all-events/
INFO: 2024/12/08 21:56:47 Added new link to cache: https://www.eventbrite.com/d/nj--west-deptford/all-events/ with TTL of 24 hours
INFO: 2024/12/08 21:56:47 Added new link to cache: https://www.eventbrite.com/d/nj--jefferson/all-events/ with TTL of 24 hours
INFO: 2024/12/08 21:56:47 Added new link to cache: https://www.eventbrite.com/d/nj--millburn/all-events/ with TTL of 24 hours
INFO: 2024/12/08 21:56:47 Added new link to cache: https://www.eventbrite.com/d/nj--wyckoff/all-events/ with TTL of 24 hours
INFO: 2024/12/08 21:56:47 Added new link to cache: https://www.eventbrite.com/d/nj--hazlet/all-events/ with TTL of 24 hours
INFO: 2024/12/08 21:56:47 Added new link to cache: https://www.eventbrite.com/d/nj--little-egg-harbor/all-events/ with TTL of 24 hours
INFO: 2024/12/08 21:56:47 Added new link to cache: https://www.eventbrite.com/d/nj--lyndhurst/all-events/ with TTL of 24 hours
INFO: 2024/12/08 21:56:47 Added new link to cache: https://www.eventbrite.com/d/nj--elmwood-park/all-events/ with TTL of 24 hours
INFO: 2024/12/08 21:56:47 Added new link to cache: https://www.eventbrite.com/d/nj--dumont/all-events/ with TTL of 24 hours
INFO: 2024/12/08 21:56:47 Added new link to cache: https://www.eventbrite.com/d/nj--tinton-falls/all-events/ with TTL of 24 hours
INFO: 2024/12/08 21:56:47 Added new link to cache: https://www.eventbrite.com/d/nj--roselle/all-events/ with TTL of 24 hours
INFO: 2024/12/08 21:56:47 Added new link to cache: https://www.eventbrite.com/d/nj--moorestown/all-events/ with TTL of 24 hours
INFO: 2024/12/08 21:56:47 Added new link to cache: https://www.eventbrite.com/d/nj--sparta/all-events/ with TTL of 24 hours
INFO: 2024/12/08 21:56:47 Added new link to cache: https://www.eventbrite.com/d/nj--palisades-park/all-events/ with TTL of 24 hours
INFO: 2024/12/08 21:56:47 Added new link to cache: https://www.eventbrite.com/d/nj--aberdeen/all-events/ with TTL of 24 hours
INFO: 2024/12/08 21:56:47 Added new link to cache: https://www.eventbrite.com/d/nj--hawthorne/all-events/ with TTL of 24 hours
INFO: 2024/12/08 21:56:47 Added new link to cache: https://www.eventbrite.com/d/nj--holmdel/all-events/ with TTL of 24 hours
INFO: 2024/12/08 21:56:47 Added new link to cache: https://www.eventbrite.com/d/nj--franklin-township/all-events/ with TTL of 24 hours
INFO: 2024/12/08 21:56:47 Added new link to cache: https://www.eventbrite.com/d/nj--dover/all-events/ with TTL of 24 hours
INFO: 2024/12/08 21:56:47 Added new link to cache: https://www.eventbrite.com/d/nj--delran/all-events/ with TTL of 24 hours
INFO: 2024/12/08 21:56:47 Added new link to cache: https://www.eventbrite.com/d/nj--readington/all-events/ with TTL of 24 hours
INFO: 2024/12/08 21:56:47 Added new link to cache: https://www.eventbrite.com/d/nj--morristown/all-events/ with TTL of 24 hours
INFO: 2024/12/08 21:56:47 Added new link to cache: https://www.eventbrite.com/d/nj--maple-shade/all-events/ with TTL of 24 hours
INFO: 2024/12/08 21:56:47 Added new link to cache: https://www.eventbrite.com/d/nj--lindenwold/all-events/ with TTL of 24 hours
INFO: 2024/12/08 21:56:47 Added new link to cache: https://www.eventbrite.com/d/nj--south-river/all-events/ with TTL of 24 hours
INFO: 2024/12/08 21:56:47 Added new link to cache: https://www.eventbrite.com/d/nj--pleasantville/all-events/ with TTL of 24 hours
INFO: 2024/12/08 21:56:47 Added new link to cache: https://www.eventbrite.com/d/nj--barnegat/all-events/ with TTL of 24 hours
INFO: 2024/12/08 21:56:47 Added new link to cache: https://www.eventbrite.com/d/nj--madison/all-events/ with TTL of 24 hours
INFO: 2024/12/08 21:56:47 Added new link to cache: https://www.eventbrite.com/d/nj--rutherford/all-events/ with TTL of 24 hours
INFO: 2024/12/08 21:56:47 Added new link to cache: https://www.eventbrite.com/d/nj--point-pleasant/all-events/ with TTL of 24 hours
INFO: 2024/12/08 21:56:47 Added new link to cache: https://www.eventbrite.com/d/nj--springfield/all-events/ with TTL of 24 hours
INFO: 2024/12/08 21:56:47 Added new link to cache: https://www.eventbrite.com/d/nj--glassboro/all-events/ with TTL of 24 hours
INFO: 2024/12/08 21:56:47 Added new link to cache: https://www.eventbrite.com/d/nj--new-milford/all-events/ with TTL of 24 hours
INFO: 2024/12/08 21:56:47 Added new link to cache: https://www.eventbrite.com/d/nj--middle-township/all-events/ with TTL of 24 hours
INFO: 2024/12/08 21:56:47 Added new link to cache: https://www.eventbrite.com/d/nj--denville/all-events/ with TTL of 24 hours
INFO: 2024/12/08 21:56:47 Added new link to cache: https://www.eventbrite.com/d/nj--asbury-park/all-events/ with TTL of 24 hours
INFO: 2024/12/08 21:56:47 Added new link to cache: https://www.eventbrite.com/d/nj--hammonton/all-events/ with TTL of 24 hours
INFO: 2024/12/08 21:56:47 Added new link to cache: https://www.eventbrite.com/d/nj--warren/all-events/ with TTL of 24 hours
INFO: 2024/12/08 21:56:47 Added new link to cache: https://www.eventbrite.com/d/nj--north-arlington/all-events/ with TTL of 24 hours
INFO: 2024/12/08 21:56:47 Added new link to cache: https://www.eventbrite.com/d/nj--phillipsburg/all-events/ with TTL of 24 hours
INFO: 2024/12/08 21:56:47 Added new link to cache: https://www.eventbrite.com/d/nj--hopatcong/all-events/ with TTL of 24 hours
INFO: 2024/12/08 21:56:47 Added new link to cache: https://www.eventbrite.com/d/nj--mantua/all-events/ with TTL of 24 hours
INFO: 2024/12/08 21:56:47 Added new link to cache: https://www.eventbrite.com/d/nj--pequannock/all-events/ with TTL of 24 hours
INFO: 2024/12/08 21:56:48 Added new link to cache: https://www.eventbrite.com/d/nj--clark/all-events/ with TTL of 24 hours
INFO: 2024/12/08 21:56:50 Skipping cached link: https://www.eventbrite.com/d/nj--haddon-township/all-events/
INFO: 2024/12/08 21:56:50 Added new link to cache: https://www.eventbrite.com/d/nj--tenafly/all-events/ with TTL of 24 hours
INFO: 2024/12/08 21:56:52 Added new link to cache: https://www.eventbrite.com/d/nj--ramsey/all-events/ with TTL of 24 hours
INFO: 2024/12/08 21:56:53 Added new link to cache: https://www.eventbrite.com/d/nj--branchburg/all-events/ with TTL of 24 hours
INFO: 2024/12/08 21:56:53 Skipping cached link: https://www.eventbrite.com/d/nj--little-falls/all-events/
INFO: 2024/12/08 21:56:53 Added new link to cache: https://www.eventbrite.com/d/nj--highland-park/all-events/ with TTL of 24 hours
INFO: 2024/12/08 21:56:53 Added new link to cache: https://www.eventbrite.com/d/nj--collingswood/all-events/ with TTL of 24 hours
INFO: 2024/12/08 21:59:41 Skipping cached link: https://www.eventbrite.com/d/nj--bayonne/all-events/
INFO: 2024/12/08 21:59:41 Skipping cached link: https://www.eventbrite.com/d/nj--berkeley/all-events/
INFO: 2024/12/08 21:59:41 Skipping cached link: https://www.eventbrite.com/d/nj--middletown/all-events/
INFO: 2024/12/08 21:59:41 Skipping cached link: https://www.eventbrite.com/d/nj--plainfield/all-events/
INFO: 2024/12/08 21:59:41 Skipping cached link: https://www.eventbrite.com/d/nj--west-new-york/all-events/
INFO: 2024/12/08 21:59:41 Skipping cached link: https://www.eventbrite.com/d/nj--piscataway/all-events/
INFO: 2024/12/08 21:59:41 Skipping cached link: https://www.eventbrite.com/d/nj--hackensack/all-events/
INFO: 2024/12/08 21:59:41 Skipping cached link: https://www.eventbrite.com/d/nj--perth-amboy/all-events/
INFO: 2024/12/08 21:59:41 Skipping cached link: https://www.eventbrite.com/d/nj--bridgewater/all-events/
INFO: 2024/12/08 21:59:41 Skipping cached link: https://www.eventbrite.com/d/nj--paterson/all-events/
INFO: 2024/12/08 21:59:41 Skipping cached link: https://www.eventbrite.com/d/nj--elizabeth/all-events/
INFO: 2024/12/08 21:59:41 Skipping cached link: https://www.eventbrite.com/d/nj--toms-river/all-events/
INFO: 2024/12/08 21:59:41 Skipping cached link: https://www.eventbrite.com/d/nj--marlboro/all-events/
INFO: 2024/12/08 21:59:41 Skipping cached link: https://www.eventbrite.com/d/nj--union/all-events/
INFO: 2024/12/08 21:59:41 Skipping cached link: https://www.eventbrite.com/d/nj--egg-harbor/all-events/
INFO: 2024/12/08 21:59:41 Skipping cached link: https://www.eventbrite.com/d/nj--cherry-hill/all-events/
INFO: 2024/12/08 21:59:41 Skipping cached link: https://www.eventbrite.com/d/nj--trenton/all-events/
INFO: 2024/12/08 21:59:41 Skipping cached link: https://www.eventbrite.com/d/nj--monroe/all-events/
INFO: 2024/12/08 21:59:41 Skipping cached link: https://www.eventbrite.com/d/nj--teaneck/all-events/
INFO: 2024/12/08 21:59:41 Skipping cached link: https://www.eventbrite.com/d/nj--atlantic-city/all-events/
INFO: 2024/12/08 21:59:41 Skipping cached link: https://www.eventbrite.com/d/nj--passaic/all-events/
INFO: 2024/12/08 21:59:41 Skipping cached link: https://www.eventbrite.com/d/nj--winslow/all-events/
INFO: 2024/12/08 21:59:41 Skipping cached link: https://www.eventbrite.com/d/nj--sayreville/all-events/
INFO: 2024/12/08 21:59:41 Skipping cached link: https://www.eventbrite.com/d/nj--gloucester-township/all-events/
INFO: 2024/12/08 21:59:41 Skipping cached link: https://www.eventbrite.com/d/nj--manchester/all-events/
INFO: 2024/12/08 21:59:41 Skipping cached link: https://www.eventbrite.com/d/nj--bloomfield/all-events/
INFO: 2024/12/08 21:59:41 Skipping cached link: https://www.eventbrite.com/d/nj--jackson/all-events/
INFO: 2024/12/08 21:59:41 Skipping cached link: https://www.eventbrite.com/d/nj--irvington/all-events/
INFO: 2024/12/08 21:59:41 Skipping cached link: https://www.eventbrite.com/d/nj--hoboken/all-events/
INFO: 2024/12/08 21:59:41 Skipping cached link: https://www.eventbrite.com/d/nj--camden/all-events/
INFO: 2024/12/08 21:59:41 Skipping cached link: https://www.eventbrite.com/d/nj--old-bridge/all-events/
INFO: 2024/12/08 21:59:41 Skipping cached link: https://www.eventbrite.com/d/nj--manalapan/all-events/
INFO: 2024/12/08 21:59:41 Skipping cached link: https://www.eventbrite.com/d/nj--east-orange/all-events/
INFO: 2024/12/08 21:59:41 Skipping cached link: https://www.eventbrite.com/d/nj--new-brunswick/all-events/
INFO: 2024/12/08 21:59:41 Skipping cached link: https://www.eventbrite.com/d/nj--south-brunswick/all-events/
INFO: 2024/12/08 21:59:41 Skipping cached link: https://www.eventbrite.com/d/nj--west-orange/all-events/
INFO: 2024/12/08 21:59:41 Skipping cached link: https://www.eventbrite.com/d/nj--clifton/all-events/
INFO: 2024/12/08 21:59:41 Skipping cached link: https://www.eventbrite.com/d/nj--howell/all-events/
INFO: 2024/12/08 21:59:41 Skipping cached link: https://www.eventbrite.com/d/nj--wayne/all-events/
INFO: 2024/12/08 21:59:41 Skipping cached link: https://www.eventbrite.com/d/nj--washington-township/all-events/
INFO: 2024/12/08 21:59:41 Skipping cached link: https://www.eventbrite.com/d/nj--north-brunswick/all-events/
INFO: 2024/12/08 21:59:41 Skipping cached link: https://www.eventbrite.com/d/nj--willingboro/all-events/
INFO: 2024/12/08 21:59:41 Skipping cached link: https://www.eventbrite.com/d/nj--east-brunswick/all-events/
INFO: 2024/12/08 21:59:41 Skipping cached link: https://www.eventbrite.com/d/nj--fair-lawn/all-events/
INFO: 2024/12/08 21:59:41 Skipping cached link: https://www.eventbrite.com/d/nj--long-branch/all-events/
INFO: 2024/12/08 21:59:41 Skipping cached link: https://www.eventbrite.com/d/nj--hamilton/all-events/
INFO: 2024/12/08 21:59:41 Skipping cached link: https://www.eventbrite.com/d/nj--deptford/all-events/
INFO: 2024/12/08 21:59:41 Skipping cached link: https://www.eventbrite.com/d/nj--union-city/all-events/
INFO: 2024/12/08 21:59:41 Skipping cached link: https://www.eventbrite.com/d/nj--ewing/all-events/
INFO: 2024/12/08 21:59:41 Skipping cached link: https://www.eventbrite.com/d/nj--hillsborough/all-events/
INFO: 2024/12/08 21:59:41 Skipping cached link: https://www.eventbrite.com/d/nj--franklin/all-events/
INFO: 2024/12/08 21:59:41 Skipping cached link: https://www.eventbrite.com/d/nj--north-bergen/all-events/
INFO: 2024/12/08 21:59:41 Skipping cached link: https://www.eventbrite.com/d/nj--vineland/all-events/
INFO: 2024/12/08 21:59:41 Skipping cached link: https://www.eventbrite.com/d/nj--lakewood/all-events/
INFO: 2024/12/08 21:59:41 Skipping cached link: https://www.eventbrite.com/d/nj--evesham/all-events/
INFO: 2024/12/08 21:59:41 Skipping cached link: https://www.eventbrite.com/d/nj--woodbridge/all-events/
INFO: 2024/12/08 21:59:41 Skipping cached link: https://www.eventbrite.com/d/nj--edison/all-events/
INFO: 2024/12/08 21:59:41 Skipping cached link: https://www.eventbrite.com/d/nj--garfield/all-events/
INFO: 2024/12/08 21:59:41 Skipping cached link: https://www.eventbrite.com/d/nj--livingston/all-events/
INFO: 2024/12/08 21:59:41 Skipping cached link: https://www.eventbrite.com/d/nj--lawrence/all-events/
INFO: 2024/12/08 21:59:41 Skipping cached link: https://www.eventbrite.com/d/nj--voorhees/all-events/
INFO: 2024/12/08 21:59:41 Skipping cached link: https://www.eventbrite.com/d/nj--city-of-orange/all-events/
INFO: 2024/12/08 21:59:41 Skipping cached link: https://www.eventbrite.com/d/nj--westfield/all-events/
INFO: 2024/12/08 21:59:41 Skipping cached link: https://www.eventbrite.com/d/nj--west-windsor/all-events/
INFO: 2024/12/08 21:59:41 Skipping cached link: https://www.eventbrite.com/d/nj--lacey/all-events/
INFO: 2024/12/08 21:59:41 Skipping cached link: https://www.eventbrite.com/d/nj--rahway/all-events/
INFO: 2024/12/08 21:59:41 Skipping cached link: https://www.eventbrite.com/d/nj--ocean-township/all-events/
INFO: 2024/12/08 21:59:41 Skipping cached link: https://www.eventbrite.com/d/nj--east-windsor/all-events/
INFO: 2024/12/08 21:59:41 Skipping cached link: https://www.eventbrite.com/d/nj--nutley/all-events/
INFO: 2024/12/08 21:59:41 Skipping cached link: https://www.eventbrite.com/d/nj--princeton[note-1]/all-events/
INFO: 2024/12/08 21:59:41 Skipping cached link: https://www.eventbrite.com/d/nj--millville/all-events/
INFO: 2024/12/08 21:59:41 Skipping cached link: https://www.eventbrite.com/d/nj--parsippany/all-events/
INFO: 2024/12/08 21:59:41 Skipping cached link: https://www.eventbrite.com/d/nj--mount-laurel/all-events/
INFO: 2024/12/08 21:59:41 Skipping cached link: https://www.eventbrite.com/d/nj--jersey-city/all-events/
INFO: 2024/12/08 21:59:41 Skipping cached link: https://www.eventbrite.com/d/nj--linden/all-events/
INFO: 2024/12/08 21:59:41 Skipping cached link: https://www.eventbrite.com/d/nj--brick/all-events/
INFO: 2024/12/08 21:59:41 Skipping cached link: https://www.eventbrite.com/d/nj--montclair/all-events/
INFO: 2024/12/08 21:59:41 Skipping cached link: https://www.eventbrite.com/d/nj--kearny/all-events/
INFO: 2024/12/08 21:59:41 Skipping cached link: https://www.eventbrite.com/d/nj--mount-olive/all-events/
INFO: 2024/12/08 21:59:41 Skipping cached link: https://www.eventbrite.com/d/nj--galloway/all-events/
INFO: 2024/12/08 21:59:41 Skipping cached link: https://www.eventbrite.com/d/nj--newark/all-events/
INFO: 2024/12/08 21:59:41 Skipping cached link: https://www.eventbrite.com/d/nj--pennsauken/all-events/
INFO: 2024/12/08 21:59:41 Skipping cached link: https://www.eventbrite.com/d/nj--belleville/all-events/
INFO: 2024/12/08 21:59:41 Skipping cached link: https://www.eventbrite.com/d/nj--neptune/all-events/
INFO: 2024/12/08 21:59:41 Skipping cached link: https://www.eventbrite.com/d/nj--fort-lee/all-events/
INFO: 2024/12/08 21:59:41 Skipping cached link: https://www.eventbrite.com/d/nj--palisades-park/all-events/
INFO: 2024/12/08 21:59:41 Skipping cached link: https://www.eventbrite.com/d/nj--montville/all-events/
INFO: 2024/12/08 21:59:41 Skipping cached link: https://www.eventbrite.com/d/nj--west-deptford/all-events/
INFO: 2024/12/08 21:59:41 Skipping cached link: https://www.eventbrite.com/d/nj--sparta/all-events/
INFO: 2024/12/08 21:59:41 Skipping cached link: https://www.eventbrite.com/d/nj--pemberton-township/all-events/
INFO: 2024/12/08 21:59:41 Skipping cached link: https://www.eventbrite.com/d/nj--cliffside-park/all-events/
INFO: 2024/12/08 21:59:41 Skipping cached link: https://www.eventbrite.com/d/nj--carteret/all-events/
INFO: 2024/12/08 21:59:41 Skipping cached link: https://www.eventbrite.com/d/nj--south-plainfield/all-events/
INFO: 2024/12/08 21:59:41 Skipping cached link: https://www.eventbrite.com/d/nj--west-milford/all-events/
INFO: 2024/12/08 21:59:41 Skipping cached link: https://www.eventbrite.com/d/nj--raritan-township/all-events/
INFO: 2024/12/08 21:59:41 Skipping cached link: https://www.eventbrite.com/d/nj--lodi/all-events/
INFO: 2024/12/08 21:59:41 Skipping cached link: https://www.eventbrite.com/d/nj--hazlet/all-events/
INFO: 2024/12/08 21:59:41 Skipping cached link: https://www.eventbrite.com/d/nj--englewood/all-events/
INFO: 2024/12/08 21:59:41 Skipping cached link: https://www.eventbrite.com/d/nj--wall/all-events/
INFO: 2024/12/08 21:59:41 Skipping cached link: https://www.eventbrite.com/d/nj--mahwah/all-events/
INFO: 2024/12/08 21:59:41 Skipping cached link: https://www.eventbrite.com/d/nj--stafford-township/all-events/
INFO: 2024/12/08 21:59:41 Skipping cached link: https://www.eventbrite.com/d/nj--rockaway-township/all-events/
INFO: 2024/12/08 21:59:41 Skipping cached link: https://www.eventbrite.com/d/nj--monroe-township/all-events/
INFO: 2024/12/08 21:59:41 Skipping cached link: https://www.eventbrite.com/d/nj--barnegat/all-events/
INFO: 2024/12/08 21:59:41 Skipping cached link: https://www.eventbrite.com/d/nj--bergenfield/all-events/
INFO: 2024/12/08 21:59:41 Skipping cached link: https://www.eventbrite.com/d/nj--jefferson/all-events/
INFO: 2024/12/08 21:59:41 Skipping cached link: https://www.eventbrite.com/d/nj--scotch-plains/all-events/
INFO: 2024/12/08 21:59:41 Skipping cached link: https://www.eventbrite.com/d/nj--moorestown/all-events/
INFO: 2024/12/08 21:59:41 Skipping cached link: https://www.eventbrite.com/d/nj--lyndhurst/all-events/
INFO: 2024/12/08 21:59:41 Skipping cached link: https://www.eventbrite.com/d/nj--vernon/all-events/
INFO: 2024/12/08 21:59:41 Skipping cached link: https://www.eventbrite.com/d/nj--burlington-township/all-events/
INFO: 2024/12/08 21:59:41 Skipping cached link: https://www.eventbrite.com/d/nj--hillside/all-events/
INFO: 2024/12/08 21:59:41 Skipping cached link: https://www.eventbrite.com/d/nj--medford/all-events/
INFO: 2024/12/08 21:59:41 Skipping cached link: https://www.eventbrite.com/d/nj--roselle/all-events/
INFO: 2024/12/08 21:59:41 Skipping cached link: https://www.eventbrite.com/d/nj--freehold-township/all-events/
INFO: 2024/12/08 21:59:41 Skipping cached link: https://www.eventbrite.com/d/nj--ridgewood/all-events/
INFO: 2024/12/08 21:59:41 Skipping cached link: https://www.eventbrite.com/d/nj--summit/all-events/
INFO: 2024/12/08 21:59:41 Skipping cached link: https://www.eventbrite.com/d/nj--plainsboro/all-events/
INFO: 2024/12/08 21:59:41 Skipping cached link: https://www.eventbrite.com/d/nj--bernards-township/all-events/
INFO: 2024/12/08 21:59:41 Skipping cached link: https://www.eventbrite.com/d/nj--millburn/all-events/
INFO: 2024/12/08 21:59:41 Skipping cached link: https://www.eventbrite.com/d/nj--pleasantville/all-events/
INFO: 2024/12/08 21:59:41 Skipping cached link: https://www.eventbrite.com/d/nj--cranford/all-events/
INFO: 2024/12/08 21:59:41 Skipping cached link: https://www.eventbrite.com/d/nj--lower-township/all-events/
INFO: 2024/12/08 21:59:41 Skipping cached link: https://www.eventbrite.com/d/nj--randolph/all-events/
INFO: 2024/12/08 21:59:41 Skipping cached link: https://www.eventbrite.com/d/nj--roxbury/all-events/
INFO: 2024/12/08 21:59:41 Skipping cached link: https://www.eventbrite.com/d/nj--paramus/all-events/
INFO: 2024/12/08 21:59:41 Skipping cached link: https://www.eventbrite.com/d/nj--morris-township/all-events/
INFO: 2024/12/08 21:59:41 Skipping cached link: https://www.eventbrite.com/d/nj--montgomery/all-events/
INFO: 2024/12/08 21:59:41 Skipping cached link: https://www.eventbrite.com/d/nj--north-plainfield/all-events/
INFO: 2024/12/08 21:59:41 Skipping cached link: https://www.eventbrite.com/d/nj--bridgeton/all-events/
INFO: 2024/12/08 21:59:41 Skipping cached link: https://www.eventbrite.com/d/nj--north-arlington/all-events/
INFO: 2024/12/08 21:59:41 Skipping cached link: https://www.eventbrite.com/d/nj--little-egg-harbor/all-events/
INFO: 2024/12/08 21:59:41 Skipping cached link: https://www.eventbrite.com/d/nj--hamilton-township/all-events/
INFO: 2024/12/08 21:59:41 Skipping cached link: https://www.eventbrite.com/d/nj--maplewood/all-events/
INFO: 2024/12/08 21:59:41 Skipping cached link: https://www.eventbrite.com/d/nj--elmwood-park/all-events/
INFO: 2024/12/08 21:59:41 Skipping cached link: https://www.eventbrite.com/d/nj--maple-shade/all-events/
INFO: 2024/12/08 21:59:41 Skipping cached link: https://www.eventbrite.com/d/nj--point-pleasant/all-events/
INFO: 2024/12/08 21:59:41 Skipping cached link: https://www.eventbrite.com/d/nj--hawthorne/all-events/
INFO: 2024/12/08 21:59:41 Skipping cached link: https://www.eventbrite.com/d/nj--morristown/all-events/
INFO: 2024/12/08 21:59:41 Skipping cached link: https://www.eventbrite.com/d/nj--glassboro/all-events/
INFO: 2024/12/08 21:59:41 Skipping cached link: https://www.eventbrite.com/d/nj--middle-township/all-events/
INFO: 2024/12/08 21:59:41 Skipping cached link: https://www.eventbrite.com/d/nj--aberdeen/all-events/
INFO: 2024/12/08 21:59:41 Skipping cached link: https://www.eventbrite.com/d/nj--pequannock/all-events/
INFO: 2024/12/08 21:59:41 Skipping cached link: https://www.eventbrite.com/d/nj--rutherford/all-events/
INFO: 2024/12/08 21:59:41 Skipping cached link: https://www.eventbrite.com/d/nj--dover/all-events/
INFO: 2024/12/08 21:59:41 Skipping cached link: https://www.eventbrite.com/d/nj--hopewell-township/all-events/
INFO: 2024/12/08 21:59:41 Skipping cached link: https://www.eventbrite.com/d/nj--franklin-township/all-events/
INFO: 2024/12/08 21:59:41 Skipping cached link: https://www.eventbrite.com/d/nj--lindenwold/all-events/
INFO: 2024/12/08 21:59:41 Skipping cached link: https://www.eventbrite.com/d/nj--denville/all-events/
INFO: 2024/12/08 21:59:41 Skipping cached link: https://www.eventbrite.com/d/nj--dumont/all-events/
INFO: 2024/12/08 21:59:41 Skipping cached link: https://www.eventbrite.com/d/nj--delran/all-events/
INFO: 2024/12/08 21:59:41 Skipping cached link: https://www.eventbrite.com/d/nj--holmdel/all-events/
INFO: 2024/12/08 21:59:41 Skipping cached link: https://www.eventbrite.com/d/nj--wyckoff/all-events/
INFO: 2024/12/08 21:59:41 Skipping cached link: https://www.eventbrite.com/d/nj--secaucus/all-events/
INFO: 2024/12/08 21:59:41 Skipping cached link: https://www.eventbrite.com/d/nj--hopatcong/all-events/
INFO: 2024/12/08 21:59:41 Skipping cached link: https://www.eventbrite.com/d/nj--mantua/all-events/
INFO: 2024/12/08 21:59:41 Skipping cached link: https://www.eventbrite.com/d/nj--warren/all-events/
INFO: 2024/12/08 21:59:41 Skipping cached link: https://www.eventbrite.com/d/nj--asbury-park/all-events/
INFO: 2024/12/08 21:59:41 Skipping cached link: https://www.eventbrite.com/d/nj--south-river/all-events/
INFO: 2024/12/08 21:59:41 Skipping cached link: https://www.eventbrite.com/d/nj--readington/all-events/
INFO: 2024/12/08 21:59:41 Skipping cached link: https://www.eventbrite.com/d/nj--madison/all-events/
INFO: 2024/12/08 21:59:41 Skipping cached link: https://www.eventbrite.com/d/nj--south-orange-village/all-events/
INFO: 2024/12/08 21:59:41 Skipping cached link: https://www.eventbrite.com/d/nj--cinnaminson/all-events/
INFO: 2024/12/08 21:59:41 Skipping cached link: https://www.eventbrite.com/d/nj--new-milford/all-events/
INFO: 2024/12/08 21:59:41 Skipping cached link: https://www.eventbrite.com/d/nj--springfield/all-events/
INFO: 2024/12/08 21:59:41 Skipping cached link: https://www.eventbrite.com/d/nj--tinton-falls/all-events/
INFO: 2024/12/08 21:59:41 Skipping cached link: https://www.eventbrite.com/d/nj--highland-park/all-events/
INFO: 2024/12/08 21:59:41 Skipping cached link: https://www.eventbrite.com/d/nj--little-falls/all-events/
INFO: 2024/12/08 21:59:41 Skipping cached link: https://www.eventbrite.com/d/nj--collingswood/all-events/
INFO: 2024/12/08 21:59:41 Skipping cached link: https://www.eventbrite.com/d/nj--branchburg/all-events/
INFO: 2024/12/08 21:59:41 Skipping cached link: https://www.eventbrite.com/d/nj--ramsey/all-events/
INFO: 2024/12/08 21:59:41 Skipping cached link: https://www.eventbrite.com/d/nj--tenafly/all-events/
INFO: 2024/12/08 21:59:41 Skipping cached link: https://www.eventbrite.com/d/nj--clark/all-events/
INFO: 2024/12/08 21:59:41 Skipping cached link: https://www.eventbrite.com/d/nj--hammonton/all-events/
INFO: 2024/12/08 21:59:41 Skipping cached link: https://www.eventbrite.com/d/nj--haddon-township/all-events/
INFO: 2024/12/08 21:59:41 Skipping cached link: https://www.eventbrite.com/d/nj--phillipsburg/all-events/
INFO: 2024/12/08 21:59:41 Skipping cached link: https://www.eventbrite.com/d/nj--washington-township/all-events/
INFO: 2024/12/08 21:59:41 Skipping cached link: https://www.eventbrite.com/d/nj--upper-township/all-events/
INFO: 2024/12/08 21:59:41 Skipping cached link: https://www.eventbrite.com/d/nj--west-caldwell/all-events/
INFO: 2024/12/08 21:59:41 Skipping cached link: https://www.eventbrite.com/d/nj--waterford/all-events/
INFO: 2024/12/08 21:59:47 Skipping cached link: https://www.eventbrite.com/d/nj--woolwich-township/all-events/
