INFO: 2024/12/02 23:50:53 Added new link to cache: https://www.eventbrite.com/d/colorado--fulford/all-events/ with TTL of 3 days
INFO: 2024/12/02 23:50:53 Added new link to cache: https://www.eventbrite.com/d/south dakota--long lake colony/all-events/ with TTL of 3 days
INFO: 2024/12/02 23:50:53 Added new link to cache: https://www.eventbrite.com/d/california--phillipsville/all-events/ with TTL of 3 days
INFO: 2024/12/02 23:50:53 Added new link to cache: https://www.eventbrite.com/d/missouri--hollywood/all-events/ with TTL of 3 days
INFO: 2024/12/02 23:50:53 Added new link to cache: https://www.eventbrite.com/d/montana--belknap/all-events/ with TTL of 3 days
INFO: 2024/12/02 23:50:53 Added new link to cache: https://www.eventbrite.com/d/nebraska--raeville/all-events/ with TTL of 3 days
INFO: 2024/12/02 23:50:53 Added new link to cache: https://www.eventbrite.com/d/new mexico--old town/all-events/ with TTL of 3 days
INFO: 2024/12/02 23:50:53 Added new link to cache: https://www.eventbrite.com/d/missouri--goss/all-events/ with TTL of 3 days
INFO: 2024/12/02 23:50:53 Added new link to cache: https://www.eventbrite.com/d/illinois--big foot prairie/all-events/ with TTL of 3 days
INFO: 2024/12/02 23:50:53 Added new link to cache: https://www.eventbrite.com/d/south dakota--rosedale colony/all-events/ with TTL of 3 days
INFO: 2024/12/02 23:50:53 Added new link to cache: https://www.eventbrite.com/d/texas--amada acres/all-events/ with TTL of 3 days
INFO: 2024/12/02 23:50:53 Added new link to cache: https://www.eventbrite.com/d/california--pearsonville/all-events/ with TTL of 3 days
INFO: 2024/12/02 23:50:53 Added new link to cache: https://www.eventbrite.com/d/colorado--wolcott/all-events/ with TTL of 3 days
INFO: 2024/12/02 23:50:53 Added new link to cache: https://www.eventbrite.com/d/mississippi--nitta yuma/all-events/ with TTL of 3 days
INFO: 2024/12/02 23:50:53 Added new link to cache: https://www.eventbrite.com/d/montana--antelope/all-events/ with TTL of 3 days
INFO: 2024/12/02 23:50:53 Added new link to cache: https://www.eventbrite.com/d/montana--horizon colony/all-events/ with TTL of 3 days
INFO: 2024/12/02 23:50:53 Added new link to cache: https://www.eventbrite.com/d/texas--casas/all-events/ with TTL of 3 days
INFO: 2024/12/02 23:50:53 Added new link to cache: https://www.eventbrite.com/d/montana--fair haven colony/all-events/ with TTL of 3 days
INFO: 2024/12/02 23:50:53 Added new link to cache: https://www.eventbrite.com/d/texas--ramireno/all-events/ with TTL of 3 days
INFO: 2024/12/02 23:50:53 Added new link to cache: https://www.eventbrite.com/d/montana--hartland colony/all-events/ with TTL of 3 days
INFO: 2024/12/02 23:50:53 Added new link to cache: https://www.eventbrite.com/d/alabama--catherine/all-events/ with TTL of 3 days
INFO: 2024/12/02 23:50:53 Added new link to cache: https://www.eventbrite.com/d/maryland--swanton/all-events/ with TTL of 3 days
INFO: 2024/12/02 23:50:53 Added new link to cache: https://www.eventbrite.com/d/texas--regino ramirez/all-events/ with TTL of 3 days
INFO: 2024/12/02 23:50:53 Added new link to cache: https://www.eventbrite.com/d/texas--san fernando/all-events/ with TTL of 3 days
INFO: 2024/12/02 23:50:53 Added new link to cache: https://www.eventbrite.com/d/california--paxton/all-events/ with TTL of 3 days
INFO: 2024/12/02 23:52:39 Added new link to cache: https://www.eventbrite.com/d/greece--xylókastro/events/ with TTL of 3 days
INFO: 2024/12/02 23:52:39 Added new link to cache: https://www.eventbrite.com/d/spain--aguilar/events/ with TTL of 3 days
INFO: 2024/12/02 23:52:39 Added new link to cache: https://www.eventbrite.com/d/romania--gura humorului/events/ with TTL of 3 days
INFO: 2024/12/02 23:52:39 Added new link to cache: https://www.eventbrite.com/d/brazil--bocaiúva do sul/events/ with TTL of 3 days
INFO: 2024/12/02 23:52:39 Added new link to cache: https://www.eventbrite.com/d/el salvador--san rafael oriente/events/ with TTL of 3 days
INFO: 2024/12/02 23:52:39 Added new link to cache: https://www.eventbrite.com/d/germany--cremlingen/events/ with TTL of 3 days
INFO: 2024/12/02 23:52:39 Added new link to cache: https://www.eventbrite.com/d/ukraine--terebovlya/events/ with TTL of 3 days
INFO: 2024/12/02 23:52:39 Added new link to cache: https://www.eventbrite.com/d/morocco--reggada/events/ with TTL of 3 days
INFO: 2024/12/02 23:52:39 Added new link to cache: https://www.eventbrite.com/d/france--carros/events/ with TTL of 3 days
INFO: 2024/12/02 23:52:39 Added new link to cache: https://www.eventbrite.com/d/germany--zehdenick/events/ with TTL of 3 days
INFO: 2024/12/02 23:52:39 Added new link to cache: https://www.eventbrite.com/d/west bank--bayt sāḩūr/events/ with TTL of 3 days
INFO: 2024/12/02 23:52:39 Added new link to cache: https://www.eventbrite.com/d/india--aginiparru/events/ with TTL of 3 days
INFO: 2024/12/02 23:52:39 Added new link to cache: https://www.eventbrite.com/d/india--annāmalainagar/events/ with TTL of 3 days
INFO: 2024/12/02 23:52:39 Added new link to cache: https://www.eventbrite.com/d/algeria--oued tlélat/events/ with TTL of 3 days
INFO: 2024/12/02 23:52:39 Added new link to cache: https://www.eventbrite.com/d/germany--hüllhorst/events/ with TTL of 3 days
INFO: 2024/12/02 23:52:39 Added new link to cache: https://www.eventbrite.com/d/chile--catemu/events/ with TTL of 3 days
INFO: 2024/12/02 23:52:39 Added new link to cache: https://www.eventbrite.com/d/italy--vetralla/events/ with TTL of 3 days
INFO: 2024/12/02 23:52:39 Added new link to cache: https://www.eventbrite.com/d/united kingdom--standish/events/ with TTL of 3 days
INFO: 2024/12/02 23:52:39 Added new link to cache: https://www.eventbrite.com/d/india--pānchgani/events/ with TTL of 3 days
INFO: 2024/12/02 23:52:39 Added new link to cache: https://www.eventbrite.com/d/india--fatehpur/events/ with TTL of 3 days
INFO: 2024/12/02 23:52:39 Added new link to cache: https://www.eventbrite.com/d/spain--guillena/events/ with TTL of 3 days
INFO: 2024/12/02 23:52:39 Added new link to cache: https://www.eventbrite.com/d/france--argentan/events/ with TTL of 3 days
INFO: 2024/12/02 23:52:39 Added new link to cache: https://www.eventbrite.com/d/iraq--kūhbil/events/ with TTL of 3 days
INFO: 2024/12/02 23:52:39 Added new link to cache: https://www.eventbrite.com/d/turkey--ikizce/events/ with TTL of 3 days
INFO: 2024/12/02 23:52:39 Added new link to cache: https://www.eventbrite.com/d/thailand--ang thong/events/ with TTL of 3 days
INFO: 2024/12/02 23:52:39 Added new link to cache: https://www.eventbrite.com/d/belgium--ertvelde/events/ with TTL of 3 days
INFO: 2024/12/02 23:52:39 Added new link to cache: https://www.eventbrite.com/d/india--aliganj/events/ with TTL of 3 days
INFO: 2024/12/02 23:52:39 Added new link to cache: https://www.eventbrite.com/d/thailand--ban pa hung/events/ with TTL of 3 days
INFO: 2024/12/02 23:52:39 Added new link to cache: https://www.eventbrite.com/d/madagascar--namorona/events/ with TTL of 3 days
INFO: 2024/12/02 23:52:39 Added new link to cache: https://www.eventbrite.com/d/nepal--manahari̇̄/events/ with TTL of 3 days
INFO: 2024/12/02 23:52:39 Added new link to cache: https://www.eventbrite.com/d/india--pālkot/events/ with TTL of 3 days
INFO: 2024/12/02 23:52:40 Added new link to cache: https://www.eventbrite.com/d/india--navani/events/ with TTL of 3 days
INFO: 2024/12/02 23:52:40 Added new link to cache: https://www.eventbrite.com/d/france--beauchamp/events/ with TTL of 3 days
INFO: 2024/12/02 23:52:40 Added new link to cache: https://www.eventbrite.com/d/india--urpāar/events/ with TTL of 3 days
INFO: 2024/12/02 23:52:40 Added new link to cache: https://www.eventbrite.com/d/united kingdom--emsworth/events/ with TTL of 3 days
INFO: 2024/12/02 23:52:40 Added new link to cache: https://www.eventbrite.com/d/india--alāwalpur/events/ with TTL of 3 days
INFO: 2024/12/02 23:52:40 Added new link to cache: https://www.eventbrite.com/d/brazil--casca/events/ with TTL of 3 days
INFO: 2024/12/02 23:52:40 Added new link to cache: https://www.eventbrite.com/d/india--barnāon/events/ with TTL of 3 days
INFO: 2024/12/02 23:52:40 Added new link to cache: https://www.eventbrite.com/d/russia--turukhansk/events/ with TTL of 3 days
INFO: 2024/12/02 23:52:40 Added new link to cache: https://www.eventbrite.com/d/iceland--egilsstaðir/events/ with TTL of 3 days
INFO: 2024/12/02 23:52:40 Added new link to cache: https://www.eventbrite.com/d/guinea--boffa/events/ with TTL of 3 days
