REQUEST: 2024/11/23 12:39:27 Requesting https://www.eventbrite.com/d/nj--name/all-events/?page=1 [Method: GET, Headers: &map[Accept-Language:[en-US] User-Agent:[colly - https://github.com/gocolly/colly]], Timestamp: 2024-11-23T12:39:27-05:00]
REQUEST: 2024/11/23 12:39:28 Finished processing site https://www.eventbrite.com/d/united-states--new-jersey/all-events/?page=1 [Status: 200, Length: 801330 bytes, Timestamp: 2024-11-23T12:39:28-05:00]
REQUEST: 2024/11/23 12:39:28 Requesting https://www.eventbrite.com/d/nj--name/all-events/?page=2 [Method: GET, Headers: &map[Accept-Language:[en-US] User-Agent:[colly - https://github.com/gocolly/colly]], Timestamp: 2024-11-23T12:39:28-05:00]
REQUEST: 2024/11/23 12:40:05 Requesting https://www.eventbrite.com/d/nj--name/all-events/?page=1 [Method: GET, Headers: &map[Accept-Language:[en-US] User-Agent:[colly - https://github.com/gocolly/colly]], Timestamp: 2024-11-23T12:40:05-05:00]
REQUEST: 2024/11/23 12:40:05 Finished processing site https://www.eventbrite.com/d/united-states--new-jersey/all-events/?page=1 [Status: 200, Length: 801330 bytes, Timestamp: 2024-11-23T12:40:05-05:00]
REQUEST: 2024/11/23 12:40:05 Requesting https://www.eventbrite.com/d/nj--name/all-events/?page=2 [Method: GET, Headers: &map[Accept-Language:[en-US] User-Agent:[colly - https://github.com/gocolly/colly]], Timestamp: 2024-11-23T12:40:05-05:00]
REQUEST: 2024/11/23 12:40:05 Finished processing site https://www.eventbrite.com/d/united-states--new-jersey/all-events/?page=2 [Status: 200, Length: 793605 bytes, Timestamp: 2024-11-23T12:40:05-05:00]
REQUEST: 2024/11/23 12:40:05 Requesting https://www.eventbrite.com/d/nj--name/all-events/?page=3 [Method: GET, Headers: &map[Accept-Language:[en-US] User-Agent:[colly - https://github.com/gocolly/colly]], Timestamp: 2024-11-23T12:40:05-05:00]
REQUEST: 2024/11/23 12:40:07 Finished processing site https://www.eventbrite.com/d/united-states--new-jersey/all-events/?page=3 [Status: 200, Length: 916542 bytes, Timestamp: 2024-11-23T12:40:07-05:00]
REQUEST: 2024/11/23 12:40:07 Requesting https://www.eventbrite.com/d/nj--name/all-events/?page=4 [Method: GET, Headers: &map[Accept-Language:[en-US] User-Agent:[colly - https://github.com/gocolly/colly]], Timestamp: 2024-11-23T12:40:07-05:00]
REQUEST: 2024/11/23 12:40:07 Requesting https://www.eventbrite.com/e/northeast-remle-2024-nj-registration-1073280403579?aff=ebdssbdestsearch [Method: GET, Headers: &map[Accept-Language:[en-US] User-Agent:[colly - https://github.com/gocolly/colly]], Timestamp: 2024-11-23T12:40:07-05:00]
REQUEST: 2024/11/23 12:40:08 Finished processing site https://www.eventbrite.com/e/northeast-remle-2024-nj-registration-1073280403579?aff=ebdssbdestsearch [Status: 200, Length: 197865 bytes, Timestamp: 2024-11-23T12:40:08-05:00]
REQUEST: 2024/11/23 12:40:08 Finished processing site https://www.eventbrite.com/d/united-states--new-jersey/all-events/?page=4 [Status: 200, Length: 923038 bytes, Timestamp: 2024-11-23T12:40:08-05:00]
REQUEST: 2024/11/23 12:40:09 Requesting https://www.eventbrite.com/d/nj--name/all-events/?page=5 [Method: GET, Headers: &map[Accept-Language:[en-US] User-Agent:[colly - https://github.com/gocolly/colly]], Timestamp: 2024-11-23T12:40:09-05:00]
REQUEST: 2024/11/23 12:40:10 Requesting https://www.eventbrite.com/e/njaapac-43rd-annual-district-conference-tickets-1037272348517?aff=ebdssbdestsearch [Method: GET, Headers: &map[Accept-Language:[en-US] User-Agent:[colly - https://github.com/gocolly/colly]], Timestamp: 2024-11-23T12:40:10-05:00]
REQUEST: 2024/11/23 12:40:10 Finished processing site https://www.eventbrite.com/d/united-states--new-jersey/all-events/?page=5 [Status: 200, Length: 918726 bytes, Timestamp: 2024-11-23T12:40:10-05:00]
REQUEST: 2024/11/23 12:40:10 Requesting https://www.eventbrite.com/d/nj--name/all-events/?page=6 [Method: GET, Headers: &map[Accept-Language:[en-US] User-Agent:[colly - https://github.com/gocolly/colly]], Timestamp: 2024-11-23T12:40:10-05:00]
REQUEST: 2024/11/23 12:40:11 Finished processing site https://www.eventbrite.com/d/united-states--new-jersey/all-events/?page=6 [Status: 200, Length: 911916 bytes, Timestamp: 2024-11-23T12:40:11-05:00]
REQUEST: 2024/11/23 12:40:11 Requesting https://www.eventbrite.com/d/nj--name/all-events/?page=7 [Method: GET, Headers: &map[Accept-Language:[en-US] User-Agent:[colly - https://github.com/gocolly/colly]], Timestamp: 2024-11-23T12:40:11-05:00]
REQUEST: 2024/11/23 12:40:11 Finished processing site https://www.eventbrite.com/e/njaapac-43rd-annual-district-conference-tickets-1037272348517?aff=ebdssbdestsearch [Status: 200, Length: 187052 bytes, Timestamp: 2024-11-23T12:40:11-05:00]
REQUEST: 2024/11/23 12:40:12 Finished processing site https://www.eventbrite.com/d/united-states--new-jersey/all-events/?page=7 [Status: 200, Length: 920092 bytes, Timestamp: 2024-11-23T12:40:12-05:00]
REQUEST: 2024/11/23 12:40:12 Requesting https://www.eventbrite.com/d/nj--name/all-events/?page=8 [Method: GET, Headers: &map[Accept-Language:[en-US] User-Agent:[colly - https://github.com/gocolly/colly]], Timestamp: 2024-11-23T12:40:12-05:00]
REQUEST: 2024/11/23 12:40:12 Requesting https://www.eventbrite.com/e/the-philadelphia-boys-choir-tickets-1008612255407?aff=ebdssbdestsearch [Method: GET, Headers: &map[Accept-Language:[en-US] User-Agent:[colly - https://github.com/gocolly/colly]], Timestamp: 2024-11-23T12:40:12-05:00]
REQUEST: 2024/11/23 12:45:36 Requesting https://www.eventbrite.com/d/nj--newark/all-events/?page=1 [Method: GET, Headers: &map[Accept-Language:[en-US] User-Agent:[colly - https://github.com/gocolly/colly]], Timestamp: 2024-11-23T12:45:36-05:00]
REQUEST: 2024/11/23 12:45:38 Finished processing site https://www.eventbrite.com/d/nj--newark/all-events/?page=1 [Status: 200, Length: 910998 bytes, Timestamp: 2024-11-23T12:45:38-05:00]
REQUEST: 2024/11/23 12:45:38 Requesting https://www.eventbrite.com/d/nj--newark/all-events/?page=2 [Method: GET, Headers: &map[Accept-Language:[en-US] User-Agent:[colly - https://github.com/gocolly/colly]], Timestamp: 2024-11-23T12:45:38-05:00]
REQUEST: 2024/11/23 12:45:38 Requesting https://www.eventbrite.com/e/not-a-normal-holiday-market-nyc-december-2024-tickets-1069055256049?aff=ebdssbdestsearch [Method: GET, Headers: &map[Accept-Language:[en-US] User-Agent:[colly - https://github.com/gocolly/colly]], Timestamp: 2024-11-23T12:45:38-05:00]
REQUEST: 2024/11/23 12:45:39 Finished processing site https://www.eventbrite.com/e/not-a-normal-holiday-market-nyc-december-2024-tickets-1069055256049?aff=ebdssbdestsearch [Status: 200, Length: 223922 bytes, Timestamp: 2024-11-23T12:45:39-05:00]
REQUEST: 2024/11/23 12:45:39 Finished processing site https://www.eventbrite.com/d/nj--newark/all-events/?page=2 [Status: 200, Length: 917921 bytes, Timestamp: 2024-11-23T12:45:39-05:00]
REQUEST: 2024/11/23 12:45:39 Requesting https://www.eventbrite.com/d/nj--newark/all-events/?page=3 [Method: GET, Headers: &map[Accept-Language:[en-US] User-Agent:[colly - https://github.com/gocolly/colly]], Timestamp: 2024-11-23T12:45:39-05:00]
REQUEST: 2024/11/23 12:45:40 Requesting https://www.eventbrite.com/e/santacon-2024-nyc-official-new-york-city-tickets-1010880730477?aff=ebdssbdestsearch [Method: GET, Headers: &map[Accept-Language:[en-US] User-Agent:[colly - https://github.com/gocolly/colly]], Timestamp: 2024-11-23T12:45:40-05:00]
REQUEST: 2024/11/23 12:45:40 Finished processing site https://www.eventbrite.com/e/santacon-2024-nyc-official-new-york-city-tickets-1010880730477?aff=ebdssbdestsearch [Status: 200, Length: 223783 bytes, Timestamp: 2024-11-23T12:45:40-05:00]
REQUEST: 2024/11/23 12:45:41 Finished processing site https://www.eventbrite.com/d/nj--newark/all-events/?page=3 [Status: 200, Length: 922820 bytes, Timestamp: 2024-11-23T12:45:41-05:00]
REQUEST: 2024/11/23 12:45:41 Requesting https://www.eventbrite.com/d/nj--newark/all-events/?page=4 [Method: GET, Headers: &map[Accept-Language:[en-US] User-Agent:[colly - https://github.com/gocolly/colly]], Timestamp: 2024-11-23T12:45:41-05:00]
REQUEST: 2024/11/23 12:45:41 Requesting https://www.eventbrite.com/e/free-drinks-entry-certified-saturdays-at-katra-lounge-tickets-998177023347?aff=ebdssbdestsearch [Method: GET, Headers: &map[Accept-Language:[en-US] User-Agent:[colly - https://github.com/gocolly/colly]], Timestamp: 2024-11-23T12:45:41-05:00]
REQUEST: 2024/11/23 12:45:42 Finished processing site https://www.eventbrite.com/e/free-drinks-entry-certified-saturdays-at-katra-lounge-tickets-998177023347?aff=ebdssbdestsearch [Status: 200, Length: 161964 bytes, Timestamp: 2024-11-23T12:45:42-05:00]
REQUEST: 2024/11/23 12:45:43 Requesting https://www.eventbrite.com/e/new-years-eve-5-hours-premium-open-bar-at-katra-nyc-tickets-698713740607?aff=ebdssbdestsearch [Method: GET, Headers: &map[Accept-Language:[en-US] User-Agent:[colly - https://github.com/gocolly/colly]], Timestamp: 2024-11-23T12:45:43-05:00]
REQUEST: 2024/11/23 12:45:43 Finished processing site https://www.eventbrite.com/d/nj--newark/all-events/?page=4 [Status: 200, Length: 917807 bytes, Timestamp: 2024-11-23T12:45:43-05:00]
REQUEST: 2024/11/23 12:45:43 Requesting https://www.eventbrite.com/d/nj--jersey%20city/all-events/?page=1 [Method: GET, Headers: &map[Accept-Language:[en-US] User-Agent:[colly - https://github.com/gocolly/colly]], Timestamp: 2024-11-23T12:45:43-05:00]
REQUEST: 2024/11/23 12:45:44 Finished processing site https://www.eventbrite.com/e/new-years-eve-5-hours-premium-open-bar-at-katra-nyc-tickets-698713740607?aff=ebdssbdestsearch [Status: 200, Length: 173440 bytes, Timestamp: 2024-11-23T12:45:44-05:00]
REQUEST: 2024/11/23 12:45:44 Finished processing site https://www.eventbrite.com/d/nj--jersey-city/all-events/?page=1 [Status: 200, Length: 927176 bytes, Timestamp: 2024-11-23T12:45:44-05:00]
REQUEST: 2024/11/23 12:45:44 Requesting https://www.eventbrite.com/d/nj--jersey%20city/all-events/?page=2 [Method: GET, Headers: &map[Accept-Language:[en-US] User-Agent:[colly - https://github.com/gocolly/colly]], Timestamp: 2024-11-23T12:45:44-05:00]
REQUEST: 2024/11/23 12:45:44 Requesting https://www.eventbrite.com/e/party-at-soho-1-event-everyone-free-at-katra-nyc-tickets-1028036624217?aff=ebdssbdestsearch [Method: GET, Headers: &map[Accept-Language:[en-US] User-Agent:[colly - https://github.com/gocolly/colly]], Timestamp: 2024-11-23T12:45:44-05:00]
REQUEST: 2024/11/23 12:45:45 Finished processing site https://www.eventbrite.com/e/party-at-soho-1-event-everyone-free-at-katra-nyc-tickets-1028036624217?aff=ebdssbdestsearch [Status: 200, Length: 169368 bytes, Timestamp: 2024-11-23T12:45:45-05:00]
REQUEST: 2024/11/23 12:45:46 Finished processing site https://www.eventbrite.com/d/nj--jersey-city/all-events/?page=2 [Status: 200, Length: 909791 bytes, Timestamp: 2024-11-23T12:45:46-05:00]
REQUEST: 2024/11/23 12:45:46 Requesting https://www.eventbrite.com/e/the-streetwear-expo-fashion-jewelry-and-more-tickets-1045419727547?aff=ebdssbdestsearch [Method: GET, Headers: &map[Accept-Language:[en-US] User-Agent:[colly - https://github.com/gocolly/colly]], Timestamp: 2024-11-23T12:45:46-05:00]
REQUEST: 2024/11/23 12:45:46 Finished processing site https://www.eventbrite.com/e/the-streetwear-expo-fashion-jewelry-and-more-tickets-1045419727547?aff=ebdssbdestsearch [Status: 200, Length: 159483 bytes, Timestamp: 2024-11-23T12:45:46-05:00]
REQUEST: 2024/11/23 12:45:47 Requesting https://www.eventbrite.com/e/ghana-tech-summit-diaspora-edition-tickets-93464513877?aff=ebdssbdestsearch [Method: GET, Headers: &map[Accept-Language:[en-US] User-Agent:[colly - https://github.com/gocolly/colly]], Timestamp: 2024-11-23T12:45:47-05:00]
REQUEST: 2024/11/23 12:45:48 Finished processing site https://www.eventbrite.com/e/ghana-tech-summit-diaspora-edition-tickets-93464513877?aff=ebdssbdestsearch [Status: 200, Length: 173019 bytes, Timestamp: 2024-11-23T12:45:48-05:00]
REQUEST: 2024/11/23 12:45:49 Requesting https://www.eventbrite.com/e/flag-fest-thanksgiving-eve-sobs-dancehall-soca-more-tickets-1032607626207?aff=ebdssbdestsearch [Method: GET, Headers: &map[Accept-Language:[en-US] User-Agent:[colly - https://github.com/gocolly/colly]], Timestamp: 2024-11-23T12:45:49-05:00]
REQUEST: 2024/11/23 12:45:49 Finished processing site https://www.eventbrite.com/e/flag-fest-thanksgiving-eve-sobs-dancehall-soca-more-tickets-1032607626207?aff=ebdssbdestsearch [Status: 200, Length: 166173 bytes, Timestamp: 2024-11-23T12:45:49-05:00]
REQUEST: 2024/11/23 12:45:49 Requesting https://www.eventbrite.com/e/white-december-2024-all-white-gala-tickets-1051941263637?aff=ebdssbdestsearch [Method: GET, Headers: &map[Accept-Language:[en-US] User-Agent:[colly - https://github.com/gocolly/colly]], Timestamp: 2024-11-23T12:45:49-05:00]
REQUEST: 2024/11/23 12:45:50 Finished processing site https://www.eventbrite.com/e/white-december-2024-all-white-gala-tickets-1051941263637?aff=ebdssbdestsearch [Status: 200, Length: 169767 bytes, Timestamp: 2024-11-23T12:45:50-05:00]
REQUEST: 2024/11/23 12:45:51 Requesting https://www.eventbrite.com/e/dalmatino-live-in-concert-tickets-1013854204217?aff=ebdssbdestsearch [Method: GET, Headers: &map[Accept-Language:[en-US] User-Agent:[colly - https://github.com/gocolly/colly]], Timestamp: 2024-11-23T12:45:51-05:00]
REQUEST: 2024/11/23 12:45:52 Finished processing site https://www.eventbrite.com/e/dalmatino-live-in-concert-tickets-1013854204217?aff=ebdssbdestsearch [Status: 200, Length: 169833 bytes, Timestamp: 2024-11-23T12:45:52-05:00]
REQUEST: 2024/11/23 12:45:52 Requesting https://www.eventbrite.com/e/press-play-2024-tickets-1048948040827?aff=ebdssbdestsearch [Method: GET, Headers: &map[Accept-Language:[en-US] User-Agent:[colly - https://github.com/gocolly/colly]], Timestamp: 2024-11-23T12:45:52-05:00]
REQUEST: 2024/11/23 12:45:53 Finished processing site https://www.eventbrite.com/e/press-play-2024-tickets-1048948040827?aff=ebdssbdestsearch [Status: 200, Length: 159423 bytes, Timestamp: 2024-11-23T12:45:53-05:00]
REQUEST: 2024/11/23 12:50:21 Requesting https://www.eventbrite.com/d/nj--newark/all-events/?page=1 [Method: GET, Headers: &map[Accept-Language:[en-US] User-Agent:[colly - https://github.com/gocolly/colly]], Timestamp: 2024-11-23T12:50:21-05:00]
REQUEST: 2024/11/23 12:50:22 Finished processing site https://www.eventbrite.com/d/nj--newark/all-events/?page=1 [Status: 200, Length: 910994 bytes, Timestamp: 2024-11-23T12:50:22-05:00]
REQUEST: 2024/11/23 12:50:22 Requesting https://www.eventbrite.com/d/nj--newark/all-events/?page=2 [Method: GET, Headers: &map[Accept-Language:[en-US] User-Agent:[colly - https://github.com/gocolly/colly]], Timestamp: 2024-11-23T12:50:22-05:00]
REQUEST: 2024/11/23 12:50:22 Requesting https://www.eventbrite.com/e/not-a-normal-holiday-market-nyc-december-2024-tickets-1069055256049?aff=ebdssbdestsearch [Method: GET, Headers: &map[Accept-Language:[en-US] User-Agent:[colly - https://github.com/gocolly/colly]], Timestamp: 2024-11-23T12:50:22-05:00]
REQUEST: 2024/11/23 12:50:23 Finished processing site https://www.eventbrite.com/e/not-a-normal-holiday-market-nyc-december-2024-tickets-1069055256049?aff=ebdssbdestsearch [Status: 200, Length: 223897 bytes, Timestamp: 2024-11-23T12:50:23-05:00]
REQUEST: 2024/11/23 12:50:24 Finished processing site https://www.eventbrite.com/d/nj--newark/all-events/?page=2 [Status: 200, Length: 789728 bytes, Timestamp: 2024-11-23T12:50:24-05:00]
REQUEST: 2024/11/23 12:50:24 Requesting https://www.eventbrite.com/d/nj--newark/all-events/?page=3 [Method: GET, Headers: &map[Accept-Language:[en-US] User-Agent:[colly - https://github.com/gocolly/colly]], Timestamp: 2024-11-23T12:50:24-05:00]
REQUEST: 2024/11/23 12:50:24 Requesting https://www.eventbrite.com/e/santacon-2024-nyc-official-new-york-city-tickets-1010880730477?aff=ebdssbdestsearch [Method: GET, Headers: &map[Accept-Language:[en-US] User-Agent:[colly - https://github.com/gocolly/colly]], Timestamp: 2024-11-23T12:50:24-05:00]
REQUEST: 2024/11/23 12:50:25 Finished processing site https://www.eventbrite.com/e/santacon-2024-nyc-official-new-york-city-tickets-1010880730477?aff=ebdssbdestsearch [Status: 200, Length: 223784 bytes, Timestamp: 2024-11-23T12:50:25-05:00]
REQUEST: 2024/11/23 12:50:25 Requesting https://www.eventbrite.com/e/free-drinks-entry-certified-saturdays-at-katra-lounge-tickets-998177023347?aff=ebdssbdestsearch [Method: GET, Headers: &map[Accept-Language:[en-US] User-Agent:[colly - https://github.com/gocolly/colly]], Timestamp: 2024-11-23T12:50:25-05:00]
REQUEST: 2024/11/23 12:50:25 Finished processing site https://www.eventbrite.com/d/nj--newark/all-events/?page=3 [Status: 200, Length: 793925 bytes, Timestamp: 2024-11-23T12:50:25-05:00]
REQUEST: 2024/11/23 12:50:25 Requesting https://www.eventbrite.com/d/nj--newark/all-events/?page=4 [Method: GET, Headers: &map[Accept-Language:[en-US] User-Agent:[colly - https://github.com/gocolly/colly]], Timestamp: 2024-11-23T12:50:25-05:00]
REQUEST: 2024/11/23 12:50:26 Finished processing site https://www.eventbrite.com/e/free-drinks-entry-certified-saturdays-at-katra-lounge-tickets-998177023347?aff=ebdssbdestsearch [Status: 200, Length: 161961 bytes, Timestamp: 2024-11-23T12:50:26-05:00]
REQUEST: 2024/11/23 12:50:27 Finished processing site https://www.eventbrite.com/d/nj--newark/all-events/?page=4 [Status: 200, Length: 790113 bytes, Timestamp: 2024-11-23T12:50:27-05:00]
REQUEST: 2024/11/23 12:50:27 Requesting https://www.eventbrite.com/d/nj--jersey%20city/all-events/?page=1 [Method: GET, Headers: &map[Accept-Language:[en-US] User-Agent:[colly - https://github.com/gocolly/colly]], Timestamp: 2024-11-23T12:50:27-05:00]
REQUEST: 2024/11/23 12:50:27 Requesting https://www.eventbrite.com/e/new-years-eve-5-hours-premium-open-bar-at-katra-nyc-tickets-698713740607?aff=ebdssbdestsearch [Method: GET, Headers: &map[Accept-Language:[en-US] User-Agent:[colly - https://github.com/gocolly/colly]], Timestamp: 2024-11-23T12:50:27-05:00]
REQUEST: 2024/11/23 12:50:28 Finished processing site https://www.eventbrite.com/e/new-years-eve-5-hours-premium-open-bar-at-katra-nyc-tickets-698713740607?aff=ebdssbdestsearch [Status: 200, Length: 173465 bytes, Timestamp: 2024-11-23T12:50:28-05:00]
REQUEST: 2024/11/23 12:50:28 Finished processing site https://www.eventbrite.com/d/nj--jersey-city/all-events/?page=1 [Status: 200, Length: 812748 bytes, Timestamp: 2024-11-23T12:50:28-05:00]
REQUEST: 2024/11/23 12:50:28 Requesting https://www.eventbrite.com/d/nj--jersey%20city/all-events/?page=2 [Method: GET, Headers: &map[Accept-Language:[en-US] User-Agent:[colly - https://github.com/gocolly/colly]], Timestamp: 2024-11-23T12:50:28-05:00]
REQUEST: 2024/11/23 12:50:28 Requesting https://www.eventbrite.com/e/party-at-soho-1-event-everyone-free-at-katra-nyc-tickets-1028036624217?aff=ebdssbdestsearch [Method: GET, Headers: &map[Accept-Language:[en-US] User-Agent:[colly - https://github.com/gocolly/colly]], Timestamp: 2024-11-23T12:50:28-05:00]
REQUEST: 2024/11/23 12:50:29 Finished processing site https://www.eventbrite.com/e/party-at-soho-1-event-everyone-free-at-katra-nyc-tickets-1028036624217?aff=ebdssbdestsearch [Status: 200, Length: 169372 bytes, Timestamp: 2024-11-23T12:50:29-05:00]
REQUEST: 2024/11/23 12:50:29 Finished processing site https://www.eventbrite.com/d/nj--jersey-city/all-events/?page=2 [Status: 200, Length: 783562 bytes, Timestamp: 2024-11-23T12:50:29-05:00]
REQUEST: 2024/11/23 12:50:30 Requesting https://www.eventbrite.com/d/nj--jersey%20city/all-events/?page=3 [Method: GET, Headers: &map[Accept-Language:[en-US] User-Agent:[colly - https://github.com/gocolly/colly]], Timestamp: 2024-11-23T12:50:30-05:00]
REQUEST: 2024/11/23 12:50:30 Requesting https://www.eventbrite.com/e/the-streetwear-expo-fashion-jewelry-and-more-tickets-1045419727547?aff=ebdssbdestsearch [Method: GET, Headers: &map[Accept-Language:[en-US] User-Agent:[colly - https://github.com/gocolly/colly]], Timestamp: 2024-11-23T12:50:30-05:00]
REQUEST: 2024/11/23 12:50:31 Finished processing site https://www.eventbrite.com/e/the-streetwear-expo-fashion-jewelry-and-more-tickets-1045419727547?aff=ebdssbdestsearch [Status: 200, Length: 159444 bytes, Timestamp: 2024-11-23T12:50:31-05:00]
REQUEST: 2024/11/23 12:50:31 Finished processing site https://www.eventbrite.com/d/nj--jersey-city/all-events/?page=3 [Status: 200, Length: 790165 bytes, Timestamp: 2024-11-23T12:50:31-05:00]
REQUEST: 2024/11/23 12:50:31 Requesting https://www.eventbrite.com/d/nj--jersey%20city/all-events/?page=4 [Method: GET, Headers: &map[Accept-Language:[en-US] User-Agent:[colly - https://github.com/gocolly/colly]], Timestamp: 2024-11-23T12:50:31-05:00]
REQUEST: 2024/11/23 12:50:31 Requesting https://www.eventbrite.com/e/ghana-tech-summit-diaspora-edition-tickets-93464513877?aff=ebdssbdestsearch [Method: GET, Headers: &map[Accept-Language:[en-US] User-Agent:[colly - https://github.com/gocolly/colly]], Timestamp: 2024-11-23T12:50:31-05:00]
REQUEST: 2024/11/23 12:50:32 Finished processing site https://www.eventbrite.com/e/ghana-tech-summit-diaspora-edition-tickets-93464513877?aff=ebdssbdestsearch [Status: 200, Length: 173019 bytes, Timestamp: 2024-11-23T12:50:32-05:00]
REQUEST: 2024/11/23 12:50:33 Finished processing site https://www.eventbrite.com/d/nj--jersey-city/all-events/?page=4 [Status: 200, Length: 788418 bytes, Timestamp: 2024-11-23T12:50:33-05:00]
REQUEST: 2024/11/23 12:50:33 Requesting https://www.eventbrite.com/d/nj--paterson/all-events/?page=1 [Method: GET, Headers: &map[Accept-Language:[en-US] User-Agent:[colly - https://github.com/gocolly/colly]], Timestamp: 2024-11-23T12:50:33-05:00]
REQUEST: 2024/11/23 12:50:33 Requesting https://www.eventbrite.com/e/flag-fest-thanksgiving-eve-sobs-dancehall-soca-more-tickets-1032607626207?aff=ebdssbdestsearch [Method: GET, Headers: &map[Accept-Language:[en-US] User-Agent:[colly - https://github.com/gocolly/colly]], Timestamp: 2024-11-23T12:50:33-05:00]
REQUEST: 2024/11/23 12:50:34 Finished processing site https://www.eventbrite.com/d/nj--paterson/all-events/?page=1 [Status: 200, Length: 805032 bytes, Timestamp: 2024-11-23T12:50:34-05:00]
REQUEST: 2024/11/23 12:50:34 Requesting https://www.eventbrite.com/d/nj--paterson/all-events/?page=2 [Method: GET, Headers: &map[Accept-Language:[en-US] User-Agent:[colly - https://github.com/gocolly/colly]], Timestamp: 2024-11-23T12:50:34-05:00]
REQUEST: 2024/11/23 12:50:34 Finished processing site https://www.eventbrite.com/e/flag-fest-thanksgiving-eve-sobs-dancehall-soca-more-tickets-1032607626207?aff=ebdssbdestsearch [Status: 200, Length: 166168 bytes, Timestamp: 2024-11-23T12:50:34-05:00]
REQUEST: 2024/11/23 12:50:34 Requesting https://www.eventbrite.com/e/white-december-2024-all-white-gala-tickets-1051941263637?aff=ebdssbdestsearch [Method: GET, Headers: &map[Accept-Language:[en-US] User-Agent:[colly - https://github.com/gocolly/colly]], Timestamp: 2024-11-23T12:50:34-05:00]
REQUEST: 2024/11/23 12:50:35 Finished processing site https://www.eventbrite.com/d/nj--paterson/all-events/?page=2 [Status: 200, Length: 789378 bytes, Timestamp: 2024-11-23T12:50:35-05:00]
REQUEST: 2024/11/23 12:50:35 Requesting https://www.eventbrite.com/d/nj--paterson/all-events/?page=3 [Method: GET, Headers: &map[Accept-Language:[en-US] User-Agent:[colly - https://github.com/gocolly/colly]], Timestamp: 2024-11-23T12:50:35-05:00]
REQUEST: 2024/11/23 12:50:35 Finished processing site https://www.eventbrite.com/e/white-december-2024-all-white-gala-tickets-1051941263637?aff=ebdssbdestsearch [Status: 200, Length: 169745 bytes, Timestamp: 2024-11-23T12:50:35-05:00]
REQUEST: 2024/11/23 12:50:36 Finished processing site https://www.eventbrite.com/d/nj--paterson/all-events/?page=3 [Status: 200, Length: 790903 bytes, Timestamp: 2024-11-23T12:50:36-05:00]
REQUEST: 2024/11/23 12:50:36 Requesting https://www.eventbrite.com/d/nj--paterson/all-events/?page=4 [Method: GET, Headers: &map[Accept-Language:[en-US] User-Agent:[colly - https://github.com/gocolly/colly]], Timestamp: 2024-11-23T12:50:36-05:00]
REQUEST: 2024/11/23 12:50:38 Finished processing site https://www.eventbrite.com/d/nj--paterson/all-events/?page=4 [Status: 200, Length: 790309 bytes, Timestamp: 2024-11-23T12:50:38-05:00]
REQUEST: 2024/11/23 12:50:38 Requesting https://www.eventbrite.com/d/nj--elizabeth/all-events/?page=1 [Method: GET, Headers: &map[Accept-Language:[en-US] User-Agent:[colly - https://github.com/gocolly/colly]], Timestamp: 2024-11-23T12:50:38-05:00]
REQUEST: 2024/11/23 12:50:39 Finished processing site https://www.eventbrite.com/d/nj--elizabeth/all-events/?page=1 [Status: 200, Length: 802461 bytes, Timestamp: 2024-11-23T12:50:39-05:00]
REQUEST: 2024/11/23 12:50:39 Requesting https://www.eventbrite.com/d/nj--elizabeth/all-events/?page=2 [Method: GET, Headers: &map[Accept-Language:[en-US] User-Agent:[colly - https://github.com/gocolly/colly]], Timestamp: 2024-11-23T12:50:39-05:00]
REQUEST: 2024/11/23 12:50:40 Finished processing site https://www.eventbrite.com/d/nj--elizabeth/all-events/?page=2 [Status: 200, Length: 786923 bytes, Timestamp: 2024-11-23T12:50:40-05:00]
REQUEST: 2024/11/23 12:50:40 Requesting https://www.eventbrite.com/d/nj--elizabeth/all-events/?page=3 [Method: GET, Headers: &map[Accept-Language:[en-US] User-Agent:[colly - https://github.com/gocolly/colly]], Timestamp: 2024-11-23T12:50:40-05:00]
REQUEST: 2024/11/23 12:50:41 Finished processing site https://www.eventbrite.com/d/nj--elizabeth/all-events/?page=3 [Status: 200, Length: 794299 bytes, Timestamp: 2024-11-23T12:50:41-05:00]
REQUEST: 2024/11/23 12:50:41 Requesting https://www.eventbrite.com/d/nj--elizabeth/all-events/?page=4 [Method: GET, Headers: &map[Accept-Language:[en-US] User-Agent:[colly - https://github.com/gocolly/colly]], Timestamp: 2024-11-23T12:50:41-05:00]
REQUEST: 2024/11/23 12:50:43 Finished processing site https://www.eventbrite.com/d/nj--elizabeth/all-events/?page=4 [Status: 200, Length: 786936 bytes, Timestamp: 2024-11-23T12:50:43-05:00]
REQUEST: 2024/11/23 12:50:43 Requesting https://www.eventbrite.com/d/nj--edison/all-events/?page=1 [Method: GET, Headers: &map[Accept-Language:[en-US] User-Agent:[colly - https://github.com/gocolly/colly]], Timestamp: 2024-11-23T12:50:43-05:00]
REQUEST: 2024/11/23 12:50:45 Finished processing site https://www.eventbrite.com/d/nj--edison/all-events/?page=1 [Status: 200, Length: 797483 bytes, Timestamp: 2024-11-23T12:50:45-05:00]
REQUEST: 2024/11/23 12:50:45 Requesting https://www.eventbrite.com/d/nj--edison/all-events/?page=2 [Method: GET, Headers: &map[Accept-Language:[en-US] User-Agent:[colly - https://github.com/gocolly/colly]], Timestamp: 2024-11-23T12:50:45-05:00]
REQUEST: 2024/11/23 12:50:46 Finished processing site https://www.eventbrite.com/d/nj--edison/all-events/?page=2 [Status: 200, Length: 785277 bytes, Timestamp: 2024-11-23T12:50:46-05:00]
REQUEST: 2024/11/23 12:50:46 Requesting https://www.eventbrite.com/d/nj--edison/all-events/?page=3 [Method: GET, Headers: &map[Accept-Language:[en-US] User-Agent:[colly - https://github.com/gocolly/colly]], Timestamp: 2024-11-23T12:50:46-05:00]
REQUEST: 2024/11/23 12:50:47 Finished processing site https://www.eventbrite.com/d/nj--edison/all-events/?page=3 [Status: 200, Length: 789365 bytes, Timestamp: 2024-11-23T12:50:47-05:00]
REQUEST: 2024/11/23 12:50:47 Requesting https://www.eventbrite.com/d/nj--edison/all-events/?page=4 [Method: GET, Headers: &map[Accept-Language:[en-US] User-Agent:[colly - https://github.com/gocolly/colly]], Timestamp: 2024-11-23T12:50:47-05:00]
REQUEST: 2024/11/23 12:50:49 Finished processing site https://www.eventbrite.com/d/nj--edison/all-events/?page=4 [Status: 200, Length: 783598 bytes, Timestamp: 2024-11-23T12:50:49-05:00]
REQUEST: 2024/11/23 12:50:49 Requesting https://www.eventbrite.com/d/nj--woodbridge/all-events/?page=1 [Method: GET, Headers: &map[Accept-Language:[en-US] User-Agent:[colly - https://github.com/gocolly/colly]], Timestamp: 2024-11-23T12:50:49-05:00]
REQUEST: 2024/11/23 12:50:50 Finished processing site https://www.eventbrite.com/d/nj--woodbridge/all-events/?page=1 [Status: 200, Length: 803639 bytes, Timestamp: 2024-11-23T12:50:50-05:00]
REQUEST: 2024/11/23 12:50:50 Requesting https://www.eventbrite.com/d/nj--woodbridge/all-events/?page=2 [Method: GET, Headers: &map[Accept-Language:[en-US] User-Agent:[colly - https://github.com/gocolly/colly]], Timestamp: 2024-11-23T12:50:50-05:00]
REQUEST: 2024/11/23 12:50:51 Finished processing site https://www.eventbrite.com/d/nj--woodbridge/all-events/?page=2 [Status: 200, Length: 787506 bytes, Timestamp: 2024-11-23T12:50:51-05:00]
REQUEST: 2024/11/23 12:50:51 Requesting https://www.eventbrite.com/d/nj--woodbridge/all-events/?page=3 [Method: GET, Headers: &map[Accept-Language:[en-US] User-Agent:[colly - https://github.com/gocolly/colly]], Timestamp: 2024-11-23T12:50:51-05:00]
REQUEST: 2024/11/23 12:50:52 Finished processing site https://www.eventbrite.com/d/nj--woodbridge/all-events/?page=3 [Status: 200, Length: 780323 bytes, Timestamp: 2024-11-23T12:50:52-05:00]
REQUEST: 2024/11/23 12:50:52 Requesting https://www.eventbrite.com/d/nj--woodbridge/all-events/?page=4 [Method: GET, Headers: &map[Accept-Language:[en-US] User-Agent:[colly - https://github.com/gocolly/colly]], Timestamp: 2024-11-23T12:50:52-05:00]
REQUEST: 2024/11/23 12:50:54 Finished processing site https://www.eventbrite.com/d/nj--woodbridge/all-events/?page=4 [Status: 200, Length: 789416 bytes, Timestamp: 2024-11-23T12:50:54-05:00]
REQUEST: 2024/11/23 12:50:54 Requesting https://www.eventbrite.com/d/nj--lakewood/all-events/?page=1 [Method: GET, Headers: &map[Accept-Language:[en-US] User-Agent:[colly - https://github.com/gocolly/colly]], Timestamp: 2024-11-23T12:50:54-05:00]
REQUEST: 2024/11/23 12:50:55 Finished processing site https://www.eventbrite.com/d/nj--lakewood/all-events/?page=1 [Status: 200, Length: 807161 bytes, Timestamp: 2024-11-23T12:50:55-05:00]
REQUEST: 2024/11/23 12:50:55 Requesting https://www.eventbrite.com/d/nj--lakewood/all-events/?page=2 [Method: GET, Headers: &map[Accept-Language:[en-US] User-Agent:[colly - https://github.com/gocolly/colly]], Timestamp: 2024-11-23T12:50:55-05:00]
REQUEST: 2024/11/23 12:50:56 Finished processing site https://www.eventbrite.com/d/nj--lakewood/all-events/?page=2 [Status: 200, Length: 800369 bytes, Timestamp: 2024-11-23T12:50:56-05:00]
REQUEST: 2024/11/23 12:50:56 Requesting https://www.eventbrite.com/d/nj--lakewood/all-events/?page=3 [Method: GET, Headers: &map[Accept-Language:[en-US] User-Agent:[colly - https://github.com/gocolly/colly]], Timestamp: 2024-11-23T12:50:56-05:00]
REQUEST: 2024/11/23 12:50:57 Finished processing site https://www.eventbrite.com/d/nj--lakewood/all-events/?page=3 [Status: 200, Length: 806282 bytes, Timestamp: 2024-11-23T12:50:57-05:00]
REQUEST: 2024/11/23 12:50:57 Requesting https://www.eventbrite.com/d/nj--lakewood/all-events/?page=4 [Method: GET, Headers: &map[Accept-Language:[en-US] User-Agent:[colly - https://github.com/gocolly/colly]], Timestamp: 2024-11-23T12:50:57-05:00]
REQUEST: 2024/11/23 12:50:58 Finished processing site https://www.eventbrite.com/d/nj--lakewood/all-events/?page=4 [Status: 200, Length: 809641 bytes, Timestamp: 2024-11-23T12:50:58-05:00]
REQUEST: 2024/11/23 12:50:58 Requesting https://www.eventbrite.com/d/nj--toms%20river/all-events/?page=1 [Method: GET, Headers: &map[Accept-Language:[en-US] User-Agent:[colly - https://github.com/gocolly/colly]], Timestamp: 2024-11-23T12:50:58-05:00]
REQUEST: 2024/11/23 12:51:00 Finished processing site https://www.eventbrite.com/d/nj--toms-river/all-events/?page=1 [Status: 200, Length: 809731 bytes, Timestamp: 2024-11-23T12:51:00-05:00]
REQUEST: 2024/11/23 12:51:00 Requesting https://www.eventbrite.com/d/nj--toms%20river/all-events/?page=2 [Method: GET, Headers: &map[Accept-Language:[en-US] User-Agent:[colly - https://github.com/gocolly/colly]], Timestamp: 2024-11-23T12:51:00-05:00]
REQUEST: 2024/11/23 12:51:01 Finished processing site https://www.eventbrite.com/d/nj--toms-river/all-events/?page=2 [Status: 200, Length: 809934 bytes, Timestamp: 2024-11-23T12:51:01-05:00]
REQUEST: 2024/11/23 12:51:01 Requesting https://www.eventbrite.com/d/nj--toms%20river/all-events/?page=3 [Method: GET, Headers: &map[Accept-Language:[en-US] User-Agent:[colly - https://github.com/gocolly/colly]], Timestamp: 2024-11-23T12:51:01-05:00]
REQUEST: 2024/11/23 12:51:03 Finished processing site https://www.eventbrite.com/d/nj--toms-river/all-events/?page=3 [Status: 200, Length: 806689 bytes, Timestamp: 2024-11-23T12:51:03-05:00]
REQUEST: 2024/11/23 12:51:03 Requesting https://www.eventbrite.com/d/nj--toms%20river/all-events/?page=4 [Method: GET, Headers: &map[Accept-Language:[en-US] User-Agent:[colly - https://github.com/gocolly/colly]], Timestamp: 2024-11-23T12:51:03-05:00]
REQUEST: 2024/11/23 12:51:04 Finished processing site https://www.eventbrite.com/d/nj--toms-river/all-events/?page=4 [Status: 200, Length: 805019 bytes, Timestamp: 2024-11-23T12:51:04-05:00]
REQUEST: 2024/11/23 12:51:04 Requesting https://www.eventbrite.com/d/nj--hamilton/all-events/?page=1 [Method: GET, Headers: &map[Accept-Language:[en-US] User-Agent:[colly - https://github.com/gocolly/colly]], Timestamp: 2024-11-23T12:51:04-05:00]
REQUEST: 2024/11/23 12:51:06 Finished processing site https://www.eventbrite.com/d/nj--mercerville/all-events/?page=1 [Status: 200, Length: 803538 bytes, Timestamp: 2024-11-23T12:51:06-05:00]
REQUEST: 2024/11/23 12:51:06 Requesting https://www.eventbrite.com/d/nj--hamilton/all-events/?page=2 [Method: GET, Headers: &map[Accept-Language:[en-US] User-Agent:[colly - https://github.com/gocolly/colly]], Timestamp: 2024-11-23T12:51:06-05:00]
REQUEST: 2024/11/23 12:51:07 Finished processing site https://www.eventbrite.com/d/nj--mercerville/all-events/?page=2 [Status: 200, Length: 793479 bytes, Timestamp: 2024-11-23T12:51:07-05:00]
REQUEST: 2024/11/23 12:51:07 Requesting https://www.eventbrite.com/d/nj--hamilton/all-events/?page=3 [Method: GET, Headers: &map[Accept-Language:[en-US] User-Agent:[colly - https://github.com/gocolly/colly]], Timestamp: 2024-11-23T12:51:07-05:00]
REQUEST: 2024/11/23 12:51:08 Finished processing site https://www.eventbrite.com/d/nj--mercerville/all-events/?page=3 [Status: 200, Length: 802404 bytes, Timestamp: 2024-11-23T12:51:08-05:00]
REQUEST: 2024/11/23 12:51:08 Requesting https://www.eventbrite.com/d/nj--hamilton/all-events/?page=4 [Method: GET, Headers: &map[Accept-Language:[en-US] User-Agent:[colly - https://github.com/gocolly/colly]], Timestamp: 2024-11-23T12:51:08-05:00]
REQUEST: 2024/11/23 12:51:10 Finished processing site https://www.eventbrite.com/d/nj--mercerville/all-events/?page=4 [Status: 200, Length: 801148 bytes, Timestamp: 2024-11-23T12:51:10-05:00]
REQUEST: 2024/11/23 12:51:10 Requesting https://www.eventbrite.com/d/nj--trenton/all-events/?page=1 [Method: GET, Headers: &map[Accept-Language:[en-US] User-Agent:[colly - https://github.com/gocolly/colly]], Timestamp: 2024-11-23T12:51:10-05:00]
REQUEST: 2024/11/23 12:51:11 Finished processing site https://www.eventbrite.com/d/nj--trenton/all-events/?page=1 [Status: 200, Length: 802208 bytes, Timestamp: 2024-11-23T12:51:11-05:00]
REQUEST: 2024/11/23 12:51:11 Requesting https://www.eventbrite.com/d/nj--trenton/all-events/?page=2 [Method: GET, Headers: &map[Accept-Language:[en-US] User-Agent:[colly - https://github.com/gocolly/colly]], Timestamp: 2024-11-23T12:51:11-05:00]
REQUEST: 2024/11/23 12:51:12 Finished processing site https://www.eventbrite.com/d/nj--trenton/all-events/?page=2 [Status: 200, Length: 794057 bytes, Timestamp: 2024-11-23T12:51:12-05:00]
REQUEST: 2024/11/23 12:51:12 Requesting https://www.eventbrite.com/d/nj--trenton/all-events/?page=3 [Method: GET, Headers: &map[Accept-Language:[en-US] User-Agent:[colly - https://github.com/gocolly/colly]], Timestamp: 2024-11-23T12:51:12-05:00]
REQUEST: 2024/11/23 12:51:13 Finished processing site https://www.eventbrite.com/d/nj--trenton/all-events/?page=3 [Status: 200, Length: 795340 bytes, Timestamp: 2024-11-23T12:51:13-05:00]
REQUEST: 2024/11/23 12:51:13 Requesting https://www.eventbrite.com/d/nj--trenton/all-events/?page=4 [Method: GET, Headers: &map[Accept-Language:[en-US] User-Agent:[colly - https://github.com/gocolly/colly]], Timestamp: 2024-11-23T12:51:13-05:00]
REQUEST: 2024/11/23 12:51:14 Finished processing site https://www.eventbrite.com/d/nj--trenton/all-events/?page=4 [Status: 200, Length: 800073 bytes, Timestamp: 2024-11-23T12:51:14-05:00]
REQUEST: 2024/11/23 12:51:14 Requesting https://www.eventbrite.com/d/nj--clifton/all-events/?page=1 [Method: GET, Headers: &map[Accept-Language:[en-US] User-Agent:[colly - https://github.com/gocolly/colly]], Timestamp: 2024-11-23T12:51:14-05:00]
REQUEST: 2024/11/23 12:51:15 Finished processing site https://www.eventbrite.com/d/nj--clifton/all-events/?page=1 [Status: 200, Length: 801945 bytes, Timestamp: 2024-11-23T12:51:15-05:00]
REQUEST: 2024/11/23 12:51:15 Requesting https://www.eventbrite.com/d/nj--clifton/all-events/?page=2 [Method: GET, Headers: &map[Accept-Language:[en-US] User-Agent:[colly - https://github.com/gocolly/colly]], Timestamp: 2024-11-23T12:51:15-05:00]
REQUEST: 2024/11/23 13:01:51 Requesting https://www.eventbrite.com/d/nj--piscataway/all-events/ [Method: GET, Headers: &map[Accept-Language:[en-US] User-Agent:[colly - https://github.com/gocolly/colly]], Timestamp: 2024-11-23T13:01:51-05:00]
REQUEST: 2024/11/23 13:01:53 Finished processing site https://www.eventbrite.com/d/nj--piscataway/all-events/ [Status: 200, Length: 797678 bytes, Timestamp: 2024-11-23T13:01:53-05:00]
REQUEST: 2024/11/23 13:02:07 Requesting https://www.eventbrite.com/d/nj--piscataway/all-events/ [Method: GET, Headers: &map[Accept-Language:[en-US] User-Agent:[colly - https://github.com/gocolly/colly]], Timestamp: 2024-11-23T13:02:07-05:00]
REQUEST: 2024/11/23 13:02:08 Finished processing site https://www.eventbrite.com/d/nj--piscataway/all-events/ [Status: 200, Length: 797682 bytes, Timestamp: 2024-11-23T13:02:08-05:00]
REQUEST: 2024/11/23 13:02:26 Requesting https://www.eventbrite.com/d/nj--piscataway/all-events/ [Method: GET, Headers: &map[Accept-Language:[en-US] User-Agent:[colly - https://github.com/gocolly/colly]], Timestamp: 2024-11-23T13:02:26-05:00]
REQUEST: 2024/11/23 13:02:26 Finished processing site https://www.eventbrite.com/d/nj--piscataway/all-events/ [Status: 200, Length: 797678 bytes, Timestamp: 2024-11-23T13:02:26-05:00]
REQUEST: 2024/11/23 13:03:35 Requesting https://www.eventbrite.com/d/nj--piscataway/all-events/ [Method: GET, Headers: &map[Accept-Language:[en-US] User-Agent:[colly - https://github.com/gocolly/colly]], Timestamp: 2024-11-23T13:03:35-05:00]
REQUEST: 2024/11/23 13:03:36 Finished processing site https://www.eventbrite.com/d/nj--piscataway/all-events/ [Status: 200, Length: 797682 bytes, Timestamp: 2024-11-23T13:03:36-05:00]
REQUEST: 2024/11/23 14:58:21 Requesting https://www.eventbrite.com/d/nj--piscataway/all-events/ [Method: GET, Headers: &map[Accept-Language:[en-US] User-Agent:[colly - https://github.com/gocolly/colly]], Timestamp: 2024-11-23T14:58:21-05:00]
REQUEST: 2024/11/23 14:58:23 Finished processing site https://www.eventbrite.com/d/nj--piscataway/all-events/ [Status: 200, Length: 797682 bytes, Timestamp: 2024-11-23T14:58:23-05:00]
REQUEST: 2024/11/23 14:58:23 Requesting https://www.eventbrite.com/d/nj--newark/all-events/?page=1 [Method: GET, Headers: &map[Accept-Language:[en-US] User-Agent:[colly - https://github.com/gocolly/colly]], Timestamp: 2024-11-23T14:58:23-05:00]
REQUEST: 2024/11/23 14:58:24 Finished processing site https://www.eventbrite.com/d/nj--newark/all-events/?page=1 [Status: 200, Length: 798899 bytes, Timestamp: 2024-11-23T14:58:24-05:00]
REQUEST: 2024/11/23 14:58:24 Requesting https://www.eventbrite.com/d/nj--newark/all-events/?page=2 [Method: GET, Headers: &map[Accept-Language:[en-US] User-Agent:[colly - https://github.com/gocolly/colly]], Timestamp: 2024-11-23T14:58:24-05:00]
REQUEST: 2024/11/23 14:58:25 Finished processing site https://www.eventbrite.com/d/nj--newark/all-events/?page=2 [Status: 200, Length: 792184 bytes, Timestamp: 2024-11-23T14:58:25-05:00]
REQUEST: 2024/11/23 14:58:25 Requesting https://www.eventbrite.com/d/nj--newark/all-events/?page=3 [Method: GET, Headers: &map[Accept-Language:[en-US] User-Agent:[colly - https://github.com/gocolly/colly]], Timestamp: 2024-11-23T14:58:25-05:00]
REQUEST: 2024/11/23 14:58:26 Finished processing site https://www.eventbrite.com/d/nj--newark/all-events/?page=3 [Status: 200, Length: 791214 bytes, Timestamp: 2024-11-23T14:58:26-05:00]
REQUEST: 2024/11/23 14:58:26 Requesting https://www.eventbrite.com/d/nj--newark/all-events/?page=4 [Method: GET, Headers: &map[Accept-Language:[en-US] User-Agent:[colly - https://github.com/gocolly/colly]], Timestamp: 2024-11-23T14:58:26-05:00]
REQUEST: 2024/11/23 14:58:28 Finished processing site https://www.eventbrite.com/d/nj--newark/all-events/?page=4 [Status: 200, Length: 790218 bytes, Timestamp: 2024-11-23T14:58:28-05:00]
REQUEST: 2024/11/23 14:58:28 Requesting https://www.eventbrite.com/d/nj--jersey%20city/all-events/?page=1 [Method: GET, Headers: &map[Accept-Language:[en-US] User-Agent:[colly - https://github.com/gocolly/colly]], Timestamp: 2024-11-23T14:58:28-05:00]
REQUEST: 2024/11/23 14:58:29 Finished processing site https://www.eventbrite.com/d/nj--jersey-city/all-events/?page=1 [Status: 200, Length: 812748 bytes, Timestamp: 2024-11-23T14:58:29-05:00]
REQUEST: 2024/11/23 14:58:29 Requesting https://www.eventbrite.com/d/nj--jersey%20city/all-events/?page=2 [Method: GET, Headers: &map[Accept-Language:[en-US] User-Agent:[colly - https://github.com/gocolly/colly]], Timestamp: 2024-11-23T14:58:29-05:00]
REQUEST: 2024/11/23 14:58:30 Finished processing site https://www.eventbrite.com/d/nj--jersey-city/all-events/?page=2 [Status: 200, Length: 782764 bytes, Timestamp: 2024-11-23T14:58:30-05:00]
REQUEST: 2024/11/23 14:58:30 Requesting https://www.eventbrite.com/d/nj--jersey%20city/all-events/?page=3 [Method: GET, Headers: &map[Accept-Language:[en-US] User-Agent:[colly - https://github.com/gocolly/colly]], Timestamp: 2024-11-23T14:58:30-05:00]
REQUEST: 2024/11/23 14:58:32 Finished processing site https://www.eventbrite.com/d/nj--jersey-city/all-events/?page=3 [Status: 200, Length: 792123 bytes, Timestamp: 2024-11-23T14:58:32-05:00]
REQUEST: 2024/11/23 14:58:32 Requesting https://www.eventbrite.com/d/nj--jersey%20city/all-events/?page=4 [Method: GET, Headers: &map[Accept-Language:[en-US] User-Agent:[colly - https://github.com/gocolly/colly]], Timestamp: 2024-11-23T14:58:32-05:00]
REQUEST: 2024/11/23 14:58:33 Finished processing site https://www.eventbrite.com/d/nj--jersey-city/all-events/?page=4 [Status: 200, Length: 787119 bytes, Timestamp: 2024-11-23T14:58:33-05:00]
REQUEST: 2024/11/23 14:58:33 Requesting https://www.eventbrite.com/d/nj--paterson/all-events/?page=1 [Method: GET, Headers: &map[Accept-Language:[en-US] User-Agent:[colly - https://github.com/gocolly/colly]], Timestamp: 2024-11-23T14:58:33-05:00]
REQUEST: 2024/11/23 14:58:34 Finished processing site https://www.eventbrite.com/d/nj--paterson/all-events/?page=1 [Status: 200, Length: 806562 bytes, Timestamp: 2024-11-23T14:58:34-05:00]
REQUEST: 2024/11/23 14:58:34 Requesting https://www.eventbrite.com/d/nj--paterson/all-events/?page=2 [Method: GET, Headers: &map[Accept-Language:[en-US] User-Agent:[colly - https://github.com/gocolly/colly]], Timestamp: 2024-11-23T14:58:34-05:00]
REQUEST: 2024/11/23 14:58:36 Finished processing site https://www.eventbrite.com/d/nj--paterson/all-events/?page=2 [Status: 200, Length: 789317 bytes, Timestamp: 2024-11-23T14:58:36-05:00]
REQUEST: 2024/11/23 14:58:36 Requesting https://www.eventbrite.com/d/nj--paterson/all-events/?page=3 [Method: GET, Headers: &map[Accept-Language:[en-US] User-Agent:[colly - https://github.com/gocolly/colly]], Timestamp: 2024-11-23T14:58:36-05:00]
REQUEST: 2024/11/23 14:58:37 Finished processing site https://www.eventbrite.com/d/nj--paterson/all-events/?page=3 [Status: 200, Length: 791350 bytes, Timestamp: 2024-11-23T14:58:37-05:00]
REQUEST: 2024/11/23 14:58:37 Requesting https://www.eventbrite.com/d/nj--paterson/all-events/?page=4 [Method: GET, Headers: &map[Accept-Language:[en-US] User-Agent:[colly - https://github.com/gocolly/colly]], Timestamp: 2024-11-23T14:58:37-05:00]
REQUEST: 2024/11/23 14:58:38 Finished processing site https://www.eventbrite.com/d/nj--paterson/all-events/?page=4 [Status: 200, Length: 791112 bytes, Timestamp: 2024-11-23T14:58:38-05:00]
REQUEST: 2024/11/23 14:58:38 Requesting https://www.eventbrite.com/d/nj--elizabeth/all-events/?page=1 [Method: GET, Headers: &map[Accept-Language:[en-US] User-Agent:[colly - https://github.com/gocolly/colly]], Timestamp: 2024-11-23T14:58:38-05:00]
REQUEST: 2024/11/23 14:58:40 Finished processing site https://www.eventbrite.com/d/nj--elizabeth/all-events/?page=1 [Status: 200, Length: 801663 bytes, Timestamp: 2024-11-23T14:58:40-05:00]
REQUEST: 2024/11/23 14:58:40 Requesting https://www.eventbrite.com/d/nj--elizabeth/all-events/?page=2 [Method: GET, Headers: &map[Accept-Language:[en-US] User-Agent:[colly - https://github.com/gocolly/colly]], Timestamp: 2024-11-23T14:58:40-05:00]
REQUEST: 2024/11/23 14:58:41 Finished processing site https://www.eventbrite.com/d/nj--elizabeth/all-events/?page=2 [Status: 200, Length: 785774 bytes, Timestamp: 2024-11-23T14:58:41-05:00]
REQUEST: 2024/11/23 14:58:41 Requesting https://www.eventbrite.com/d/nj--elizabeth/all-events/?page=3 [Method: GET, Headers: &map[Accept-Language:[en-US] User-Agent:[colly - https://github.com/gocolly/colly]], Timestamp: 2024-11-23T14:58:41-05:00]
REQUEST: 2024/11/23 14:58:42 Finished processing site https://www.eventbrite.com/d/nj--elizabeth/all-events/?page=3 [Status: 200, Length: 796437 bytes, Timestamp: 2024-11-23T14:58:42-05:00]
REQUEST: 2024/11/23 14:58:42 Requesting https://www.eventbrite.com/d/nj--elizabeth/all-events/?page=4 [Method: GET, Headers: &map[Accept-Language:[en-US] User-Agent:[colly - https://github.com/gocolly/colly]], Timestamp: 2024-11-23T14:58:42-05:00]
REQUEST: 2024/11/23 14:58:43 Finished processing site https://www.eventbrite.com/d/nj--elizabeth/all-events/?page=4 [Status: 200, Length: 784603 bytes, Timestamp: 2024-11-23T14:58:43-05:00]
REQUEST: 2024/11/23 14:58:43 Requesting https://www.eventbrite.com/d/nj--edison/all-events/?page=1 [Method: GET, Headers: &map[Accept-Language:[en-US] User-Agent:[colly - https://github.com/gocolly/colly]], Timestamp: 2024-11-23T14:58:43-05:00]
REQUEST: 2024/11/23 14:58:45 Finished processing site https://www.eventbrite.com/d/nj--edison/all-events/?page=1 [Status: 200, Length: 797487 bytes, Timestamp: 2024-11-23T14:58:45-05:00]
REQUEST: 2024/11/23 14:58:45 Requesting https://www.eventbrite.com/d/nj--edison/all-events/?page=2 [Method: GET, Headers: &map[Accept-Language:[en-US] User-Agent:[colly - https://github.com/gocolly/colly]], Timestamp: 2024-11-23T14:58:45-05:00]
REQUEST: 2024/11/23 14:58:46 Finished processing site https://www.eventbrite.com/d/nj--edison/all-events/?page=2 [Status: 200, Length: 784900 bytes, Timestamp: 2024-11-23T14:58:46-05:00]
REQUEST: 2024/11/23 14:58:46 Requesting https://www.eventbrite.com/d/nj--edison/all-events/?page=3 [Method: GET, Headers: &map[Accept-Language:[en-US] User-Agent:[colly - https://github.com/gocolly/colly]], Timestamp: 2024-11-23T14:58:46-05:00]
REQUEST: 2024/11/23 14:58:47 Finished processing site https://www.eventbrite.com/d/nj--edison/all-events/?page=3 [Status: 200, Length: 786745 bytes, Timestamp: 2024-11-23T14:58:47-05:00]
REQUEST: 2024/11/23 14:58:47 Requesting https://www.eventbrite.com/d/nj--edison/all-events/?page=4 [Method: GET, Headers: &map[Accept-Language:[en-US] User-Agent:[colly - https://github.com/gocolly/colly]], Timestamp: 2024-11-23T14:58:47-05:00]
REQUEST: 2024/11/23 14:58:49 Finished processing site https://www.eventbrite.com/d/nj--edison/all-events/?page=4 [Status: 200, Length: 785108 bytes, Timestamp: 2024-11-23T14:58:49-05:00]
REQUEST: 2024/11/23 14:58:49 Requesting https://www.eventbrite.com/d/nj--woodbridge/all-events/?page=1 [Method: GET, Headers: &map[Accept-Language:[en-US] User-Agent:[colly - https://github.com/gocolly/colly]], Timestamp: 2024-11-23T14:58:49-05:00]
REQUEST: 2024/11/23 15:04:39 Requesting https://www.eventbrite.com/d/nj--piscataway/all-events/ [Method: GET, Headers: &map[Accept-Language:[en-US] User-Agent:[colly - https://github.com/gocolly/colly]], Timestamp: 2024-11-23T15:04:39-05:00]
REQUEST: 2024/11/23 15:04:41 Finished processing site https://www.eventbrite.com/d/nj--piscataway/all-events/ [Status: 200, Length: 909569 bytes, Timestamp: 2024-11-23T15:04:41-05:00]
REQUEST: 2024/11/23 15:04:41 Requesting https://www.eventbrite.com/e/louie-devito-chris-michaels-tickets-1028893587417?aff=ebdssbdestsearch [Method: GET, Headers: &map[Accept-Language:[en-US] User-Agent:[colly - https://github.com/gocolly/colly]], Timestamp: 2024-11-23T15:04:41-05:00]
REQUEST: 2024/11/23 15:04:41 Requesting https://www.eventbrite.com/d/nj--newark/all-events/?page=1 [Method: GET, Headers: &map[Accept-Language:[en-US] User-Agent:[colly - https://github.com/gocolly/colly]], Timestamp: 2024-11-23T15:04:41-05:00]
REQUEST: 2024/11/23 15:04:42 Finished processing site https://www.eventbrite.com/e/louie-devito-chris-michaels-tickets-1028893587417?aff=ebdssbdestsearch [Status: 200, Length: 156091 bytes, Timestamp: 2024-11-23T15:04:42-05:00]
REQUEST: 2024/11/23 15:04:42 Finished processing site https://www.eventbrite.com/d/nj--newark/all-events/?page=1 [Status: 200, Length: 910248 bytes, Timestamp: 2024-11-23T15:04:42-05:00]
REQUEST: 2024/11/23 15:04:43 Requesting https://www.eventbrite.com/e/better-together-in-service-faith-an-interfaith-prayer-breakfast-tickets-1014924465397?aff=ebdssbdestsearch [Method: GET, Headers: &map[Accept-Language:[en-US] User-Agent:[colly - https://github.com/gocolly/colly]], Timestamp: 2024-11-23T15:04:43-05:00]
REQUEST: 2024/11/23 15:04:44 Finished processing site https://www.eventbrite.com/e/better-together-in-service-faith-an-interfaith-prayer-breakfast-tickets-1014924465397?aff=ebdssbdestsearch [Status: 200, Length: 151434 bytes, Timestamp: 2024-11-23T15:04:44-05:00]
REQUEST: 2024/11/23 15:04:45 Requesting https://www.eventbrite.com/e/thanksgiving-eve-bash-tickets-1073533029189?aff=ebdssbdestsearch [Method: GET, Headers: &map[Accept-Language:[en-US] User-Agent:[colly - https://github.com/gocolly/colly]], Timestamp: 2024-11-23T15:04:45-05:00]
REQUEST: 2024/11/23 15:04:46 Finished processing site https://www.eventbrite.com/e/thanksgiving-eve-bash-tickets-1073533029189?aff=ebdssbdestsearch [Status: 200, Length: 167267 bytes, Timestamp: 2024-11-23T15:04:46-05:00]
REQUEST: 2024/11/23 15:04:47 Requesting https://www.eventbrite.com/e/a-celtic-christmas-by-a-taste-of-ireland-tickets-1060048877729?aff=ebdssbdestsearch [Method: GET, Headers: &map[Accept-Language:[en-US] User-Agent:[colly - https://github.com/gocolly/colly]], Timestamp: 2024-11-23T15:04:47-05:00]
REQUEST: 2024/11/23 15:04:48 Finished processing site https://www.eventbrite.com/e/a-celtic-christmas-by-a-taste-of-ireland-tickets-1060048877729?aff=ebdssbdestsearch [Status: 200, Length: 167578 bytes, Timestamp: 2024-11-23T15:04:48-05:00]
REQUEST: 2024/11/23 15:04:49 Requesting https://www.eventbrite.com/e/shaukat-khanum-fundraising-gala-dinner-in-new-jersey-usa-tickets-974232314077?aff=ebdssbdestsearch [Method: GET, Headers: &map[Accept-Language:[en-US] User-Agent:[colly - https://github.com/gocolly/colly]], Timestamp: 2024-11-23T15:04:49-05:00]
REQUEST: 2024/11/23 15:04:50 Finished processing site https://www.eventbrite.com/e/shaukat-khanum-fundraising-gala-dinner-in-new-jersey-usa-tickets-974232314077?aff=ebdssbdestsearch [Status: 200, Length: 161490 bytes, Timestamp: 2024-11-23T15:04:50-05:00]
REQUEST: 2024/11/23 15:04:51 Requesting https://www.eventbrite.com/e/imperfectly-civil-history-of-politics-and-civics-in-new-jersey-tickets-995337670767?aff=ebdssbdestsearch [Method: GET, Headers: &map[Accept-Language:[en-US] User-Agent:[colly - https://github.com/gocolly/colly]], Timestamp: 2024-11-23T15:04:51-05:00]
REQUEST: 2024/11/23 15:04:52 Finished processing site https://www.eventbrite.com/e/imperfectly-civil-history-of-politics-and-civics-in-new-jersey-tickets-995337670767?aff=ebdssbdestsearch [Status: 200, Length: 186911 bytes, Timestamp: 2024-11-23T15:04:52-05:00]
REQUEST: 2024/11/23 15:04:53 Requesting https://www.eventbrite.com/e/ispe-nj-chapter-holiday-party-student-chapter-benefit-tickets-1038944700567?aff=ebdssbdestsearch [Method: GET, Headers: &map[Accept-Language:[en-US] User-Agent:[colly - https://github.com/gocolly/colly]], Timestamp: 2024-11-23T15:04:53-05:00]
